{"/home/r4ting/final_project/app/src/main.ts": {"path":"/home/r4ting/final_project/app/src/main.ts","statementMap":{"0":{"start":{"line":8,"column":0},"end":{"line":8,"column":7}},"1":{"start":{"line":1,"column":0},"end":{"line":1,"column":43}},"2":{"start":{"line":2,"column":0},"end":{"line":2,"column":49}},"3":{"start":{"line":3,"column":0},"end":{"line":3,"column":47}},"4":{"start":{"line":4,"column":0},"end":{"line":4,"column":43}},"5":{"start":{"line":5,"column":0},"end":{"line":5,"column":37}},"6":{"start":{"line":9,"column":16},"end":{"line":9,"column":51}},"7":{"start":{"line":10,"column":4},"end":{"line":10,"column":21}},"8":{"start":{"line":11,"column":4},"end":{"line":15,"column":8}},"9":{"start":{"line":17,"column":4},"end":{"line":17,"column":35}},"10":{"start":{"line":18,"column":4},"end":{"line":18,"column":32}},"11":{"start":{"line":19,"column":26},"end":{"line":19,"column":48}},"12":{"start":{"line":20,"column":17},"end":{"line":20,"column":63}},"13":{"start":{"line":21,"column":4},"end":{"line":21,"column":27}},"14":{"start":{"line":23,"column":0},"end":{"line":23,"column":12}}},"fnMap":{"0":{"name":"bootstrap","decl":{"start":{"line":8,"column":22},"end":{"line":8,"column":31}},"loc":{"start":{"line":8,"column":31},"end":{"line":22,"column":1}}}},"branchMap":{"0":{"loc":{"start":{"line":20,"column":17},"end":{"line":20,"column":63}},"type":"binary-expr","locations":[{"start":{"line":20,"column":17},"end":{"line":20,"column":55}},{"start":{"line":20,"column":59},"end":{"line":20,"column":63}}]}},"s":{"0":1,"1":1,"2":1,"3":1,"4":1,"5":1,"6":4,"7":4,"8":4,"9":4,"10":4,"11":4,"12":4,"13":4,"14":1},"f":{"0":4},"b":{"0":[4,2]}}
,"/home/r4ting/final_project/app/src/config/multer.config.ts": {"path":"/home/r4ting/final_project/app/src/config/multer.config.ts","statementMap":{"0":{"start":{"line":1,"column":0},"end":{"line":1,"column":37}},"1":{"start":{"line":2,"column":0},"end":{"line":2,"column":31}},"2":{"start":{"line":5,"column":0},"end":{"line":5,"column":31}},"3":{"start":{"line":7,"column":13},"end":{"line":21,"column":2}},"4":{"start":{"line":11,"column":31},"end":{"line":14,"column":25}},"5":{"start":{"line":13,"column":27},"end":{"line":13,"column":72}},"6":{"start":{"line":15,"column":12},"end":{"line":15,"column":67}}},"fnMap":{"0":{"name":"(anonymous_0)","decl":{"start":{"line":10,"column":18},"end":{"line":10,"column":19}},"loc":{"start":{"line":10,"column":45},"end":{"line":16,"column":9}}},"1":{"name":"(anonymous_1)","decl":{"start":{"line":13,"column":21},"end":{"line":13,"column":24}},"loc":{"start":{"line":13,"column":27},"end":{"line":13,"column":72}}}},"branchMap":{},"s":{"0":4,"1":4,"2":4,"3":4,"4":1,"5":32,"6":1},"f":{"0":1,"1":32},"b":{}}
,"/home/r4ting/final_project/app/src/decorators/roles.decorator.ts": {"path":"/home/r4ting/final_project/app/src/decorators/roles.decorator.ts","statementMap":{"0":{"start":{"line":1,"column":0},"end":{"line":1,"column":45}},"1":{"start":{"line":3,"column":21},"end":{"line":3,"column":72}},"2":{"start":{"line":3,"column":45},"end":{"line":3,"column":72}},"3":{"start":{"line":3,"column":13},"end":{"line":3,"column":21}}},"fnMap":{"0":{"name":"(anonymous_0)","decl":{"start":{"line":3,"column":21},"end":{"line":3,"column":22}},"loc":{"start":{"line":3,"column":45},"end":{"line":3,"column":72}}}},"branchMap":{},"s":{"0":13,"1":13,"2":56,"3":13},"f":{"0":56},"b":{}}
,"/home/r4ting/final_project/app/src/guards/roles-guard.ts": {"path":"/home/r4ting/final_project/app/src/guards/roles-guard.ts","statementMap":{"0":{"start":{"line":1,"column":0},"end":{"line":1,"column":118}},"1":{"start":{"line":2,"column":0},"end":{"line":2,"column":41}},"2":{"start":{"line":5,"column":7},"end":{"line":31,"column":2}},"3":{"start":{"line":6,"column":33},"end":{"line":6,"column":44}},"4":{"start":{"line":9,"column":22},"end":{"line":9,"column":81}},"5":{"start":{"line":10,"column":8},"end":{"line":12,"column":9}},"6":{"start":{"line":11,"column":12},"end":{"line":11,"column":24}},"7":{"start":{"line":14,"column":24},"end":{"line":14,"column":59}},"8":{"start":{"line":15,"column":21},"end":{"line":15,"column":33}},"9":{"start":{"line":17,"column":8},"end":{"line":19,"column":9}},"10":{"start":{"line":18,"column":12},"end":{"line":18,"column":78}},"11":{"start":{"line":21,"column":8},"end":{"line":23,"column":9}},"12":{"start":{"line":22,"column":12},"end":{"line":22,"column":79}},"13":{"start":{"line":25,"column":8},"end":{"line":25,"column":20}},"14":{"start":{"line":29,"column":8},"end":{"line":29,"column":60}},"15":{"start":{"line":29,"column":34},"end":{"line":29,"column":58}},"16":{"start":{"line":5,"column":13},"end":{"line":5,"column":22}},"17":{"start":{"line":5,"column":13},"end":{"line":31,"column":2}}},"fnMap":{"0":{"name":"(anonymous_2)","decl":{"start":{"line":6,"column":4},"end":{"line":6,"column":33}},"loc":{"start":{"line":6,"column":53},"end":{"line":6,"column":57}}},"1":{"name":"(anonymous_3)","decl":{"start":{"line":8,"column":4},"end":{"line":8,"column":15}},"loc":{"start":{"line":8,"column":41},"end":{"line":26,"column":5}}},"2":{"name":"(anonymous_4)","decl":{"start":{"line":28,"column":4},"end":{"line":28,"column":14}},"loc":{"start":{"line":28,"column":51},"end":{"line":30,"column":5}}},"3":{"name":"(anonymous_5)","decl":{"start":{"line":29,"column":26},"end":{"line":29,"column":30}},"loc":{"start":{"line":29,"column":34},"end":{"line":29,"column":58}}}},"branchMap":{"0":{"loc":{"start":{"line":10,"column":8},"end":{"line":12,"column":9}},"type":"if","locations":[{"start":{"line":10,"column":8},"end":{"line":12,"column":9}}]},"1":{"loc":{"start":{"line":10,"column":12},"end":{"line":10,"column":40}},"type":"binary-expr","locations":[{"start":{"line":10,"column":12},"end":{"line":10,"column":18}},{"start":{"line":10,"column":22},"end":{"line":10,"column":40}}]},"2":{"loc":{"start":{"line":17,"column":8},"end":{"line":19,"column":9}},"type":"if","locations":[{"start":{"line":17,"column":8},"end":{"line":19,"column":9}}]},"3":{"loc":{"start":{"line":21,"column":8},"end":{"line":23,"column":9}},"type":"if","locations":[{"start":{"line":21,"column":8},"end":{"line":23,"column":9}}]}},"s":{"0":14,"1":14,"2":14,"3":38,"4":5,"5":5,"6":1,"7":4,"8":4,"9":4,"10":1,"11":3,"12":1,"13":2,"14":3,"15":3,"16":14,"17":14},"f":{"0":38,"1":5,"2":3,"3":3},"b":{"0":[1],"1":[5,4],"2":[1],"3":[1]}}
,"/home/r4ting/final_project/app/src/local.strategy/local.strategy.ts": {"path":"/home/r4ting/final_project/app/src/local.strategy/local.strategy.ts","statementMap":{"0":{"start":{"line":1,"column":0},"end":{"line":1,"column":67}},"1":{"start":{"line":2,"column":0},"end":{"line":2,"column":59}},"2":{"start":{"line":3,"column":0},"end":{"line":3,"column":52}},"3":{"start":{"line":4,"column":0},"end":{"line":4,"column":42}},"4":{"start":{"line":7,"column":7},"end":{"line":21,"column":2}},"5":{"start":{"line":11,"column":8},"end":{"line":11,"column":42}},"6":{"start":{"line":9,"column":25},"end":{"line":9,"column":38}},"7":{"start":{"line":15,"column":21},"end":{"line":15,"column":73}},"8":{"start":{"line":16,"column":8},"end":{"line":18,"column":9}},"9":{"start":{"line":17,"column":12},"end":{"line":17,"column":46}},"10":{"start":{"line":19,"column":8},"end":{"line":19,"column":20}},"11":{"start":{"line":7,"column":13},"end":{"line":7,"column":26}},"12":{"start":{"line":7,"column":13},"end":{"line":21,"column":2}}},"fnMap":{"0":{"name":"(anonymous_2)","decl":{"start":{"line":8,"column":4},"end":{"line":8,"column":null}},"loc":{"start":{"line":9,"column":49},"end":{"line":12,"column":5}}},"1":{"name":"(anonymous_3)","decl":{"start":{"line":14,"column":4},"end":{"line":14,"column":9}},"loc":{"start":{"line":14,"column":50},"end":{"line":20,"column":5}}}},"branchMap":{"0":{"loc":{"start":{"line":16,"column":8},"end":{"line":18,"column":9}},"type":"if","locations":[{"start":{"line":16,"column":8},"end":{"line":18,"column":9}}]}},"s":{"0":3,"1":3,"2":3,"3":3,"4":3,"5":3,"6":3,"7":2,"8":2,"9":1,"10":1,"11":3,"12":3},"f":{"0":3,"1":2},"b":{"0":[1]}}
,"/home/r4ting/final_project/app/src/local.strategy/session.serializer.ts": {"path":"/home/r4ting/final_project/app/src/local.strategy/session.serializer.ts","statementMap":{"0":{"start":{"line":1,"column":0},"end":{"line":1,"column":44}},"1":{"start":{"line":2,"column":0},"end":{"line":2,"column":54}},"2":{"start":{"line":5,"column":7},"end":{"line":13,"column":2}},"3":{"start":{"line":7,"column":8},"end":{"line":7,"column":25}},"4":{"start":{"line":11,"column":8},"end":{"line":11,"column":28}},"5":{"start":{"line":5,"column":13},"end":{"line":5,"column":30}},"6":{"start":{"line":5,"column":13},"end":{"line":13,"column":2}}},"fnMap":{"0":{"name":"(anonymous_1)","decl":{"start":{"line":6,"column":4},"end":{"line":6,"column":17}},"loc":{"start":{"line":6,"column":64},"end":{"line":8,"column":5}}},"1":{"name":"(anonymous_2)","decl":{"start":{"line":10,"column":4},"end":{"line":10,"column":19}},"loc":{"start":{"line":10,"column":72},"end":{"line":12,"column":5}}}},"branchMap":{},"s":{"0":3,"1":3,"2":3,"3":1,"4":1,"5":3,"6":3},"f":{"0":1,"1":1},"b":{}}
,"/home/r4ting/final_project/app/src/modules/app.controller.ts": {"path":"/home/r4ting/final_project/app/src/modules/app.controller.ts","statementMap":{"0":{"start":{"line":1,"column":0},"end":{"line":1,"column":49}},"1":{"start":{"line":4,"column":7},"end":{"line":9,"column":2}},"2":{"start":{"line":7,"column":8},"end":{"line":7,"column":null}},"3":{"start":{"line":4,"column":13},"end":{"line":4,"column":26}},"4":{"start":{"line":6,"column":10},"end":{"line":8,"column":6}},"5":{"start":{"line":4,"column":13},"end":{"line":9,"column":2}}},"fnMap":{"0":{"name":"(anonymous_2)","decl":{"start":{"line":6,"column":4},"end":{"line":6,"column":9}},"loc":{"start":{"line":6,"column":18},"end":{"line":8,"column":5}}}},"branchMap":{},"s":{"0":1,"1":1,"2":0,"3":1,"4":1,"5":1},"f":{"0":0},"b":{}}
,"/home/r4ting/final_project/app/src/modules/app.module.ts": {"path":"/home/r4ting/final_project/app/src/modules/app.module.ts","statementMap":{"0":{"start":{"line":1,"column":0},"end":{"line":1,"column":40}},"1":{"start":{"line":2,"column":0},"end":{"line":2,"column":51}},"2":{"start":{"line":3,"column":0},"end":{"line":3,"column":51}},"3":{"start":{"line":4,"column":0},"end":{"line":4,"column":69}},"4":{"start":{"line":5,"column":0},"end":{"line":5,"column":50}},"5":{"start":{"line":6,"column":0},"end":{"line":6,"column":57}},"6":{"start":{"line":7,"column":0},"end":{"line":7,"column":46}},"7":{"start":{"line":8,"column":0},"end":{"line":8,"column":48}},"8":{"start":{"line":9,"column":0},"end":{"line":9,"column":31}},"9":{"start":{"line":10,"column":0},"end":{"line":10,"column":49}},"10":{"start":{"line":27,"column":7},"end":{"line":27,"column":26}},"11":{"start":{"line":27,"column":13},"end":{"line":27,"column":22}},"12":{"start":{"line":27,"column":13},"end":{"line":27,"column":26}}},"fnMap":{},"branchMap":{},"s":{"0":1,"1":1,"2":1,"3":1,"4":1,"5":1,"6":1,"7":1,"8":1,"9":1,"10":1,"11":1,"12":1},"f":{},"b":{}}
,"/home/r4ting/final_project/app/src/modules/auth/auth.controller.ts": {"path":"/home/r4ting/final_project/app/src/modules/auth/auth.controller.ts","statementMap":{"0":{"start":{"line":1,"column":0},"end":{"line":1,"column":121}},"1":{"start":{"line":2,"column":0},"end":{"line":2,"column":45}},"2":{"start":{"line":4,"column":0},"end":{"line":4,"column":54}},"3":{"start":{"line":7,"column":7},"end":{"line":71,"column":2}},"4":{"start":{"line":9,"column":25},"end":{"line":9,"column":39}},"5":{"start":{"line":15,"column":8},"end":{"line":21,"column":11}},"6":{"start":{"line":16,"column":12},"end":{"line":18,"column":13}},"7":{"start":{"line":17,"column":16},"end":{"line":17,"column":64}},"8":{"start":{"line":20,"column":12},"end":{"line":20,"column":45}},"9":{"start":{"line":22,"column":8},"end":{"line":26,"column":10}},"10":{"start":{"line":32,"column":8},"end":{"line":45,"column":9}},"11":{"start":{"line":33,"column":12},"end":{"line":40,"column":15}},"12":{"start":{"line":34,"column":16},"end":{"line":39,"column":19}},"13":{"start":{"line":35,"column":20},"end":{"line":37,"column":21}},"14":{"start":{"line":36,"column":24},"end":{"line":36,"column":36}},"15":{"start":{"line":38,"column":20},"end":{"line":38,"column":30}},"16":{"start":{"line":41,"column":12},"end":{"line":41,"column":43}},"17":{"start":{"line":42,"column":12},"end":{"line":42,"column":35}},"18":{"start":{"line":44,"column":12},"end":{"line":44,"column":73}},"19":{"start":{"line":52,"column":66},"end":{"line":52,"column":81}},"20":{"start":{"line":53,"column":21},"end":{"line":59,"column":10}},"21":{"start":{"line":60,"column":8},"end":{"line":69,"column":9}},"22":{"start":{"line":61,"column":28},"end":{"line":61,"column":68}},"23":{"start":{"line":62,"column":12},"end":{"line":66,"column":14}},"24":{"start":{"line":68,"column":12},"end":{"line":68,"column":65}},"25":{"start":{"line":7,"column":13},"end":{"line":7,"column":27}},"26":{"start":{"line":14,"column":10},"end":{"line":27,"column":6}},"27":{"start":{"line":31,"column":10},"end":{"line":46,"column":6}},"28":{"start":{"line":49,"column":10},"end":{"line":70,"column":6}},"29":{"start":{"line":7,"column":13},"end":{"line":71,"column":2}}},"fnMap":{"0":{"name":"(anonymous_4)","decl":{"start":{"line":8,"column":4},"end":{"line":8,"column":null}},"loc":{"start":{"line":9,"column":51},"end":{"line":10,"column":8}}},"1":{"name":"(anonymous_5)","decl":{"start":{"line":14,"column":4},"end":{"line":14,"column":9}},"loc":{"start":{"line":14,"column":31},"end":{"line":27,"column":5}}},"2":{"name":"(anonymous_6)","decl":{"start":{"line":15,"column":28},"end":{"line":15,"column":29}},"loc":{"start":{"line":15,"column":36},"end":{"line":21,"column":9}}},"3":{"name":"(anonymous_7)","decl":{"start":{"line":31,"column":4},"end":{"line":31,"column":9}},"loc":{"start":{"line":31,"column":49},"end":{"line":46,"column":5}}},"4":{"name":"(anonymous_8)","decl":{"start":{"line":33,"column":36},"end":{"line":33,"column":37}},"loc":{"start":{"line":33,"column":56},"end":{"line":40,"column":13}}},"5":{"name":"(anonymous_9)","decl":{"start":{"line":34,"column":27},"end":{"line":34,"column":28}},"loc":{"start":{"line":34,"column":42},"end":{"line":39,"column":17}}},"6":{"name":"(anonymous_10)","decl":{"start":{"line":49,"column":4},"end":{"line":49,"column":9}},"loc":{"start":{"line":50,"column":49},"end":{"line":70,"column":5}}}},"branchMap":{"0":{"loc":{"start":{"line":16,"column":12},"end":{"line":18,"column":13}},"type":"if","locations":[{"start":{"line":16,"column":12},"end":{"line":18,"column":13}}]},"1":{"loc":{"start":{"line":35,"column":20},"end":{"line":37,"column":21}},"type":"if","locations":[{"start":{"line":35,"column":20},"end":{"line":37,"column":21}}]},"2":{"loc":{"start":{"line":58,"column":18},"end":{"line":58,"column":34}},"type":"binary-expr","locations":[{"start":{"line":58,"column":18},"end":{"line":58,"column":22}},{"start":{"line":58,"column":26},"end":{"line":58,"column":34}}]}},"s":{"0":3,"1":3,"2":3,"3":3,"4":8,"5":2,"6":2,"7":1,"8":1,"9":1,"10":2,"11":2,"12":2,"13":2,"14":1,"15":2,"16":1,"17":1,"18":1,"19":3,"20":3,"21":3,"22":3,"23":2,"24":1,"25":3,"26":3,"27":3,"28":3,"29":3},"f":{"0":8,"1":2,"2":2,"3":2,"4":2,"5":2,"6":3},"b":{"0":[1],"1":[1],"2":[3,1]}}
,"/home/r4ting/final_project/app/src/modules/auth/auth.module.ts": {"path":"/home/r4ting/final_project/app/src/modules/auth/auth.module.ts","statementMap":{"0":{"start":{"line":1,"column":0},"end":{"line":1,"column":40}},"1":{"start":{"line":2,"column":0},"end":{"line":2,"column":45}},"2":{"start":{"line":3,"column":0},"end":{"line":3,"column":51}},"3":{"start":{"line":4,"column":0},"end":{"line":4,"column":52}},"4":{"start":{"line":5,"column":0},"end":{"line":5,"column":50}},"5":{"start":{"line":6,"column":0},"end":{"line":6,"column":68}},"6":{"start":{"line":7,"column":0},"end":{"line":7,"column":76}},"7":{"start":{"line":21,"column":7},"end":{"line":21,"column":27}},"8":{"start":{"line":21,"column":13},"end":{"line":21,"column":23}},"9":{"start":{"line":21,"column":13},"end":{"line":21,"column":27}}},"fnMap":{},"branchMap":{},"s":{"0":2,"1":2,"2":2,"3":2,"4":2,"5":2,"6":2,"7":2,"8":2,"9":2},"f":{},"b":{}}
,"/home/r4ting/final_project/app/src/modules/auth/auth.service.ts": {"path":"/home/r4ting/final_project/app/src/modules/auth/auth.service.ts","statementMap":{"0":{"start":{"line":1,"column":0},"end":{"line":1,"column":67}},"1":{"start":{"line":2,"column":0},"end":{"line":2,"column":54}},"2":{"start":{"line":3,"column":0},"end":{"line":3,"column":35}},"3":{"start":{"line":7,"column":7},"end":{"line":27,"column":2}},"4":{"start":{"line":8,"column":33},"end":{"line":8,"column":47}},"5":{"start":{"line":11,"column":26},"end":{"line":11,"column":68}},"6":{"start":{"line":13,"column":8},"end":{"line":15,"column":9}},"7":{"start":{"line":14,"column":12},"end":{"line":14,"column":68}},"8":{"start":{"line":17,"column":32},"end":{"line":17,"column":81}},"9":{"start":{"line":19,"column":8},"end":{"line":21,"column":9}},"10":{"start":{"line":20,"column":12},"end":{"line":20,"column":68}},"11":{"start":{"line":23,"column":54},"end":{"line":23,"column":58}},"12":{"start":{"line":25,"column":8},"end":{"line":25,"column":22}},"13":{"start":{"line":7,"column":13},"end":{"line":7,"column":24}},"14":{"start":{"line":7,"column":13},"end":{"line":27,"column":2}}},"fnMap":{"0":{"name":"(anonymous_2)","decl":{"start":{"line":8,"column":4},"end":{"line":8,"column":33}},"loc":{"start":{"line":8,"column":59},"end":{"line":8,"column":63}}},"1":{"name":"(anonymous_3)","decl":{"start":{"line":10,"column":4},"end":{"line":10,"column":9}},"loc":{"start":{"line":10,"column":54},"end":{"line":26,"column":5}}}},"branchMap":{"0":{"loc":{"start":{"line":13,"column":8},"end":{"line":15,"column":9}},"type":"if","locations":[{"start":{"line":13,"column":8},"end":{"line":15,"column":9}}]},"1":{"loc":{"start":{"line":19,"column":8},"end":{"line":21,"column":9}},"type":"if","locations":[{"start":{"line":19,"column":8},"end":{"line":21,"column":9}}]}},"s":{"0":4,"1":4,"2":4,"3":4,"4":4,"5":3,"6":3,"7":1,"8":2,"9":2,"10":1,"11":1,"12":1,"13":4,"14":4},"f":{"0":4,"1":3},"b":{"0":[1],"1":[1]}}
,"/home/r4ting/final_project/app/src/modules/hotel/hotel.module.ts": {"path":"/home/r4ting/final_project/app/src/modules/hotel/hotel.module.ts","statementMap":{"0":{"start":{"line":1,"column":0},"end":{"line":1,"column":40}},"1":{"start":{"line":2,"column":0},"end":{"line":2,"column":56}},"2":{"start":{"line":3,"column":0},"end":{"line":3,"column":74}},"3":{"start":{"line":4,"column":0},"end":{"line":4,"column":65}},"4":{"start":{"line":5,"column":0},"end":{"line":5,"column":50}},"5":{"start":{"line":6,"column":0},"end":{"line":6,"column":58}},"6":{"start":{"line":7,"column":0},"end":{"line":7,"column":71}},"7":{"start":{"line":8,"column":0},"end":{"line":8,"column":65}},"8":{"start":{"line":9,"column":0},"end":{"line":9,"column":46}},"9":{"start":{"line":23,"column":7},"end":{"line":23,"column":28}},"10":{"start":{"line":23,"column":13},"end":{"line":23,"column":24}},"11":{"start":{"line":23,"column":13},"end":{"line":23,"column":28}}},"fnMap":{},"branchMap":{},"s":{"0":2,"1":2,"2":2,"3":2,"4":2,"5":2,"6":2,"7":2,"8":2,"9":2,"10":2,"11":2},"f":{},"b":{}}
,"/home/r4ting/final_project/app/src/modules/hotel/controllers/hotel-room.controller.ts": {"path":"/home/r4ting/final_project/app/src/modules/hotel/controllers/hotel-room.controller.ts","statementMap":{"0":{"start":{"line":1,"column":0},"end":{"line":1,"column":190}},"1":{"start":{"line":2,"column":0},"end":{"line":2,"column":57}},"2":{"start":{"line":4,"column":0},"end":{"line":4,"column":60}},"3":{"start":{"line":5,"column":0},"end":{"line":5,"column":33}},"4":{"start":{"line":6,"column":0},"end":{"line":6,"column":65}},"5":{"start":{"line":7,"column":0},"end":{"line":7,"column":66}},"6":{"start":{"line":8,"column":0},"end":{"line":8,"column":61}},"7":{"start":{"line":9,"column":0},"end":{"line":9,"column":56}},"8":{"start":{"line":10,"column":0},"end":{"line":10,"column":45}},"9":{"start":{"line":14,"column":7},"end":{"line":115,"column":2}},"10":{"start":{"line":16,"column":25},"end":{"line":16,"column":39}},"11":{"start":{"line":17,"column":25},"end":{"line":17,"column":43}},"12":{"start":{"line":23,"column":8},"end":{"line":25,"column":9}},"13":{"start":{"line":24,"column":12},"end":{"line":24,"column":60}},"14":{"start":{"line":27,"column":22},"end":{"line":27,"column":65}},"15":{"start":{"line":29,"column":8},"end":{"line":33,"column":10}},"16":{"start":{"line":43,"column":23},"end":{"line":47,"column":10}},"17":{"start":{"line":49,"column":8},"end":{"line":53,"column":12}},"18":{"start":{"line":49,"column":51},"end":{"line":53,"column":10}},"19":{"start":{"line":62,"column":8},"end":{"line":64,"column":9}},"20":{"start":{"line":63,"column":12},"end":{"line":63,"column":60}},"21":{"start":{"line":66,"column":29},"end":{"line":66,"column":79}},"22":{"start":{"line":68,"column":8},"end":{"line":70,"column":9}},"23":{"start":{"line":69,"column":12},"end":{"line":69,"column":59}},"24":{"start":{"line":72,"column":8},"end":{"line":76,"column":10}},"25":{"start":{"line":89,"column":8},"end":{"line":91,"column":9}},"26":{"start":{"line":90,"column":12},"end":{"line":90,"column":64}},"27":{"start":{"line":93,"column":27},"end":{"line":93,"column":66}},"28":{"start":{"line":93,"column":52},"end":{"line":93,"column":65}},"29":{"start":{"line":95,"column":26},"end":{"line":100,"column":10}},"30":{"start":{"line":103,"column":8},"end":{"line":113,"column":10}},"31":{"start":{"line":14,"column":13},"end":{"line":14,"column":32}},"32":{"start":{"line":22,"column":10},"end":{"line":34,"column":6}},"33":{"start":{"line":38,"column":10},"end":{"line":54,"column":6}},"34":{"start":{"line":58,"column":10},"end":{"line":77,"column":6}},"35":{"start":{"line":85,"column":10},"end":{"line":114,"column":6}},"36":{"start":{"line":14,"column":13},"end":{"line":115,"column":2}}},"fnMap":{"0":{"name":"(anonymous_4)","decl":{"start":{"line":15,"column":4},"end":{"line":15,"column":null}},"loc":{"start":{"line":17,"column":59},"end":{"line":18,"column":8}}},"1":{"name":"(anonymous_5)","decl":{"start":{"line":22,"column":4},"end":{"line":22,"column":9}},"loc":{"start":{"line":22,"column":55},"end":{"line":34,"column":5}}},"2":{"name":"(anonymous_6)","decl":{"start":{"line":38,"column":4},"end":{"line":38,"column":9}},"loc":{"start":{"line":41,"column":42},"end":{"line":54,"column":5}}},"3":{"name":"(anonymous_7)","decl":{"start":{"line":49,"column":26},"end":{"line":49,"column":27}},"loc":{"start":{"line":49,"column":51},"end":{"line":53,"column":10}}},"4":{"name":"(anonymous_8)","decl":{"start":{"line":58,"column":4},"end":{"line":58,"column":9}},"loc":{"start":{"line":60,"column":49},"end":{"line":77,"column":5}}},"5":{"name":"(anonymous_9)","decl":{"start":{"line":85,"column":4},"end":{"line":85,"column":9}},"loc":{"start":{"line":87,"column":66},"end":{"line":114,"column":5}}},"6":{"name":"(anonymous_10)","decl":{"start":{"line":93,"column":44},"end":{"line":93,"column":48}},"loc":{"start":{"line":93,"column":52},"end":{"line":93,"column":65}}}},"branchMap":{"0":{"loc":{"start":{"line":23,"column":8},"end":{"line":25,"column":9}},"type":"if","locations":[{"start":{"line":23,"column":8},"end":{"line":25,"column":9}}]},"1":{"loc":{"start":{"line":39,"column":38},"end":{"line":39,"column":56}},"type":"default-arg","locations":[{"start":{"line":39,"column":54},"end":{"line":39,"column":56}}]},"2":{"loc":{"start":{"line":40,"column":39},"end":{"line":40,"column":57}},"type":"default-arg","locations":[{"start":{"line":40,"column":56},"end":{"line":40,"column":57}}]},"3":{"loc":{"start":{"line":41,"column":24},"end":{"line":41,"column":42}},"type":"default-arg","locations":[{"start":{"line":41,"column":40},"end":{"line":41,"column":42}}]},"4":{"loc":{"start":{"line":44,"column":19},"end":{"line":44,"column":44}},"type":"cond-expr","locations":[{"start":{"line":44,"column":34},"end":{"line":44,"column":36}},{"start":{"line":44,"column":39},"end":{"line":44,"column":44}}]},"5":{"loc":{"start":{"line":45,"column":20},"end":{"line":45,"column":46}},"type":"cond-expr","locations":[{"start":{"line":45,"column":36},"end":{"line":45,"column":37}},{"start":{"line":45,"column":40},"end":{"line":45,"column":46}}]},"6":{"loc":{"start":{"line":46,"column":19},"end":{"line":46,"column":30}},"type":"binary-expr","locations":[{"start":{"line":46,"column":19},"end":{"line":46,"column":24}},{"start":{"line":46,"column":28},"end":{"line":46,"column":30}}]},"7":{"loc":{"start":{"line":62,"column":8},"end":{"line":64,"column":9}},"type":"if","locations":[{"start":{"line":62,"column":8},"end":{"line":64,"column":9}}]},"8":{"loc":{"start":{"line":68,"column":8},"end":{"line":70,"column":9}},"type":"if","locations":[{"start":{"line":68,"column":8},"end":{"line":70,"column":9}}]},"9":{"loc":{"start":{"line":89,"column":8},"end":{"line":91,"column":9}},"type":"if","locations":[{"start":{"line":89,"column":8},"end":{"line":91,"column":9}}]},"10":{"loc":{"start":{"line":89,"column":12},"end":{"line":89,"column":54}},"type":"binary-expr","locations":[{"start":{"line":89,"column":12},"end":{"line":89,"column":25}},{"start":{"line":89,"column":29},"end":{"line":89,"column":54}}]}},"s":{"0":3,"1":3,"2":3,"3":3,"4":3,"5":3,"6":3,"7":3,"8":3,"9":3,"10":14,"11":14,"12":2,"13":1,"14":1,"15":1,"16":5,"17":5,"18":7,"19":3,"20":1,"21":2,"22":2,"23":1,"24":1,"25":2,"26":1,"27":1,"28":1,"29":1,"30":1,"31":3,"32":3,"33":3,"34":3,"35":3,"36":3},"f":{"0":14,"1":2,"2":5,"3":7,"4":3,"5":2,"6":1},"b":{"0":[1],"1":[1],"2":[3],"3":[4],"4":[3,2],"5":[1,4],"6":[5,4],"7":[1],"8":[1],"9":[1],"10":[2,2]}}
,"/home/r4ting/final_project/app/src/modules/hotel/controllers/hotel.controller.ts": {"path":"/home/r4ting/final_project/app/src/modules/hotel/controllers/hotel.controller.ts","statementMap":{"0":{"start":{"line":1,"column":0},"end":{"line":1,"column":82}},"1":{"start":{"line":3,"column":0},"end":{"line":3,"column":66}},"2":{"start":{"line":4,"column":0},"end":{"line":4,"column":33}},"3":{"start":{"line":7,"column":7},"end":{"line":63,"column":2}},"4":{"start":{"line":9,"column":25},"end":{"line":9,"column":43}},"5":{"start":{"line":18,"column":42},"end":{"line":23,"column":10}},"6":{"start":{"line":25,"column":22},"end":{"line":25,"column":64}},"7":{"start":{"line":27,"column":8},"end":{"line":35,"column":12}},"8":{"start":{"line":27,"column":36},"end":{"line":35,"column":10}},"9":{"start":{"line":42,"column":8},"end":{"line":44,"column":9}},"10":{"start":{"line":43,"column":12},"end":{"line":43,"column":60}},"11":{"start":{"line":46,"column":21},"end":{"line":46,"column":61}},"12":{"start":{"line":48,"column":8},"end":{"line":50,"column":9}},"13":{"start":{"line":49,"column":12},"end":{"line":49,"column":64}},"14":{"start":{"line":52,"column":8},"end":{"line":61,"column":10}},"15":{"start":{"line":7,"column":13},"end":{"line":7,"column":28}},"16":{"start":{"line":13,"column":10},"end":{"line":36,"column":6}},"17":{"start":{"line":39,"column":10},"end":{"line":62,"column":6}},"18":{"start":{"line":7,"column":13},"end":{"line":63,"column":2}}},"fnMap":{"0":{"name":"(anonymous_4)","decl":{"start":{"line":8,"column":4},"end":{"line":8,"column":null}},"loc":{"start":{"line":9,"column":59},"end":{"line":10,"column":9}}},"1":{"name":"(anonymous_5)","decl":{"start":{"line":13,"column":4},"end":{"line":13,"column":9}},"loc":{"start":{"line":16,"column":37},"end":{"line":36,"column":5}}},"2":{"name":"(anonymous_6)","decl":{"start":{"line":27,"column":25},"end":{"line":27,"column":26}},"loc":{"start":{"line":27,"column":36},"end":{"line":35,"column":10}}},"3":{"name":"(anonymous_7)","decl":{"start":{"line":39,"column":4},"end":{"line":39,"column":9}},"loc":{"start":{"line":40,"column":31},"end":{"line":62,"column":5}}}},"branchMap":{"0":{"loc":{"start":{"line":21,"column":19},"end":{"line":21,"column":59}},"type":"cond-expr","locations":[{"start":{"line":21,"column":27},"end":{"line":21,"column":52}},{"start":{"line":21,"column":55},"end":{"line":21,"column":59}}]},"1":{"loc":{"start":{"line":32,"column":20},"end":{"line":32,"column":117}},"type":"cond-expr","locations":[{"start":{"line":32,"column":59},"end":{"line":32,"column":80}},{"start":{"line":32,"column":84},"end":{"line":32,"column":117}}]},"2":{"loc":{"start":{"line":42,"column":8},"end":{"line":44,"column":9}},"type":"if","locations":[{"start":{"line":42,"column":8},"end":{"line":44,"column":9}}]},"3":{"loc":{"start":{"line":48,"column":8},"end":{"line":50,"column":9}},"type":"if","locations":[{"start":{"line":48,"column":8},"end":{"line":50,"column":9}}]},"4":{"loc":{"start":{"line":57,"column":20},"end":{"line":57,"column":117}},"type":"cond-expr","locations":[{"start":{"line":57,"column":59},"end":{"line":57,"column":80}},{"start":{"line":57,"column":84},"end":{"line":57,"column":117}}]}},"s":{"0":3,"1":3,"2":3,"3":3,"4":8,"5":3,"6":3,"7":3,"8":2,"9":4,"10":1,"11":3,"12":3,"13":1,"14":2,"15":3,"16":3,"17":3,"18":3},"f":{"0":8,"1":3,"2":2,"3":4},"b":{"0":[2,1],"1":[1,1],"2":[1],"3":[1],"4":[1,1]}}
,"/home/r4ting/final_project/app/src/modules/hotel/models/hotel-room.model.ts": {"path":"/home/r4ting/final_project/app/src/modules/hotel/models/hotel-room.model.ts","statementMap":{"0":{"start":{"line":1,"column":0},"end":{"line":1,"column":63}},"1":{"start":{"line":2,"column":0},"end":{"line":2,"column":33}},"2":{"start":{"line":7,"column":7},"end":{"line":19,"column":2}},"3":{"start":{"line":7,"column":13},"end":{"line":7,"column":22}},"4":{"start":{"line":9,"column":4},"end":{"line":9,"column":null}},"5":{"start":{"line":12,"column":4},"end":{"line":12,"column":null}},"6":{"start":{"line":15,"column":4},"end":{"line":15,"column":null}},"7":{"start":{"line":18,"column":4},"end":{"line":18,"column":null}},"8":{"start":{"line":7,"column":13},"end":{"line":19,"column":2}},"9":{"start":{"line":21,"column":13},"end":{"line":21,"column":71}}},"fnMap":{},"branchMap":{},"s":{"0":6,"1":6,"2":6,"3":6,"4":6,"5":6,"6":6,"7":6,"8":6,"9":6},"f":{},"b":{}}
,"/home/r4ting/final_project/app/src/modules/hotel/models/hotel.model.ts": {"path":"/home/r4ting/final_project/app/src/modules/hotel/models/hotel.model.ts","statementMap":{"0":{"start":{"line":1,"column":0},"end":{"line":1,"column":63}},"1":{"start":{"line":7,"column":7},"end":{"line":13,"column":2}},"2":{"start":{"line":7,"column":13},"end":{"line":7,"column":18}},"3":{"start":{"line":9,"column":4},"end":{"line":9,"column":null}},"4":{"start":{"line":12,"column":4},"end":{"line":12,"column":null}},"5":{"start":{"line":7,"column":13},"end":{"line":13,"column":2}},"6":{"start":{"line":15,"column":13},"end":{"line":15,"column":63}}},"fnMap":{},"branchMap":{},"s":{"0":5,"1":5,"2":5,"3":5,"4":5,"5":5,"6":5},"f":{},"b":{}}
,"/home/r4ting/final_project/app/src/modules/hotel/services/hotel-room.service.ts": {"path":"/home/r4ting/final_project/app/src/modules/hotel/services/hotel-room.service.ts","statementMap":{"0":{"start":{"line":1,"column":0},"end":{"line":1,"column":44}},"1":{"start":{"line":2,"column":0},"end":{"line":2,"column":47}},"2":{"start":{"line":3,"column":0},"end":{"line":3,"column":55}},"3":{"start":{"line":4,"column":0},"end":{"line":4,"column":40}},"4":{"start":{"line":8,"column":7},"end":{"line":59,"column":2}},"5":{"start":{"line":10,"column":54},"end":{"line":10,"column":70}},"6":{"start":{"line":14,"column":8},"end":{"line":19,"column":9}},"7":{"start":{"line":15,"column":37},"end":{"line":15,"column":75}},"8":{"start":{"line":16,"column":12},"end":{"line":16,"column":101}},"9":{"start":{"line":18,"column":12},"end":{"line":18,"column":22}},"10":{"start":{"line":23,"column":8},"end":{"line":27,"column":9}},"11":{"start":{"line":24,"column":12},"end":{"line":24,"column":65}},"12":{"start":{"line":26,"column":12},"end":{"line":26,"column":22}},"13":{"start":{"line":31,"column":8},"end":{"line":49,"column":9}},"14":{"start":{"line":32,"column":31},"end":{"line":34,"column":14}},"15":{"start":{"line":36,"column":12},"end":{"line":38,"column":13}},"16":{"start":{"line":37,"column":16},"end":{"line":37,"column":43}},"17":{"start":{"line":40,"column":12},"end":{"line":45,"column":24}},"18":{"start":{"line":48,"column":12},"end":{"line":48,"column":22}},"19":{"start":{"line":53,"column":8},"end":{"line":57,"column":9}},"20":{"start":{"line":54,"column":12},"end":{"line":54,"column":95}},"21":{"start":{"line":56,"column":12},"end":{"line":56,"column":22}},"22":{"start":{"line":8,"column":13},"end":{"line":8,"column":29}},"23":{"start":{"line":8,"column":13},"end":{"line":59,"column":2}}},"fnMap":{"0":{"name":"(anonymous_4)","decl":{"start":{"line":9,"column":4},"end":{"line":9,"column":null}},"loc":{"start":{"line":10,"column":86},"end":{"line":11,"column":8}}},"1":{"name":"(anonymous_5)","decl":{"start":{"line":13,"column":4},"end":{"line":13,"column":9}},"loc":{"start":{"line":13,"column":41},"end":{"line":20,"column":5}}},"2":{"name":"(anonymous_6)","decl":{"start":{"line":22,"column":4},"end":{"line":22,"column":9}},"loc":{"start":{"line":22,"column":46},"end":{"line":28,"column":5}}},"3":{"name":"(anonymous_7)","decl":{"start":{"line":30,"column":4},"end":{"line":30,"column":9}},"loc":{"start":{"line":30,"column":42},"end":{"line":50,"column":5}}},"4":{"name":"(anonymous_8)","decl":{"start":{"line":52,"column":4},"end":{"line":52,"column":9}},"loc":{"start":{"line":52,"column":70},"end":{"line":58,"column":5}}}},"branchMap":{"0":{"loc":{"start":{"line":36,"column":12},"end":{"line":38,"column":13}},"type":"if","locations":[{"start":{"line":36,"column":12},"end":{"line":38,"column":13}}]}},"s":{"0":5,"1":5,"2":5,"3":5,"4":5,"5":10,"6":2,"7":2,"8":1,"9":1,"10":2,"11":2,"12":1,"13":2,"14":2,"15":2,"16":2,"17":2,"18":1,"19":2,"20":2,"21":1,"22":5,"23":5},"f":{"0":10,"1":2,"2":2,"3":2,"4":2},"b":{"0":[2]}}
,"/home/r4ting/final_project/app/src/modules/hotel/services/hotel.service.ts": {"path":"/home/r4ting/final_project/app/src/modules/hotel/services/hotel.service.ts","statementMap":{"0":{"start":{"line":1,"column":0},"end":{"line":1,"column":63}},"1":{"start":{"line":2,"column":0},"end":{"line":2,"column":47}},"2":{"start":{"line":3,"column":0},"end":{"line":3,"column":61}},"3":{"start":{"line":4,"column":0},"end":{"line":4,"column":40}},"4":{"start":{"line":8,"column":7},"end":{"line":60,"column":2}},"5":{"start":{"line":10,"column":50},"end":{"line":10,"column":62}},"6":{"start":{"line":14,"column":8},"end":{"line":19,"column":9}},"7":{"start":{"line":15,"column":29},"end":{"line":15,"column":70}},"8":{"start":{"line":16,"column":12},"end":{"line":16,"column":28}},"9":{"start":{"line":18,"column":12},"end":{"line":18,"column":22}},"10":{"start":{"line":23,"column":8},"end":{"line":31,"column":9}},"11":{"start":{"line":24,"column":26},"end":{"line":24,"column":67}},"12":{"start":{"line":25,"column":12},"end":{"line":27,"column":13}},"13":{"start":{"line":26,"column":16},"end":{"line":26,"column":63}},"14":{"start":{"line":28,"column":12},"end":{"line":28,"column":25}},"15":{"start":{"line":30,"column":12},"end":{"line":30,"column":22}},"16":{"start":{"line":35,"column":8},"end":{"line":50,"column":9}},"17":{"start":{"line":36,"column":31},"end":{"line":36,"column":33}},"18":{"start":{"line":38,"column":12},"end":{"line":40,"column":13}},"19":{"start":{"line":39,"column":16},"end":{"line":39,"column":60}},"20":{"start":{"line":42,"column":12},"end":{"line":46,"column":24}},"21":{"start":{"line":49,"column":12},"end":{"line":49,"column":22}},"22":{"start":{"line":54,"column":8},"end":{"line":58,"column":9}},"23":{"start":{"line":55,"column":12},"end":{"line":55,"column":91}},"24":{"start":{"line":57,"column":12},"end":{"line":57,"column":22}},"25":{"start":{"line":8,"column":13},"end":{"line":8,"column":25}},"26":{"start":{"line":8,"column":13},"end":{"line":60,"column":2}}},"fnMap":{"0":{"name":"(anonymous_4)","decl":{"start":{"line":9,"column":4},"end":{"line":9,"column":null}},"loc":{"start":{"line":10,"column":82},"end":{"line":11,"column":8}}},"1":{"name":"(anonymous_5)","decl":{"start":{"line":13,"column":4},"end":{"line":13,"column":9}},"loc":{"start":{"line":13,"column":42},"end":{"line":20,"column":5}}},"2":{"name":"(anonymous_6)","decl":{"start":{"line":22,"column":4},"end":{"line":22,"column":9}},"loc":{"start":{"line":22,"column":46},"end":{"line":32,"column":5}}},"3":{"name":"(anonymous_7)","decl":{"start":{"line":34,"column":4},"end":{"line":34,"column":9}},"loc":{"start":{"line":34,"column":42},"end":{"line":51,"column":5}}},"4":{"name":"(anonymous_8)","decl":{"start":{"line":53,"column":4},"end":{"line":53,"column":9}},"loc":{"start":{"line":53,"column":69},"end":{"line":59,"column":5}}}},"branchMap":{"0":{"loc":{"start":{"line":25,"column":12},"end":{"line":27,"column":13}},"type":"if","locations":[{"start":{"line":25,"column":12},"end":{"line":27,"column":13}}]},"1":{"loc":{"start":{"line":38,"column":12},"end":{"line":40,"column":13}},"type":"if","locations":[{"start":{"line":38,"column":12},"end":{"line":40,"column":13}}]}},"s":{"0":4,"1":4,"2":4,"3":4,"4":4,"5":10,"6":2,"7":2,"8":1,"9":1,"10":3,"11":3,"12":2,"13":1,"14":1,"15":2,"16":2,"17":2,"18":2,"19":2,"20":2,"21":1,"22":2,"23":2,"24":1,"25":4,"26":4},"f":{"0":10,"1":2,"2":3,"3":2,"4":2},"b":{"0":[1],"1":[2]}}
,"/home/r4ting/final_project/app/src/modules/reservation/reservation.module.ts": {"path":"/home/r4ting/final_project/app/src/modules/reservation/reservation.module.ts","statementMap":{"0":{"start":{"line":1,"column":0},"end":{"line":1,"column":40}},"1":{"start":{"line":2,"column":0},"end":{"line":2,"column":68}},"2":{"start":{"line":3,"column":0},"end":{"line":3,"column":50}},"3":{"start":{"line":4,"column":0},"end":{"line":4,"column":76}},"4":{"start":{"line":5,"column":0},"end":{"line":5,"column":65}},"5":{"start":{"line":6,"column":0},"end":{"line":6,"column":78}},"6":{"start":{"line":7,"column":0},"end":{"line":7,"column":77}},"7":{"start":{"line":8,"column":0},"end":{"line":8,"column":92}},"8":{"start":{"line":9,"column":0},"end":{"line":9,"column":83}},"9":{"start":{"line":23,"column":7},"end":{"line":23,"column":34}},"10":{"start":{"line":23,"column":13},"end":{"line":23,"column":30}},"11":{"start":{"line":23,"column":13},"end":{"line":23,"column":34}}},"fnMap":{},"branchMap":{},"s":{"0":2,"1":2,"2":2,"3":2,"4":2,"5":2,"6":2,"7":2,"8":2,"9":2,"10":2,"11":2},"f":{},"b":{}}
,"/home/r4ting/final_project/app/src/modules/reservation/controllers/reservation-manager.controller.ts": {"path":"/home/r4ting/final_project/app/src/modules/reservation/controllers/reservation-manager.controller.ts","statementMap":{"0":{"start":{"line":1,"column":0},"end":{"line":1,"column":75}},"1":{"start":{"line":2,"column":0},"end":{"line":2,"column":84}},"2":{"start":{"line":3,"column":0},"end":{"line":3,"column":60}},"3":{"start":{"line":5,"column":0},"end":{"line":5,"column":33}},"4":{"start":{"line":6,"column":0},"end":{"line":6,"column":45}},"5":{"start":{"line":7,"column":0},"end":{"line":7,"column":56}},"6":{"start":{"line":13,"column":7},"end":{"line":44,"column":2}},"7":{"start":{"line":15,"column":25},"end":{"line":15,"column":52}},"8":{"start":{"line":23,"column":29},"end":{"line":23,"column":95}},"9":{"start":{"line":25,"column":8},"end":{"line":36,"column":12}},"10":{"start":{"line":25,"column":50},"end":{"line":36,"column":10}},"11":{"start":{"line":42,"column":8},"end":{"line":42,"column":76}},"12":{"start":{"line":13,"column":13},"end":{"line":13,"column":41}},"13":{"start":{"line":20,"column":10},"end":{"line":37,"column":6}},"14":{"start":{"line":41,"column":10},"end":{"line":43,"column":6}},"15":{"start":{"line":13,"column":13},"end":{"line":44,"column":2}}},"fnMap":{"0":{"name":"(anonymous_4)","decl":{"start":{"line":14,"column":4},"end":{"line":14,"column":null}},"loc":{"start":{"line":15,"column":77},"end":{"line":16,"column":8}}},"1":{"name":"(anonymous_5)","decl":{"start":{"line":20,"column":4},"end":{"line":20,"column":9}},"loc":{"start":{"line":21,"column":47},"end":{"line":37,"column":5}}},"2":{"name":"(anonymous_6)","decl":{"start":{"line":25,"column":32},"end":{"line":25,"column":33}},"loc":{"start":{"line":25,"column":50},"end":{"line":36,"column":10}}},"3":{"name":"(anonymous_7)","decl":{"start":{"line":41,"column":4},"end":{"line":41,"column":9}},"loc":{"start":{"line":41,"column":60},"end":{"line":43,"column":5}}}},"branchMap":{},"s":{"0":3,"1":3,"2":3,"3":3,"4":3,"5":3,"6":3,"7":4,"8":1,"9":1,"10":1,"11":2,"12":3,"13":3,"14":3,"15":3},"f":{"0":4,"1":1,"2":1,"3":2},"b":{}}
,"/home/r4ting/final_project/app/src/modules/reservation/controllers/reservation.controller.ts": {"path":"/home/r4ting/final_project/app/src/modules/reservation/controllers/reservation.controller.ts","statementMap":{"0":{"start":{"line":1,"column":0},"end":{"line":1,"column":85}},"1":{"start":{"line":2,"column":0},"end":{"line":2,"column":69}},"2":{"start":{"line":3,"column":0},"end":{"line":3,"column":60}},"3":{"start":{"line":6,"column":0},"end":{"line":6,"column":45}},"4":{"start":{"line":7,"column":0},"end":{"line":7,"column":56}},"5":{"start":{"line":13,"column":7},"end":{"line":77,"column":2}},"6":{"start":{"line":15,"column":25},"end":{"line":15,"column":45}},"7":{"start":{"line":24,"column":23},"end":{"line":24,"column":35}},"8":{"start":{"line":25,"column":28},"end":{"line":28,"column":10}},"9":{"start":{"line":30,"column":8},"end":{"line":41,"column":10}},"10":{"start":{"line":47,"column":23},"end":{"line":47,"column":35}},"11":{"start":{"line":48,"column":8},"end":{"line":48,"column":68}},"12":{"start":{"line":56,"column":23},"end":{"line":56,"column":35}},"13":{"start":{"line":57,"column":29},"end":{"line":61,"column":10}},"14":{"start":{"line":63,"column":8},"end":{"line":74,"column":12}},"15":{"start":{"line":63,"column":50},"end":{"line":74,"column":10}},"16":{"start":{"line":13,"column":13},"end":{"line":13,"column":34}},"17":{"start":{"line":20,"column":10},"end":{"line":42,"column":6}},"18":{"start":{"line":46,"column":10},"end":{"line":49,"column":6}},"19":{"start":{"line":53,"column":10},"end":{"line":75,"column":6}},"20":{"start":{"line":13,"column":13},"end":{"line":77,"column":2}}},"fnMap":{"0":{"name":"(anonymous_4)","decl":{"start":{"line":14,"column":4},"end":{"line":14,"column":null}},"loc":{"start":{"line":15,"column":63},"end":{"line":16,"column":8}}},"1":{"name":"(anonymous_5)","decl":{"start":{"line":20,"column":4},"end":{"line":20,"column":9}},"loc":{"start":{"line":22,"column":23},"end":{"line":42,"column":5}}},"2":{"name":"(anonymous_6)","decl":{"start":{"line":46,"column":4},"end":{"line":46,"column":9}},"loc":{"start":{"line":46,"column":72},"end":{"line":49,"column":5}}},"3":{"name":"(anonymous_7)","decl":{"start":{"line":53,"column":4},"end":{"line":53,"column":9}},"loc":{"start":{"line":54,"column":23},"end":{"line":75,"column":5}}},"4":{"name":"(anonymous_8)","decl":{"start":{"line":63,"column":32},"end":{"line":63,"column":33}},"loc":{"start":{"line":63,"column":50},"end":{"line":74,"column":10}}}},"branchMap":{},"s":{"0":3,"1":3,"2":3,"3":3,"4":3,"5":3,"6":4,"7":1,"8":1,"9":1,"10":1,"11":1,"12":1,"13":1,"14":1,"15":1,"16":3,"17":3,"18":3,"19":3,"20":3},"f":{"0":4,"1":1,"2":1,"3":1,"4":1},"b":{}}
,"/home/r4ting/final_project/app/src/modules/reservation/models/reservation.model.ts": {"path":"/home/r4ting/final_project/app/src/modules/reservation/models/reservation.model.ts","statementMap":{"0":{"start":{"line":1,"column":0},"end":{"line":1,"column":63}},"1":{"start":{"line":2,"column":0},"end":{"line":2,"column":33}},"2":{"start":{"line":10,"column":7},"end":{"line":25,"column":2}},"3":{"start":{"line":10,"column":13},"end":{"line":10,"column":24}},"4":{"start":{"line":12,"column":4},"end":{"line":12,"column":null}},"5":{"start":{"line":15,"column":4},"end":{"line":15,"column":null}},"6":{"start":{"line":18,"column":4},"end":{"line":18,"column":null}},"7":{"start":{"line":21,"column":4},"end":{"line":21,"column":null}},"8":{"start":{"line":24,"column":4},"end":{"line":24,"column":null}},"9":{"start":{"line":10,"column":13},"end":{"line":25,"column":2}},"10":{"start":{"line":27,"column":13},"end":{"line":27,"column":75}}},"fnMap":{},"branchMap":{},"s":{"0":6,"1":6,"2":6,"3":6,"4":6,"5":6,"6":6,"7":6,"8":6,"9":6,"10":6},"f":{},"b":{}}
,"/home/r4ting/final_project/app/src/modules/reservation/services/reservation-manager.service.ts": {"path":"/home/r4ting/final_project/app/src/modules/reservation/services/reservation-manager.service.ts","statementMap":{"0":{"start":{"line":1,"column":0},"end":{"line":1,"column":65}},"1":{"start":{"line":3,"column":0},"end":{"line":3,"column":47}},"2":{"start":{"line":4,"column":0},"end":{"line":4,"column":79}},"3":{"start":{"line":5,"column":0},"end":{"line":5,"column":40}},"4":{"start":{"line":8,"column":7},"end":{"line":29,"column":2}},"5":{"start":{"line":10,"column":56},"end":{"line":10,"column":74}},"6":{"start":{"line":14,"column":8},"end":{"line":18,"column":18}},"7":{"start":{"line":22,"column":28},"end":{"line":22,"column":68}},"8":{"start":{"line":23,"column":8},"end":{"line":25,"column":9}},"9":{"start":{"line":24,"column":12},"end":{"line":24,"column":null}},"10":{"start":{"line":27,"column":8},"end":{"line":27,"column":58}},"11":{"start":{"line":8,"column":13},"end":{"line":8,"column":38}},"12":{"start":{"line":8,"column":13},"end":{"line":29,"column":2}}},"fnMap":{"0":{"name":"(anonymous_4)","decl":{"start":{"line":9,"column":4},"end":{"line":9,"column":null}},"loc":{"start":{"line":10,"column":100},"end":{"line":11,"column":8}}},"1":{"name":"(anonymous_5)","decl":{"start":{"line":13,"column":4},"end":{"line":13,"column":9}},"loc":{"start":{"line":13,"column":54},"end":{"line":19,"column":5}}},"2":{"name":"(anonymous_6)","decl":{"start":{"line":21,"column":4},"end":{"line":21,"column":9}},"loc":{"start":{"line":21,"column":64},"end":{"line":28,"column":5}}}},"branchMap":{"0":{"loc":{"start":{"line":23,"column":8},"end":{"line":25,"column":9}},"type":"if","locations":[{"start":{"line":23,"column":8},"end":{"line":25,"column":9}}]}},"s":{"0":4,"1":4,"2":4,"3":4,"4":4,"5":4,"6":1,"7":3,"8":3,"9":2,"10":1,"11":4,"12":4},"f":{"0":4,"1":1,"2":3},"b":{"0":[2]}}
,"/home/r4ting/final_project/app/src/modules/reservation/services/reservation.service.ts": {"path":"/home/r4ting/final_project/app/src/modules/reservation/services/reservation.service.ts","statementMap":{"0":{"start":{"line":1,"column":0},"end":{"line":1,"column":65}},"1":{"start":{"line":2,"column":0},"end":{"line":2,"column":47}},"2":{"start":{"line":3,"column":0},"end":{"line":3,"column":79}},"3":{"start":{"line":4,"column":0},"end":{"line":4,"column":40}},"4":{"start":{"line":8,"column":7},"end":{"line":72,"column":2}},"5":{"start":{"line":10,"column":56},"end":{"line":10,"column":74}},"6":{"start":{"line":14,"column":8},"end":{"line":38,"column":9}},"7":{"start":{"line":15,"column":40},"end":{"line":20,"column":14}},"8":{"start":{"line":22,"column":12},"end":{"line":24,"column":13}},"9":{"start":{"line":23,"column":16},"end":{"line":23,"column":110}},"10":{"start":{"line":26,"column":37},"end":{"line":26,"column":77}},"11":{"start":{"line":28,"column":12},"end":{"line":34,"column":20}},"12":{"start":{"line":37,"column":12},"end":{"line":37,"column":22}},"13":{"start":{"line":42,"column":8},"end":{"line":56,"column":9}},"14":{"start":{"line":43,"column":32},"end":{"line":43,"column":72}},"15":{"start":{"line":45,"column":12},"end":{"line":47,"column":13}},"16":{"start":{"line":46,"column":16},"end":{"line":46,"column":99}},"17":{"start":{"line":49,"column":12},"end":{"line":51,"column":13}},"18":{"start":{"line":50,"column":16},"end":{"line":50,"column":104}},"19":{"start":{"line":53,"column":12},"end":{"line":53,"column":62}},"20":{"start":{"line":55,"column":12},"end":{"line":55,"column":22}},"21":{"start":{"line":62,"column":8},"end":{"line":70,"column":9}},"22":{"start":{"line":63,"column":12},"end":{"line":67,"column":22}},"23":{"start":{"line":69,"column":12},"end":{"line":69,"column":22}},"24":{"start":{"line":8,"column":13},"end":{"line":8,"column":31}},"25":{"start":{"line":8,"column":13},"end":{"line":72,"column":2}}},"fnMap":{"0":{"name":"(anonymous_4)","decl":{"start":{"line":9,"column":4},"end":{"line":9,"column":null}},"loc":{"start":{"line":10,"column":100},"end":{"line":11,"column":9}}},"1":{"name":"(anonymous_5)","decl":{"start":{"line":13,"column":4},"end":{"line":13,"column":9}},"loc":{"start":{"line":13,"column":45},"end":{"line":39,"column":5}}},"2":{"name":"(anonymous_6)","decl":{"start":{"line":41,"column":4},"end":{"line":41,"column":9}},"loc":{"start":{"line":41,"column":79},"end":{"line":57,"column":5}}},"3":{"name":"(anonymous_7)","decl":{"start":{"line":59,"column":4},"end":{"line":59,"column":9}},"loc":{"start":{"line":60,"column":40},"end":{"line":71,"column":5}}}},"branchMap":{"0":{"loc":{"start":{"line":22,"column":12},"end":{"line":24,"column":13}},"type":"if","locations":[{"start":{"line":22,"column":12},"end":{"line":24,"column":13}}]},"1":{"loc":{"start":{"line":45,"column":12},"end":{"line":47,"column":13}},"type":"if","locations":[{"start":{"line":45,"column":12},"end":{"line":47,"column":13}}]},"2":{"loc":{"start":{"line":49,"column":12},"end":{"line":51,"column":13}},"type":"if","locations":[{"start":{"line":49,"column":12},"end":{"line":51,"column":13}}]}},"s":{"0":4,"1":4,"2":4,"3":4,"4":4,"5":17,"6":3,"7":3,"8":3,"9":1,"10":2,"11":1,"12":2,"13":3,"14":3,"15":3,"16":1,"17":2,"18":1,"19":1,"20":2,"21":2,"22":2,"23":1,"24":4,"25":4},"f":{"0":17,"1":3,"2":3,"3":2},"b":{"0":[1],"1":[1],"2":[1]}}
,"/home/r4ting/final_project/app/src/modules/support/support.module.ts": {"path":"/home/r4ting/final_project/app/src/modules/support/support.module.ts","statementMap":{"0":{"start":{"line":1,"column":0},"end":{"line":1,"column":40}},"1":{"start":{"line":2,"column":0},"end":{"line":2,"column":75}},"2":{"start":{"line":3,"column":0},"end":{"line":3,"column":69}},"3":{"start":{"line":4,"column":0},"end":{"line":4,"column":50}},"4":{"start":{"line":5,"column":0},"end":{"line":5,"column":86}},"5":{"start":{"line":6,"column":0},"end":{"line":6,"column":92}},"6":{"start":{"line":7,"column":0},"end":{"line":7,"column":88}},"7":{"start":{"line":8,"column":0},"end":{"line":8,"column":59}},"8":{"start":{"line":9,"column":0},"end":{"line":9,"column":77}},"9":{"start":{"line":10,"column":0},"end":{"line":10,"column":75}},"10":{"start":{"line":23,"column":7},"end":{"line":23,"column":31}},"11":{"start":{"line":23,"column":13},"end":{"line":23,"column":26}},"12":{"start":{"line":23,"column":13},"end":{"line":23,"column":31}}},"fnMap":{},"branchMap":{},"s":{"0":2,"1":2,"2":2,"3":2,"4":2,"5":2,"6":2,"7":2,"8":2,"9":2,"10":2,"11":2,"12":2},"f":{},"b":{}}
,"/home/r4ting/final_project/app/src/modules/support/controllers/support-common.controller.ts": {"path":"/home/r4ting/final_project/app/src/modules/support/controllers/support-common.controller.ts","statementMap":{"0":{"start":{"line":1,"column":0},"end":{"line":1,"column":84}},"1":{"start":{"line":2,"column":0},"end":{"line":2,"column":45}},"2":{"start":{"line":3,"column":0},"end":{"line":3,"column":60}},"3":{"start":{"line":4,"column":0},"end":{"line":4,"column":56}},"4":{"start":{"line":5,"column":0},"end":{"line":5,"column":76}},"5":{"start":{"line":7,"column":0},"end":{"line":7,"column":93}},"6":{"start":{"line":10,"column":7},"end":{"line":56,"column":2}},"7":{"start":{"line":12,"column":25},"end":{"line":12,"column":49}},"8":{"start":{"line":13,"column":25},"end":{"line":13,"column":56}},"9":{"start":{"line":22,"column":8},"end":{"line":22,"column":73}},"10":{"start":{"line":33,"column":23},"end":{"line":33,"column":34}},"11":{"start":{"line":34,"column":8},"end":{"line":38,"column":11}},"12":{"start":{"line":49,"column":23},"end":{"line":49,"column":34}},"13":{"start":{"line":50,"column":8},"end":{"line":54,"column":11}},"14":{"start":{"line":10,"column":13},"end":{"line":10,"column":29}},"15":{"start":{"line":19,"column":10},"end":{"line":23,"column":6}},"16":{"start":{"line":28,"column":10},"end":{"line":39,"column":6}},"17":{"start":{"line":44,"column":10},"end":{"line":55,"column":6}},"18":{"start":{"line":10,"column":13},"end":{"line":56,"column":2}}},"fnMap":{"0":{"name":"(anonymous_4)","decl":{"start":{"line":11,"column":4},"end":{"line":11,"column":null}},"loc":{"start":{"line":13,"column":85},"end":{"line":14,"column":10}}},"1":{"name":"(anonymous_5)","decl":{"start":{"line":19,"column":4},"end":{"line":19,"column":9}},"loc":{"start":{"line":20,"column":45},"end":{"line":23,"column":5}}},"2":{"name":"(anonymous_6)","decl":{"start":{"line":28,"column":4},"end":{"line":28,"column":9}},"loc":{"start":{"line":31,"column":18},"end":{"line":39,"column":5}}},"3":{"name":"(anonymous_7)","decl":{"start":{"line":44,"column":4},"end":{"line":44,"column":9}},"loc":{"start":{"line":47,"column":18},"end":{"line":55,"column":5}}}},"branchMap":{},"s":{"0":3,"1":3,"2":3,"3":3,"4":3,"5":3,"6":3,"7":5,"8":5,"9":1,"10":1,"11":1,"12":1,"13":1,"14":3,"15":3,"16":3,"17":3,"18":3},"f":{"0":5,"1":1,"2":1,"3":1},"b":{}}
,"/home/r4ting/final_project/app/src/modules/support/controllers/support-manager.controller.ts": {"path":"/home/r4ting/final_project/app/src/modules/support/controllers/support-manager.controller.ts","statementMap":{"0":{"start":{"line":1,"column":0},"end":{"line":1,"column":67}},"1":{"start":{"line":2,"column":0},"end":{"line":2,"column":45}},"2":{"start":{"line":3,"column":0},"end":{"line":3,"column":60}},"3":{"start":{"line":4,"column":0},"end":{"line":4,"column":56}},"4":{"start":{"line":5,"column":0},"end":{"line":5,"column":76}},"5":{"start":{"line":8,"column":7},"end":{"line":23,"column":2}},"6":{"start":{"line":10,"column":25},"end":{"line":10,"column":48}},"7":{"start":{"line":21,"column":8},"end":{"line":21,"column":89}},"8":{"start":{"line":8,"column":13},"end":{"line":8,"column":30}},"9":{"start":{"line":16,"column":10},"end":{"line":22,"column":6}},"10":{"start":{"line":8,"column":13},"end":{"line":23,"column":2}}},"fnMap":{"0":{"name":"(anonymous_4)","decl":{"start":{"line":9,"column":4},"end":{"line":9,"column":null}},"loc":{"start":{"line":10,"column":69},"end":{"line":11,"column":8}}},"1":{"name":"(anonymous_5)","decl":{"start":{"line":16,"column":4},"end":{"line":16,"column":9}},"loc":{"start":{"line":19,"column":44},"end":{"line":22,"column":5}}}},"branchMap":{},"s":{"0":3,"1":3,"2":3,"3":3,"4":3,"5":3,"6":3,"7":1,"8":3,"9":3,"10":3},"f":{"0":3,"1":1},"b":{}}
,"/home/r4ting/final_project/app/src/modules/support/controllers/support.controller.ts": {"path":"/home/r4ting/final_project/app/src/modules/support/controllers/support.controller.ts","statementMap":{"0":{"start":{"line":1,"column":0},"end":{"line":1,"column":84}},"1":{"start":{"line":2,"column":0},"end":{"line":2,"column":45}},"2":{"start":{"line":3,"column":0},"end":{"line":3,"column":60}},"3":{"start":{"line":4,"column":0},"end":{"line":4,"column":56}},"4":{"start":{"line":6,"column":0},"end":{"line":6,"column":89}},"5":{"start":{"line":7,"column":0},"end":{"line":7,"column":76}},"6":{"start":{"line":10,"column":7},"end":{"line":55,"column":2}},"7":{"start":{"line":12,"column":25},"end":{"line":12,"column":54}},"8":{"start":{"line":13,"column":25},"end":{"line":13,"column":48}},"9":{"start":{"line":20,"column":45},"end":{"line":23,"column":10}},"10":{"start":{"line":25,"column":31},"end":{"line":25,"column":95}},"11":{"start":{"line":27,"column":8},"end":{"line":32,"column":10}},"12":{"start":{"line":31,"column":62},"end":{"line":31,"column":71}},"13":{"start":{"line":39,"column":23},"end":{"line":39,"column":34}},"14":{"start":{"line":40,"column":8},"end":{"line":40,"column":71}},"15":{"start":{"line":52,"column":23},"end":{"line":52,"column":34}},"16":{"start":{"line":53,"column":8},"end":{"line":53,"column":97}},"17":{"start":{"line":10,"column":13},"end":{"line":10,"column":30}},"18":{"start":{"line":19,"column":10},"end":{"line":33,"column":6}},"19":{"start":{"line":38,"column":10},"end":{"line":41,"column":6}},"20":{"start":{"line":46,"column":10},"end":{"line":54,"column":6}},"21":{"start":{"line":10,"column":13},"end":{"line":55,"column":2}}},"fnMap":{"0":{"name":"(anonymous_4)","decl":{"start":{"line":11,"column":4},"end":{"line":11,"column":null}},"loc":{"start":{"line":13,"column":69},"end":{"line":14,"column":9}}},"1":{"name":"(anonymous_5)","decl":{"start":{"line":19,"column":4},"end":{"line":19,"column":9}},"loc":{"start":{"line":19,"column":73},"end":{"line":33,"column":5}}},"2":{"name":"(anonymous_6)","decl":{"start":{"line":31,"column":57},"end":{"line":31,"column":58}},"loc":{"start":{"line":31,"column":62},"end":{"line":31,"column":71}}},"3":{"name":"(anonymous_7)","decl":{"start":{"line":38,"column":4},"end":{"line":38,"column":9}},"loc":{"start":{"line":38,"column":60},"end":{"line":41,"column":5}}},"4":{"name":"(anonymous_8)","decl":{"start":{"line":46,"column":4},"end":{"line":46,"column":9}},"loc":{"start":{"line":50,"column":18},"end":{"line":54,"column":5}}}},"branchMap":{},"s":{"0":3,"1":3,"2":3,"3":3,"4":3,"5":3,"6":3,"7":5,"8":5,"9":1,"10":1,"11":1,"12":1,"13":1,"14":1,"15":1,"16":1,"17":3,"18":3,"19":3,"20":3,"21":3},"f":{"0":5,"1":1,"2":1,"3":1,"4":1},"b":{}}
,"/home/r4ting/final_project/app/src/modules/support/gateway/support.gateway.ts": {"path":"/home/r4ting/final_project/app/src/modules/support/gateway/support.gateway.ts","statementMap":{"0":{"start":{"line":1,"column":0},"end":{"line":1,"column":119}},"1":{"start":{"line":2,"column":0},"end":{"line":2,"column":43}},"2":{"start":{"line":5,"column":7},"end":{"line":20,"column":2}},"3":{"start":{"line":13,"column":8},"end":{"line":13,"column":28}},"4":{"start":{"line":14,"column":8},"end":{"line":14,"column":47}},"5":{"start":{"line":18,"column":8},"end":{"line":18,"column":59}},"6":{"start":{"line":5,"column":13},"end":{"line":5,"column":31}},"7":{"start":{"line":6,"column":23},"end":{"line":6,"column":null}},"8":{"start":{"line":9,"column":4},"end":{"line":15,"column":6}},"9":{"start":{"line":5,"column":13},"end":{"line":20,"column":2}}},"fnMap":{"0":{"name":"(anonymous_4)","decl":{"start":{"line":9,"column":4},"end":{"line":9,"column":25}},"loc":{"start":{"line":11,"column":39},"end":{"line":15,"column":5}}},"1":{"name":"(anonymous_5)","decl":{"start":{"line":17,"column":4},"end":{"line":17,"column":21}},"loc":{"start":{"line":17,"column":50},"end":{"line":19,"column":5}}}},"branchMap":{},"s":{"0":1,"1":1,"2":1,"3":1,"4":1,"5":1,"6":1,"7":1,"8":1,"9":1},"f":{"0":1,"1":1},"b":{}}
,"/home/r4ting/final_project/app/src/modules/support/models/message.model.ts": {"path":"/home/r4ting/final_project/app/src/modules/support/models/message.model.ts","statementMap":{"0":{"start":{"line":1,"column":0},"end":{"line":1,"column":62}},"1":{"start":{"line":2,"column":0},"end":{"line":2,"column":32}},"2":{"start":{"line":7,"column":7},"end":{"line":19,"column":2}},"3":{"start":{"line":7,"column":13},"end":{"line":7,"column":20}},"4":{"start":{"line":9,"column":4},"end":{"line":9,"column":null}},"5":{"start":{"line":12,"column":4},"end":{"line":12,"column":null}},"6":{"start":{"line":15,"column":4},"end":{"line":15,"column":null}},"7":{"start":{"line":18,"column":4},"end":{"line":18,"column":null}},"8":{"start":{"line":7,"column":13},"end":{"line":19,"column":2}},"9":{"start":{"line":21,"column":13},"end":{"line":21,"column":67}}},"fnMap":{},"branchMap":{},"s":{"0":8,"1":8,"2":8,"3":8,"4":8,"5":8,"6":8,"7":8,"8":8,"9":8},"f":{},"b":{}}
,"/home/r4ting/final_project/app/src/modules/support/models/support-request.model.ts": {"path":"/home/r4ting/final_project/app/src/modules/support/models/support-request.model.ts","statementMap":{"0":{"start":{"line":1,"column":0},"end":{"line":1,"column":62}},"1":{"start":{"line":2,"column":0},"end":{"line":2,"column":32}},"2":{"start":{"line":3,"column":0},"end":{"line":3,"column":57}},"3":{"start":{"line":8,"column":7},"end":{"line":23,"column":2}},"4":{"start":{"line":8,"column":13},"end":{"line":8,"column":27}},"5":{"start":{"line":10,"column":4},"end":{"line":10,"column":null}},"6":{"start":{"line":13,"column":4},"end":{"line":13,"column":null}},"7":{"start":{"line":16,"column":4},"end":{"line":16,"column":null}},"8":{"start":{"line":19,"column":4},"end":{"line":19,"column":null}},"9":{"start":{"line":22,"column":4},"end":{"line":22,"column":null}},"10":{"start":{"line":8,"column":13},"end":{"line":23,"column":2}},"11":{"start":{"line":25,"column":13},"end":{"line":25,"column":81}}},"fnMap":{},"branchMap":{},"s":{"0":8,"1":8,"2":8,"3":8,"4":8,"5":8,"6":8,"7":8,"8":8,"9":8,"10":8,"11":8},"f":{},"b":{}}
,"/home/r4ting/final_project/app/src/modules/support/services/support-request-client.service.ts": {"path":"/home/r4ting/final_project/app/src/modules/support/services/support-request-client.service.ts","statementMap":{"0":{"start":{"line":1,"column":0},"end":{"line":1,"column":44}},"1":{"start":{"line":3,"column":0},"end":{"line":3,"column":47}},"2":{"start":{"line":4,"column":0},"end":{"line":4,"column":40}},"3":{"start":{"line":5,"column":0},"end":{"line":5,"column":89}},"4":{"start":{"line":9,"column":7},"end":{"line":60,"column":2}},"5":{"start":{"line":11,"column":50},"end":{"line":11,"column":71}},"6":{"start":{"line":15,"column":33},"end":{"line":20,"column":10}},"7":{"start":{"line":22,"column":31},"end":{"line":27,"column":10}},"8":{"start":{"line":29,"column":8},"end":{"line":29,"column":30}},"9":{"start":{"line":33,"column":8},"end":{"line":47,"column":9}},"10":{"start":{"line":34,"column":35},"end":{"line":34,"column":97}},"11":{"start":{"line":35,"column":12},"end":{"line":43,"column":15}},"12":{"start":{"line":36,"column":16},"end":{"line":42,"column":17}},"13":{"start":{"line":41,"column":20},"end":{"line":41,"column":48}},"14":{"start":{"line":44,"column":12},"end":{"line":44,"column":40}},"15":{"start":{"line":46,"column":12},"end":{"line":46,"column":22}},"16":{"start":{"line":51,"column":8},"end":{"line":58,"column":9}},"17":{"start":{"line":52,"column":28},"end":{"line":52,"column":83}},"18":{"start":{"line":53,"column":12},"end":{"line":55,"column":21}},"19":{"start":{"line":54,"column":27},"end":{"line":54,"column":82}},"20":{"start":{"line":57,"column":12},"end":{"line":57,"column":22}},"21":{"start":{"line":9,"column":13},"end":{"line":9,"column":40}},"22":{"start":{"line":9,"column":13},"end":{"line":60,"column":2}}},"fnMap":{"0":{"name":"(anonymous_4)","decl":{"start":{"line":10,"column":4},"end":{"line":10,"column":null}},"loc":{"start":{"line":11,"column":100},"end":{"line":12,"column":8}}},"1":{"name":"(anonymous_5)","decl":{"start":{"line":14,"column":4},"end":{"line":14,"column":9}},"loc":{"start":{"line":14,"column":59},"end":{"line":30,"column":5}}},"2":{"name":"(anonymous_6)","decl":{"start":{"line":32,"column":4},"end":{"line":32,"column":9}},"loc":{"start":{"line":32,"column":58},"end":{"line":48,"column":5}}},"3":{"name":"(anonymous_7)","decl":{"start":{"line":35,"column":44},"end":{"line":35,"column":51}},"loc":{"start":{"line":35,"column":54},"end":{"line":43,"column":13}}},"4":{"name":"(anonymous_8)","decl":{"start":{"line":50,"column":4},"end":{"line":50,"column":9}},"loc":{"start":{"line":50,"column":64},"end":{"line":59,"column":5}}},"5":{"name":"(anonymous_9)","decl":{"start":{"line":54,"column":16},"end":{"line":54,"column":23}},"loc":{"start":{"line":54,"column":27},"end":{"line":54,"column":82}}}},"branchMap":{"0":{"loc":{"start":{"line":36,"column":16},"end":{"line":42,"column":17}},"type":"if","locations":[{"start":{"line":36,"column":16},"end":{"line":42,"column":17}}]},"1":{"loc":{"start":{"line":37,"column":20},"end":{"line":39,"column":57}},"type":"binary-expr","locations":[{"start":{"line":37,"column":20},"end":{"line":37,"column":35}},{"start":{"line":38,"column":20},"end":{"line":38,"column":55}},{"start":{"line":39,"column":20},"end":{"line":39,"column":57}}]},"2":{"loc":{"start":{"line":54,"column":27},"end":{"line":54,"column":82}},"type":"binary-expr","locations":[{"start":{"line":54,"column":27},"end":{"line":54,"column":42}},{"start":{"line":54,"column":46},"end":{"line":54,"column":82}}]}},"s":{"0":4,"1":4,"2":4,"3":4,"4":4,"5":7,"6":1,"7":1,"8":1,"9":2,"10":2,"11":1,"12":2,"13":1,"14":1,"15":1,"16":2,"17":2,"18":1,"19":2,"20":1,"21":4,"22":4},"f":{"0":7,"1":1,"2":2,"3":2,"4":2,"5":2},"b":{"0":[1],"1":[2,2,2],"2":[2,1]}}
,"/home/r4ting/final_project/app/src/modules/support/services/support-request-employee.service.ts": {"path":"/home/r4ting/final_project/app/src/modules/support/services/support-request-employee.service.ts","statementMap":{"0":{"start":{"line":1,"column":0},"end":{"line":1,"column":44}},"1":{"start":{"line":3,"column":0},"end":{"line":3,"column":40}},"2":{"start":{"line":4,"column":0},"end":{"line":4,"column":47}},"3":{"start":{"line":5,"column":0},"end":{"line":5,"column":89}},"4":{"start":{"line":8,"column":7},"end":{"line":49,"column":2}},"5":{"start":{"line":10,"column":59},"end":{"line":10,"column":80}},"6":{"start":{"line":14,"column":8},"end":{"line":28,"column":9}},"7":{"start":{"line":15,"column":35},"end":{"line":15,"column":97}},"8":{"start":{"line":16,"column":12},"end":{"line":24,"column":15}},"9":{"start":{"line":17,"column":16},"end":{"line":23,"column":17}},"10":{"start":{"line":22,"column":20},"end":{"line":22,"column":48}},"11":{"start":{"line":25,"column":12},"end":{"line":25,"column":40}},"12":{"start":{"line":27,"column":12},"end":{"line":27,"column":22}},"13":{"start":{"line":32,"column":8},"end":{"line":39,"column":9}},"14":{"start":{"line":33,"column":28},"end":{"line":33,"column":83}},"15":{"start":{"line":34,"column":12},"end":{"line":36,"column":21}},"16":{"start":{"line":35,"column":27},"end":{"line":35,"column":82}},"17":{"start":{"line":38,"column":12},"end":{"line":38,"column":22}},"18":{"start":{"line":43,"column":8},"end":{"line":47,"column":9}},"19":{"start":{"line":44,"column":12},"end":{"line":44,"column":98}},"20":{"start":{"line":46,"column":12},"end":{"line":46,"column":22}},"21":{"start":{"line":8,"column":13},"end":{"line":8,"column":42}},"22":{"start":{"line":8,"column":13},"end":{"line":49,"column":2}}},"fnMap":{"0":{"name":"(anonymous_4)","decl":{"start":{"line":9,"column":4},"end":{"line":9,"column":null}},"loc":{"start":{"line":10,"column":109},"end":{"line":11,"column":12}}},"1":{"name":"(anonymous_5)","decl":{"start":{"line":13,"column":4},"end":{"line":13,"column":9}},"loc":{"start":{"line":13,"column":58},"end":{"line":29,"column":5}}},"2":{"name":"(anonymous_6)","decl":{"start":{"line":16,"column":44},"end":{"line":16,"column":51}},"loc":{"start":{"line":16,"column":54},"end":{"line":24,"column":13}}},"3":{"name":"(anonymous_7)","decl":{"start":{"line":31,"column":4},"end":{"line":31,"column":9}},"loc":{"start":{"line":31,"column":64},"end":{"line":40,"column":5}}},"4":{"name":"(anonymous_8)","decl":{"start":{"line":35,"column":16},"end":{"line":35,"column":23}},"loc":{"start":{"line":35,"column":27},"end":{"line":35,"column":82}}},"5":{"name":"(anonymous_9)","decl":{"start":{"line":42,"column":4},"end":{"line":42,"column":9}},"loc":{"start":{"line":42,"column":62},"end":{"line":48,"column":5}}}},"branchMap":{"0":{"loc":{"start":{"line":17,"column":16},"end":{"line":23,"column":17}},"type":"if","locations":[{"start":{"line":17,"column":16},"end":{"line":23,"column":17}}]},"1":{"loc":{"start":{"line":18,"column":20},"end":{"line":20,"column":57}},"type":"binary-expr","locations":[{"start":{"line":18,"column":20},"end":{"line":18,"column":35}},{"start":{"line":19,"column":20},"end":{"line":19,"column":54}},{"start":{"line":20,"column":20},"end":{"line":20,"column":57}}]},"2":{"loc":{"start":{"line":35,"column":27},"end":{"line":35,"column":82}},"type":"binary-expr","locations":[{"start":{"line":35,"column":27},"end":{"line":35,"column":42}},{"start":{"line":35,"column":46},"end":{"line":35,"column":82}}]}},"s":{"0":4,"1":4,"2":4,"3":4,"4":4,"5":8,"6":2,"7":2,"8":1,"9":2,"10":1,"11":1,"12":1,"13":2,"14":2,"15":1,"16":2,"17":1,"18":2,"19":2,"20":1,"21":4,"22":4},"f":{"0":8,"1":2,"2":2,"3":2,"4":2,"5":2},"b":{"0":[1],"1":[2,2,1],"2":[2,1]}}
,"/home/r4ting/final_project/app/src/modules/support/services/support-request.service.ts": {"path":"/home/r4ting/final_project/app/src/modules/support/services/support-request.service.ts","statementMap":{"0":{"start":{"line":1,"column":0},"end":{"line":1,"column":44}},"1":{"start":{"line":3,"column":0},"end":{"line":3,"column":47}},"2":{"start":{"line":4,"column":0},"end":{"line":4,"column":40}},"3":{"start":{"line":5,"column":0},"end":{"line":5,"column":89}},"4":{"start":{"line":6,"column":0},"end":{"line":6,"column":50}},"5":{"start":{"line":7,"column":0},"end":{"line":7,"column":54}},"6":{"start":{"line":10,"column":7},"end":{"line":117,"column":2}},"7":{"start":{"line":12,"column":59},"end":{"line":12,"column":80}},"8":{"start":{"line":13,"column":16},"end":{"line":13,"column":30}},"9":{"start":{"line":17,"column":8},"end":{"line":26,"column":9}},"10":{"start":{"line":18,"column":31},"end":{"line":21,"column":14}},"11":{"start":{"line":23,"column":12},"end":{"line":23,"column":69}},"12":{"start":{"line":25,"column":12},"end":{"line":25,"column":22}},"13":{"start":{"line":30,"column":53},"end":{"line":30,"column":58}},"14":{"start":{"line":32,"column":28},"end":{"line":32,"column":38}},"15":{"start":{"line":34,"column":8},"end":{"line":36,"column":9}},"16":{"start":{"line":35,"column":12},"end":{"line":35,"column":50}},"17":{"start":{"line":38,"column":32},"end":{"line":42,"column":19}},"18":{"start":{"line":44,"column":8},"end":{"line":49,"column":12}},"19":{"start":{"line":44,"column":43},"end":{"line":49,"column":10}},"20":{"start":{"line":53,"column":53},"end":{"line":53,"column":58}},"21":{"start":{"line":55,"column":28},"end":{"line":55,"column":30}},"22":{"start":{"line":57,"column":8},"end":{"line":59,"column":9}},"23":{"start":{"line":58,"column":12},"end":{"line":58,"column":50}},"24":{"start":{"line":61,"column":32},"end":{"line":66,"column":19}},"25":{"start":{"line":68,"column":8},"end":{"line":79,"column":12}},"26":{"start":{"line":68,"column":50},"end":{"line":79,"column":10}},"27":{"start":{"line":83,"column":8},"end":{"line":99,"column":9}},"28":{"start":{"line":84,"column":35},"end":{"line":84,"column":95}},"29":{"start":{"line":86,"column":28},"end":{"line":86,"column":41}},"30":{"start":{"line":88,"column":12},"end":{"line":88,"column":59}},"31":{"start":{"line":89,"column":12},"end":{"line":89,"column":37}},"32":{"start":{"line":90,"column":12},"end":{"line":90,"column":40}},"33":{"start":{"line":92,"column":12},"end":{"line":92,"column":50}},"34":{"start":{"line":93,"column":12},"end":{"line":93,"column":40}},"35":{"start":{"line":95,"column":12},"end":{"line":95,"column":76}},"36":{"start":{"line":96,"column":12},"end":{"line":96,"column":27}},"37":{"start":{"line":98,"column":12},"end":{"line":98,"column":22}},"38":{"start":{"line":103,"column":8},"end":{"line":108,"column":9}},"39":{"start":{"line":104,"column":28},"end":{"line":104,"column":90}},"40":{"start":{"line":105,"column":12},"end":{"line":105,"column":36}},"41":{"start":{"line":107,"column":12},"end":{"line":107,"column":22}},"42":{"start":{"line":114,"column":8},"end":{"line":114,"column":54}},"43":{"start":{"line":115,"column":8},"end":{"line":115,"column":68}},"44":{"start":{"line":115,"column":21},"end":{"line":115,"column":67}},"45":{"start":{"line":10,"column":13},"end":{"line":10,"column":34}},"46":{"start":{"line":10,"column":13},"end":{"line":117,"column":2}}},"fnMap":{"0":{"name":"(anonymous_4)","decl":{"start":{"line":11,"column":4},"end":{"line":11,"column":null}},"loc":{"start":{"line":13,"column":43},"end":{"line":14,"column":8}}},"1":{"name":"(anonymous_5)","decl":{"start":{"line":16,"column":4},"end":{"line":16,"column":9}},"loc":{"start":{"line":16,"column":55},"end":{"line":27,"column":5}}},"2":{"name":"(anonymous_6)","decl":{"start":{"line":29,"column":4},"end":{"line":29,"column":9}},"loc":{"start":{"line":29,"column":50},"end":{"line":50,"column":5}}},"3":{"name":"(anonymous_7)","decl":{"start":{"line":44,"column":35},"end":{"line":44,"column":38}},"loc":{"start":{"line":44,"column":43},"end":{"line":49,"column":10}}},"4":{"name":"(anonymous_8)","decl":{"start":{"line":52,"column":4},"end":{"line":52,"column":9}},"loc":{"start":{"line":52,"column":38},"end":{"line":80,"column":5}}},"5":{"name":"(anonymous_9)","decl":{"start":{"line":68,"column":35},"end":{"line":68,"column":36}},"loc":{"start":{"line":68,"column":50},"end":{"line":79,"column":10}}},"6":{"name":"(anonymous_10)","decl":{"start":{"line":82,"column":4},"end":{"line":82,"column":9}},"loc":{"start":{"line":82,"column":42},"end":{"line":100,"column":5}}},"7":{"name":"(anonymous_11)","decl":{"start":{"line":102,"column":4},"end":{"line":102,"column":9}},"loc":{"start":{"line":102,"column":61},"end":{"line":109,"column":5}}},"8":{"name":"(anonymous_12)","decl":{"start":{"line":111,"column":4},"end":{"line":111,"column":13}},"loc":{"start":{"line":112,"column":73},"end":{"line":116,"column":5}}},"9":{"name":"(anonymous_13)","decl":{"start":{"line":115,"column":15},"end":{"line":115,"column":18}},"loc":{"start":{"line":115,"column":21},"end":{"line":115,"column":67}}}},"branchMap":{"0":{"loc":{"start":{"line":19,"column":20},"end":{"line":19,"column":56}},"type":"binary-expr","locations":[{"start":{"line":19,"column":20},"end":{"line":19,"column":31}},{"start":{"line":19,"column":35},"end":{"line":19,"column":56}}]},"1":{"loc":{"start":{"line":30,"column":16},"end":{"line":30,"column":26}},"type":"default-arg","locations":[{"start":{"line":30,"column":24},"end":{"line":30,"column":26}}]},"2":{"loc":{"start":{"line":30,"column":28},"end":{"line":30,"column":38}},"type":"default-arg","locations":[{"start":{"line":30,"column":37},"end":{"line":30,"column":38}}]},"3":{"loc":{"start":{"line":34,"column":8},"end":{"line":36,"column":9}},"type":"if","locations":[{"start":{"line":34,"column":8},"end":{"line":36,"column":9}}]},"4":{"loc":{"start":{"line":53,"column":16},"end":{"line":53,"column":26}},"type":"default-arg","locations":[{"start":{"line":53,"column":24},"end":{"line":53,"column":26}}]},"5":{"loc":{"start":{"line":53,"column":28},"end":{"line":53,"column":38}},"type":"default-arg","locations":[{"start":{"line":53,"column":37},"end":{"line":53,"column":38}}]},"6":{"loc":{"start":{"line":57,"column":8},"end":{"line":59,"column":9}},"type":"if","locations":[{"start":{"line":57,"column":8},"end":{"line":59,"column":9}}]}},"s":{"0":6,"1":6,"2":6,"3":6,"4":6,"5":6,"6":6,"7":15,"8":15,"9":2,"10":2,"11":2,"12":1,"13":3,"14":3,"15":3,"16":2,"17":3,"18":3,"19":3,"20":3,"21":3,"22":3,"23":2,"24":3,"25":3,"26":4,"27":2,"28":2,"29":1,"30":1,"31":1,"32":1,"33":1,"34":1,"35":1,"36":1,"37":1,"38":2,"39":2,"40":1,"41":1,"42":1,"43":1,"44":1,"45":6,"46":6},"f":{"0":15,"1":2,"2":3,"3":3,"4":3,"5":4,"6":2,"7":2,"8":1,"9":1},"b":{"0":[2,2],"1":[1],"2":[1],"3":[2],"4":[1],"5":[1],"6":[2]}}
,"/home/r4ting/final_project/app/src/modules/users/users.controller.ts": {"path":"/home/r4ting/final_project/app/src/modules/users/users.controller.ts","statementMap":{"0":{"start":{"line":1,"column":0},"end":{"line":1,"column":86}},"1":{"start":{"line":2,"column":0},"end":{"line":2,"column":47}},"2":{"start":{"line":3,"column":0},"end":{"line":3,"column":45}},"3":{"start":{"line":4,"column":0},"end":{"line":4,"column":57}},"4":{"start":{"line":5,"column":0},"end":{"line":5,"column":53}},"5":{"start":{"line":6,"column":0},"end":{"line":6,"column":32}},"6":{"start":{"line":9,"column":7},"end":{"line":59,"column":2}},"7":{"start":{"line":11,"column":25},"end":{"line":11,"column":39}},"8":{"start":{"line":20,"column":66},"end":{"line":20,"column":70}},"9":{"start":{"line":21,"column":8},"end":{"line":23,"column":9}},"10":{"start":{"line":22,"column":12},"end":{"line":22,"column":55}},"11":{"start":{"line":25,"column":21},"end":{"line":25,"column":70}},"12":{"start":{"line":26,"column":8},"end":{"line":34,"column":9}},"13":{"start":{"line":27,"column":28},"end":{"line":27,"column":71}},"14":{"start":{"line":28,"column":12},"end":{"line":28,"column":27}},"15":{"start":{"line":30,"column":12},"end":{"line":32,"column":13}},"16":{"start":{"line":31,"column":16},"end":{"line":31,"column":71}},"17":{"start":{"line":33,"column":12},"end":{"line":33,"column":22}},"18":{"start":{"line":43,"column":60},"end":{"line":43,"column":64}},"19":{"start":{"line":44,"column":8},"end":{"line":46,"column":9}},"20":{"start":{"line":45,"column":12},"end":{"line":45,"column":55}},"21":{"start":{"line":48,"column":21},"end":{"line":48,"column":64}},"22":{"start":{"line":49,"column":8},"end":{"line":57,"column":9}},"23":{"start":{"line":50,"column":28},"end":{"line":50,"column":68}},"24":{"start":{"line":51,"column":12},"end":{"line":51,"column":27}},"25":{"start":{"line":53,"column":12},"end":{"line":55,"column":13}},"26":{"start":{"line":54,"column":16},"end":{"line":54,"column":71}},"27":{"start":{"line":56,"column":12},"end":{"line":56,"column":22}},"28":{"start":{"line":9,"column":13},"end":{"line":9,"column":28}},"29":{"start":{"line":17,"column":10},"end":{"line":35,"column":6}},"30":{"start":{"line":40,"column":10},"end":{"line":58,"column":6}},"31":{"start":{"line":9,"column":13},"end":{"line":59,"column":2}}},"fnMap":{"0":{"name":"(anonymous_4)","decl":{"start":{"line":10,"column":4},"end":{"line":10,"column":null}},"loc":{"start":{"line":11,"column":51},"end":{"line":12,"column":8}}},"1":{"name":"(anonymous_5)","decl":{"start":{"line":17,"column":4},"end":{"line":17,"column":9}},"loc":{"start":{"line":18,"column":29},"end":{"line":35,"column":5}}},"2":{"name":"(anonymous_6)","decl":{"start":{"line":40,"column":4},"end":{"line":40,"column":9}},"loc":{"start":{"line":41,"column":29},"end":{"line":58,"column":5}}}},"branchMap":{"0":{"loc":{"start":{"line":21,"column":8},"end":{"line":23,"column":9}},"type":"if","locations":[{"start":{"line":21,"column":8},"end":{"line":23,"column":9}}]},"1":{"loc":{"start":{"line":21,"column":12},"end":{"line":21,"column":70}},"type":"binary-expr","locations":[{"start":{"line":21,"column":12},"end":{"line":21,"column":18}},{"start":{"line":21,"column":22},"end":{"line":21,"column":35}},{"start":{"line":21,"column":39},"end":{"line":21,"column":44}},{"start":{"line":21,"column":48},"end":{"line":21,"column":61}},{"start":{"line":21,"column":65},"end":{"line":21,"column":70}}]},"2":{"loc":{"start":{"line":30,"column":12},"end":{"line":32,"column":13}},"type":"if","locations":[{"start":{"line":30,"column":12},"end":{"line":32,"column":13}}]},"3":{"loc":{"start":{"line":44,"column":8},"end":{"line":46,"column":9}},"type":"if","locations":[{"start":{"line":44,"column":8},"end":{"line":46,"column":9}}]},"4":{"loc":{"start":{"line":44,"column":12},"end":{"line":44,"column":61}},"type":"binary-expr","locations":[{"start":{"line":44,"column":12},"end":{"line":44,"column":18}},{"start":{"line":44,"column":22},"end":{"line":44,"column":35}},{"start":{"line":44,"column":39},"end":{"line":44,"column":44}},{"start":{"line":44,"column":48},"end":{"line":44,"column":61}}]},"5":{"loc":{"start":{"line":53,"column":12},"end":{"line":55,"column":13}},"type":"if","locations":[{"start":{"line":53,"column":12},"end":{"line":55,"column":13}}]}},"s":{"0":4,"1":4,"2":4,"3":4,"4":4,"5":4,"6":4,"7":11,"8":6,"9":6,"10":1,"11":5,"12":5,"13":5,"14":1,"15":4,"16":2,"17":2,"18":4,"19":4,"20":1,"21":3,"22":3,"23":3,"24":1,"25":2,"26":1,"27":1,"28":4,"29":4,"30":4,"31":4},"f":{"0":11,"1":6,"2":4},"b":{"0":[1],"1":[6,6,5,5,5],"2":[2],"3":[1],"4":[4,4,3,3],"5":[1]}}
,"/home/r4ting/final_project/app/src/modules/users/users.module.ts": {"path":"/home/r4ting/final_project/app/src/modules/users/users.module.ts","statementMap":{"0":{"start":{"line":1,"column":0},"end":{"line":1,"column":40}},"1":{"start":{"line":2,"column":0},"end":{"line":2,"column":47}},"2":{"start":{"line":3,"column":0},"end":{"line":3,"column":50}},"3":{"start":{"line":4,"column":0},"end":{"line":4,"column":55}},"4":{"start":{"line":5,"column":0},"end":{"line":5,"column":53}},"5":{"start":{"line":15,"column":7},"end":{"line":15,"column":28}},"6":{"start":{"line":15,"column":13},"end":{"line":15,"column":24}},"7":{"start":{"line":15,"column":13},"end":{"line":15,"column":28}}},"fnMap":{},"branchMap":{},"s":{"0":3,"1":3,"2":3,"3":3,"4":3,"5":3,"6":3,"7":3},"f":{},"b":{}}
,"/home/r4ting/final_project/app/src/modules/users/users.service.ts": {"path":"/home/r4ting/final_project/app/src/modules/users/users.service.ts","statementMap":{"0":{"start":{"line":1,"column":0},"end":{"line":1,"column":63}},"1":{"start":{"line":3,"column":0},"end":{"line":3,"column":40}},"2":{"start":{"line":4,"column":0},"end":{"line":4,"column":57}},"3":{"start":{"line":5,"column":0},"end":{"line":5,"column":47}},"4":{"start":{"line":6,"column":0},"end":{"line":6,"column":35}},"5":{"start":{"line":9,"column":7},"end":{"line":113,"column":2}},"6":{"start":{"line":11,"column":49},"end":{"line":11,"column":60}},"7":{"start":{"line":15,"column":8},"end":{"line":39,"column":9}},"8":{"start":{"line":16,"column":33},"end":{"line":16,"column":67}},"9":{"start":{"line":17,"column":12},"end":{"line":19,"column":13}},"10":{"start":{"line":18,"column":16},"end":{"line":18,"column":70}},"11":{"start":{"line":21,"column":35},"end":{"line":21,"column":75}},"12":{"start":{"line":23,"column":28},"end":{"line":29,"column":14}},"13":{"start":{"line":31,"column":32},"end":{"line":31,"column":68}},"14":{"start":{"line":32,"column":12},"end":{"line":32,"column":31}},"15":{"start":{"line":34,"column":12},"end":{"line":38,"column":13}},"16":{"start":{"line":35,"column":16},"end":{"line":35,"column":70}},"17":{"start":{"line":37,"column":16},"end":{"line":37,"column":26}},"18":{"start":{"line":43,"column":8},"end":{"line":67,"column":9}},"19":{"start":{"line":44,"column":33},"end":{"line":44,"column":67}},"20":{"start":{"line":45,"column":12},"end":{"line":47,"column":13}},"21":{"start":{"line":46,"column":16},"end":{"line":46,"column":70}},"22":{"start":{"line":49,"column":35},"end":{"line":49,"column":75}},"23":{"start":{"line":51,"column":28},"end":{"line":57,"column":14}},"24":{"start":{"line":59,"column":32},"end":{"line":59,"column":68}},"25":{"start":{"line":60,"column":12},"end":{"line":60,"column":31}},"26":{"start":{"line":62,"column":12},"end":{"line":66,"column":13}},"27":{"start":{"line":63,"column":16},"end":{"line":63,"column":70}},"28":{"start":{"line":65,"column":16},"end":{"line":65,"column":26}},"29":{"start":{"line":71,"column":8},"end":{"line":75,"column":9}},"30":{"start":{"line":72,"column":12},"end":{"line":72,"column":60}},"31":{"start":{"line":74,"column":12},"end":{"line":74,"column":22}},"32":{"start":{"line":79,"column":8},"end":{"line":83,"column":9}},"33":{"start":{"line":80,"column":12},"end":{"line":80,"column":66}},"34":{"start":{"line":82,"column":12},"end":{"line":82,"column":22}},"35":{"start":{"line":87,"column":8},"end":{"line":111,"column":9}},"36":{"start":{"line":88,"column":31},"end":{"line":88,"column":33}},"37":{"start":{"line":90,"column":12},"end":{"line":92,"column":13}},"38":{"start":{"line":91,"column":16},"end":{"line":91,"column":60}},"39":{"start":{"line":94,"column":12},"end":{"line":96,"column":13}},"40":{"start":{"line":95,"column":16},"end":{"line":95,"column":58}},"41":{"start":{"line":98,"column":12},"end":{"line":101,"column":13}},"42":{"start":{"line":99,"column":37},"end":{"line":99,"column":95}},"43":{"start":{"line":100,"column":16},"end":{"line":100,"column":67}},"44":{"start":{"line":103,"column":12},"end":{"line":107,"column":24}},"45":{"start":{"line":110,"column":12},"end":{"line":110,"column":22}},"46":{"start":{"line":9,"column":13},"end":{"line":9,"column":25}},"47":{"start":{"line":9,"column":13},"end":{"line":113,"column":2}}},"fnMap":{"0":{"name":"(anonymous_4)","decl":{"start":{"line":10,"column":4},"end":{"line":10,"column":null}},"loc":{"start":{"line":11,"column":79},"end":{"line":12,"column":8}}},"1":{"name":"(anonymous_5)","decl":{"start":{"line":14,"column":4},"end":{"line":14,"column":9}},"loc":{"start":{"line":14,"column":40},"end":{"line":40,"column":5}}},"2":{"name":"(anonymous_6)","decl":{"start":{"line":42,"column":4},"end":{"line":42,"column":9}},"loc":{"start":{"line":42,"column":43},"end":{"line":68,"column":5}}},"3":{"name":"(anonymous_7)","decl":{"start":{"line":70,"column":4},"end":{"line":70,"column":9}},"loc":{"start":{"line":70,"column":46},"end":{"line":76,"column":5}}},"4":{"name":"(anonymous_8)","decl":{"start":{"line":78,"column":4},"end":{"line":78,"column":9}},"loc":{"start":{"line":78,"column":35},"end":{"line":84,"column":5}}},"5":{"name":"(anonymous_9)","decl":{"start":{"line":86,"column":4},"end":{"line":86,"column":9}},"loc":{"start":{"line":86,"column":42},"end":{"line":112,"column":5}}}},"branchMap":{"0":{"loc":{"start":{"line":17,"column":12},"end":{"line":19,"column":13}},"type":"if","locations":[{"start":{"line":17,"column":12},"end":{"line":19,"column":13}}]},"1":{"loc":{"start":{"line":34,"column":12},"end":{"line":38,"column":13}},"type":"if","locations":[{"start":{"line":34,"column":12},"end":{"line":38,"column":13}},{"start":{"line":36,"column":19},"end":{"line":38,"column":13}}]},"2":{"loc":{"start":{"line":45,"column":12},"end":{"line":47,"column":13}},"type":"if","locations":[{"start":{"line":45,"column":12},"end":{"line":47,"column":13}}]},"3":{"loc":{"start":{"line":62,"column":12},"end":{"line":66,"column":13}},"type":"if","locations":[{"start":{"line":62,"column":12},"end":{"line":66,"column":13}},{"start":{"line":64,"column":19},"end":{"line":66,"column":13}}]},"4":{"loc":{"start":{"line":90,"column":12},"end":{"line":92,"column":13}},"type":"if","locations":[{"start":{"line":90,"column":12},"end":{"line":92,"column":13}}]},"5":{"loc":{"start":{"line":94,"column":12},"end":{"line":96,"column":13}},"type":"if","locations":[{"start":{"line":94,"column":12},"end":{"line":96,"column":13}}]},"6":{"loc":{"start":{"line":98,"column":12},"end":{"line":101,"column":13}},"type":"if","locations":[{"start":{"line":98,"column":12},"end":{"line":101,"column":13}}]}},"s":{"0":8,"1":8,"2":8,"3":8,"4":8,"5":8,"6":19,"7":3,"8":3,"9":2,"10":1,"11":1,"12":1,"13":1,"14":1,"15":2,"16":1,"17":1,"18":3,"19":3,"20":3,"21":1,"22":2,"23":2,"24":2,"25":1,"26":2,"27":1,"28":1,"29":4,"30":4,"31":1,"32":9,"33":9,"34":2,"35":4,"36":4,"37":4,"38":3,"39":4,"40":2,"41":4,"42":2,"43":2,"44":4,"45":1,"46":8,"47":8},"f":{"0":19,"1":3,"2":3,"3":4,"4":9,"5":4},"b":{"0":[1],"1":[1,1],"2":[1],"3":[1,1],"4":[3],"5":[2],"6":[2]}}
,"/home/r4ting/final_project/app/src/modules/users/dto/index.ts": {"path":"/home/r4ting/final_project/app/src/modules/users/dto/index.ts","statementMap":{"0":{"start":{"line":3,"column":0},"end":{"line":3,"column":76}},"1":{"start":{"line":21,"column":0},"end":{"line":21,"column":13}},"2":{"start":{"line":23,"column":4},"end":{"line":23,"column":null}},"3":{"start":{"line":26,"column":4},"end":{"line":26,"column":null}},"4":{"start":{"line":29,"column":4},"end":{"line":29,"column":null}},"5":{"start":{"line":33,"column":4},"end":{"line":33,"column":null}},"6":{"start":{"line":37,"column":4},"end":{"line":37,"column":null}}},"fnMap":{},"branchMap":{},"s":{"0":4,"1":4,"2":4,"3":4,"4":4,"5":4,"6":4},"f":{},"b":{}}
,"/home/r4ting/final_project/app/src/modules/users/models/user.model.ts": {"path":"/home/r4ting/final_project/app/src/modules/users/models/user.model.ts","statementMap":{"0":{"start":{"line":1,"column":0},"end":{"line":1,"column":63}},"1":{"start":{"line":6,"column":7},"end":{"line":21,"column":2}},"2":{"start":{"line":6,"column":13},"end":{"line":6,"column":17}},"3":{"start":{"line":8,"column":4},"end":{"line":8,"column":null}},"4":{"start":{"line":11,"column":4},"end":{"line":11,"column":null}},"5":{"start":{"line":14,"column":4},"end":{"line":14,"column":null}},"6":{"start":{"line":17,"column":4},"end":{"line":17,"column":null}},"7":{"start":{"line":20,"column":4},"end":{"line":20,"column":null}},"8":{"start":{"line":6,"column":13},"end":{"line":21,"column":2}},"9":{"start":{"line":23,"column":13},"end":{"line":23,"column":61}}},"fnMap":{},"branchMap":{},"s":{"0":8,"1":8,"2":8,"3":8,"4":8,"5":8,"6":8,"7":8,"8":8,"9":8},"f":{},"b":{}}
}
