TN:
SF:src/main.ts
FN:8,bootstrap
FNF:1
FNH:1
FNDA:4,bootstrap
DA:1,1
DA:2,1
DA:3,1
DA:4,1
DA:5,1
DA:8,1
DA:9,4
DA:10,4
DA:11,4
DA:17,4
DA:18,4
DA:19,4
DA:20,4
DA:21,4
DA:23,1
LF:15
LH:15
BRDA:20,0,0,4
BRDA:20,0,1,2
BRF:2
BRH:2
end_of_record
TN:
SF:src/config/multer.config.ts
FN:10,(anonymous_0)
FN:13,(anonymous_1)
FNF:2
FNH:2
FNDA:1,(anonymous_0)
FNDA:32,(anonymous_1)
DA:1,4
DA:2,4
DA:5,4
DA:7,4
DA:11,1
DA:13,32
DA:15,1
LF:7
LH:7
BRF:0
BRH:0
end_of_record
TN:
SF:src/decorators/roles.decorator.ts
FN:3,(anonymous_0)
FNF:1
FNH:1
FNDA:56,(anonymous_0)
DA:1,13
DA:3,56
LF:2
LH:2
BRF:0
BRH:0
end_of_record
TN:
SF:src/guards/roles-guard.ts
FN:6,(anonymous_2)
FN:8,(anonymous_3)
FN:28,(anonymous_4)
FN:29,(anonymous_5)
FNF:4
FNH:4
FNDA:38,(anonymous_2)
FNDA:5,(anonymous_3)
FNDA:3,(anonymous_4)
FNDA:3,(anonymous_5)
DA:1,14
DA:2,14
DA:5,14
DA:6,38
DA:9,5
DA:10,5
DA:11,1
DA:14,4
DA:15,4
DA:17,4
DA:18,1
DA:21,3
DA:22,1
DA:25,2
DA:29,3
LF:15
LH:15
BRDA:10,0,0,1
BRDA:10,1,0,5
BRDA:10,1,1,4
BRDA:17,2,0,1
BRDA:21,3,0,1
BRF:5
BRH:5
end_of_record
TN:
SF:src/local.strategy/local.strategy.ts
FN:8,(anonymous_2)
FN:14,(anonymous_3)
FNF:2
FNH:2
FNDA:3,(anonymous_2)
FNDA:2,(anonymous_3)
DA:1,3
DA:2,3
DA:3,3
DA:4,3
DA:7,3
DA:9,3
DA:11,3
DA:15,2
DA:16,2
DA:17,1
DA:19,1
LF:11
LH:11
BRDA:16,0,0,1
BRF:1
BRH:1
end_of_record
TN:
SF:src/local.strategy/session.serializer.ts
FN:6,(anonymous_1)
FN:10,(anonymous_2)
FNF:2
FNH:2
FNDA:1,(anonymous_1)
FNDA:1,(anonymous_2)
DA:1,3
DA:2,3
DA:5,3
DA:7,1
DA:11,1
LF:5
LH:5
BRF:0
BRH:0
end_of_record
TN:
SF:src/modules/app.controller.ts
FN:6,(anonymous_2)
FNF:1
FNH:0
FNDA:0,(anonymous_2)
DA:1,1
DA:4,1
DA:6,1
DA:7,0
LF:4
LH:3
BRF:0
BRH:0
end_of_record
TN:
SF:src/modules/app.module.ts
FNF:0
FNH:0
DA:1,1
DA:2,1
DA:3,1
DA:4,1
DA:5,1
DA:6,1
DA:7,1
DA:8,1
DA:9,1
DA:10,1
DA:27,1
LF:11
LH:11
BRF:0
BRH:0
end_of_record
TN:
SF:src/modules/auth/auth.controller.ts
FN:8,(anonymous_4)
FN:14,(anonymous_5)
FN:15,(anonymous_6)
FN:31,(anonymous_7)
FN:33,(anonymous_8)
FN:34,(anonymous_9)
FN:49,(anonymous_10)
FNF:7
FNH:7
FNDA:8,(anonymous_4)
FNDA:2,(anonymous_5)
FNDA:2,(anonymous_6)
FNDA:2,(anonymous_7)
FNDA:2,(anonymous_8)
FNDA:2,(anonymous_9)
FNDA:3,(anonymous_10)
DA:1,3
DA:2,3
DA:4,3
DA:7,3
DA:9,8
DA:14,3
DA:15,2
DA:16,2
DA:17,1
DA:20,1
DA:22,1
DA:31,3
DA:32,2
DA:33,2
DA:34,2
DA:35,2
DA:36,1
DA:38,2
DA:41,1
DA:42,1
DA:44,1
DA:49,3
DA:52,3
DA:53,3
DA:60,3
DA:61,3
DA:62,2
DA:68,1
LF:28
LH:28
BRDA:16,0,0,1
BRDA:35,1,0,1
BRDA:58,2,0,3
BRDA:58,2,1,1
BRF:4
BRH:4
end_of_record
TN:
SF:src/modules/auth/auth.module.ts
FNF:0
FNH:0
DA:1,2
DA:2,2
DA:3,2
DA:4,2
DA:5,2
DA:6,2
DA:7,2
DA:21,2
LF:8
LH:8
BRF:0
BRH:0
end_of_record
TN:
SF:src/modules/auth/auth.service.ts
FN:8,(anonymous_2)
FN:10,(anonymous_3)
FNF:2
FNH:2
FNDA:4,(anonymous_2)
FNDA:3,(anonymous_3)
DA:1,4
DA:2,4
DA:3,4
DA:7,4
DA:8,4
DA:11,3
DA:13,3
DA:14,1
DA:17,2
DA:19,2
DA:20,1
DA:23,1
DA:25,1
LF:13
LH:13
BRDA:13,0,0,1
BRDA:19,1,0,1
BRF:2
BRH:2
end_of_record
TN:
SF:src/modules/hotel/hotel.module.ts
FNF:0
FNH:0
DA:1,2
DA:2,2
DA:3,2
DA:4,2
DA:5,2
DA:6,2
DA:7,2
DA:8,2
DA:9,2
DA:23,2
LF:10
LH:10
BRF:0
BRH:0
end_of_record
TN:
SF:src/modules/hotel/controllers/hotel-room.controller.ts
FN:15,(anonymous_4)
FN:22,(anonymous_5)
FN:38,(anonymous_6)
FN:49,(anonymous_7)
FN:58,(anonymous_8)
FN:85,(anonymous_9)
FN:93,(anonymous_10)
FNF:7
FNH:7
FNDA:14,(anonymous_4)
FNDA:2,(anonymous_5)
FNDA:5,(anonymous_6)
FNDA:7,(anonymous_7)
FNDA:3,(anonymous_8)
FNDA:2,(anonymous_9)
FNDA:1,(anonymous_10)
DA:1,3
DA:2,3
DA:4,3
DA:5,3
DA:6,3
DA:7,3
DA:8,3
DA:9,3
DA:10,3
DA:14,3
DA:16,14
DA:17,14
DA:22,3
DA:23,2
DA:24,1
DA:27,1
DA:29,1
DA:38,3
DA:43,5
DA:49,7
DA:58,3
DA:62,3
DA:63,1
DA:66,2
DA:68,2
DA:69,1
DA:72,1
DA:85,3
DA:89,2
DA:90,1
DA:93,1
DA:95,1
DA:103,1
LF:33
LH:33
BRDA:23,0,0,1
BRDA:39,1,0,1
BRDA:40,2,0,3
BRDA:41,3,0,4
BRDA:44,4,0,3
BRDA:44,4,1,2
BRDA:45,5,0,1
BRDA:45,5,1,4
BRDA:46,6,0,5
BRDA:46,6,1,4
BRDA:62,7,0,1
BRDA:68,8,0,1
BRDA:89,9,0,1
BRDA:89,10,0,2
BRDA:89,10,1,2
BRF:15
BRH:15
end_of_record
TN:
SF:src/modules/hotel/controllers/hotel.controller.ts
FN:8,(anonymous_4)
FN:13,(anonymous_5)
FN:27,(anonymous_6)
FN:39,(anonymous_7)
FNF:4
FNH:4
FNDA:8,(anonymous_4)
FNDA:3,(anonymous_5)
FNDA:2,(anonymous_6)
FNDA:4,(anonymous_7)
DA:1,3
DA:3,3
DA:4,3
DA:7,3
DA:9,8
DA:13,3
DA:18,3
DA:25,3
DA:27,3
DA:39,3
DA:42,4
DA:43,1
DA:46,3
DA:48,3
DA:49,1
DA:52,2
LF:16
LH:16
BRDA:21,0,0,2
BRDA:21,0,1,1
BRDA:32,1,0,1
BRDA:32,1,1,1
BRDA:42,2,0,1
BRDA:48,3,0,1
BRDA:57,4,0,1
BRDA:57,4,1,1
BRF:8
BRH:8
end_of_record
TN:
SF:src/modules/hotel/models/hotel-room.model.ts
FNF:0
FNH:0
DA:1,6
DA:2,6
DA:7,6
DA:9,6
DA:12,6
DA:15,6
DA:18,6
DA:21,6
LF:8
LH:8
BRF:0
BRH:0
end_of_record
TN:
SF:src/modules/hotel/models/hotel.model.ts
FNF:0
FNH:0
DA:1,5
DA:7,5
DA:9,5
DA:12,5
DA:15,5
LF:5
LH:5
BRF:0
BRH:0
end_of_record
TN:
SF:src/modules/hotel/services/hotel-room.service.ts
FN:9,(anonymous_4)
FN:13,(anonymous_5)
FN:22,(anonymous_6)
FN:30,(anonymous_7)
FN:52,(anonymous_8)
FNF:5
FNH:5
FNDA:10,(anonymous_4)
FNDA:2,(anonymous_5)
FNDA:2,(anonymous_6)
FNDA:2,(anonymous_7)
FNDA:2,(anonymous_8)
DA:1,5
DA:2,5
DA:3,5
DA:4,5
DA:8,5
DA:10,10
DA:14,2
DA:15,2
DA:16,1
DA:18,1
DA:23,2
DA:24,2
DA:26,1
DA:31,2
DA:32,2
DA:36,2
DA:37,2
DA:40,2
DA:48,1
DA:53,2
DA:54,2
DA:56,1
LF:22
LH:22
BRDA:36,0,0,2
BRF:1
BRH:1
end_of_record
TN:
SF:src/modules/hotel/services/hotel.service.ts
FN:9,(anonymous_4)
FN:13,(anonymous_5)
FN:22,(anonymous_6)
FN:34,(anonymous_7)
FN:53,(anonymous_8)
FNF:5
FNH:5
FNDA:10,(anonymous_4)
FNDA:2,(anonymous_5)
FNDA:3,(anonymous_6)
FNDA:2,(anonymous_7)
FNDA:2,(anonymous_8)
DA:1,4
DA:2,4
DA:3,4
DA:4,4
DA:8,4
DA:10,10
DA:14,2
DA:15,2
DA:16,1
DA:18,1
DA:23,3
DA:24,3
DA:25,2
DA:26,1
DA:28,1
DA:30,2
DA:35,2
DA:36,2
DA:38,2
DA:39,2
DA:42,2
DA:49,1
DA:54,2
DA:55,2
DA:57,1
LF:25
LH:25
BRDA:25,0,0,1
BRDA:38,1,0,2
BRF:2
BRH:2
end_of_record
TN:
SF:src/modules/reservation/reservation.module.ts
FNF:0
FNH:0
DA:1,2
DA:2,2
DA:3,2
DA:4,2
DA:5,2
DA:6,2
DA:7,2
DA:8,2
DA:9,2
DA:23,2
LF:10
LH:10
BRF:0
BRH:0
end_of_record
TN:
SF:src/modules/reservation/controllers/reservation-manager.controller.ts
FN:14,(anonymous_4)
FN:20,(anonymous_5)
FN:25,(anonymous_6)
FN:41,(anonymous_7)
FNF:4
FNH:4
FNDA:4,(anonymous_4)
FNDA:1,(anonymous_5)
FNDA:1,(anonymous_6)
FNDA:2,(anonymous_7)
DA:1,3
DA:2,3
DA:3,3
DA:5,3
DA:6,3
DA:7,3
DA:13,3
DA:15,4
DA:20,3
DA:23,1
DA:25,1
DA:41,3
DA:42,2
LF:13
LH:13
BRF:0
BRH:0
end_of_record
TN:
SF:src/modules/reservation/controllers/reservation.controller.ts
FN:14,(anonymous_4)
FN:20,(anonymous_5)
FN:46,(anonymous_6)
FN:53,(anonymous_7)
FN:63,(anonymous_8)
FNF:5
FNH:5
FNDA:4,(anonymous_4)
FNDA:1,(anonymous_5)
FNDA:1,(anonymous_6)
FNDA:1,(anonymous_7)
FNDA:1,(anonymous_8)
DA:1,3
DA:2,3
DA:3,3
DA:6,3
DA:7,3
DA:13,3
DA:15,4
DA:20,3
DA:24,1
DA:25,1
DA:30,1
DA:46,3
DA:47,1
DA:48,1
DA:53,3
DA:56,1
DA:57,1
DA:63,1
LF:18
LH:18
BRF:0
BRH:0
end_of_record
TN:
SF:src/modules/reservation/models/reservation.model.ts
FNF:0
FNH:0
DA:1,6
DA:2,6
DA:10,6
DA:12,6
DA:15,6
DA:18,6
DA:21,6
DA:24,6
DA:27,6
LF:9
LH:9
BRF:0
BRH:0
end_of_record
TN:
SF:src/modules/reservation/services/reservation-manager.service.ts
FN:9,(anonymous_4)
FN:13,(anonymous_5)
FN:21,(anonymous_6)
FNF:3
FNH:3
FNDA:4,(anonymous_4)
FNDA:1,(anonymous_5)
FNDA:3,(anonymous_6)
DA:1,4
DA:3,4
DA:4,4
DA:5,4
DA:8,4
DA:10,4
DA:14,1
DA:22,3
DA:23,3
DA:24,2
DA:27,1
LF:11
LH:11
BRDA:23,0,0,2
BRF:1
BRH:1
end_of_record
TN:
SF:src/modules/reservation/services/reservation.service.ts
FN:9,(anonymous_4)
FN:13,(anonymous_5)
FN:41,(anonymous_6)
FN:59,(anonymous_7)
FNF:4
FNH:4
FNDA:17,(anonymous_4)
FNDA:3,(anonymous_5)
FNDA:3,(anonymous_6)
FNDA:2,(anonymous_7)
DA:1,4
DA:2,4
DA:3,4
DA:4,4
DA:8,4
DA:10,17
DA:14,3
DA:15,3
DA:22,3
DA:23,1
DA:26,2
DA:28,1
DA:37,2
DA:42,3
DA:43,3
DA:45,3
DA:46,1
DA:49,2
DA:50,1
DA:53,1
DA:55,2
DA:62,2
DA:63,2
DA:69,1
LF:24
LH:24
BRDA:22,0,0,1
BRDA:45,1,0,1
BRDA:49,2,0,1
BRF:3
BRH:3
end_of_record
TN:
SF:src/modules/support/support.module.ts
FNF:0
FNH:0
DA:1,2
DA:2,2
DA:3,2
DA:4,2
DA:5,2
DA:6,2
DA:7,2
DA:8,2
DA:9,2
DA:10,2
DA:23,2
LF:11
LH:11
BRF:0
BRH:0
end_of_record
TN:
SF:src/modules/support/controllers/support-common.controller.ts
FN:11,(anonymous_4)
FN:19,(anonymous_5)
FN:28,(anonymous_6)
FN:44,(anonymous_7)
FNF:4
FNH:4
FNDA:5,(anonymous_4)
FNDA:1,(anonymous_5)
FNDA:1,(anonymous_6)
FNDA:1,(anonymous_7)
DA:1,3
DA:2,3
DA:3,3
DA:4,3
DA:5,3
DA:7,3
DA:10,3
DA:12,5
DA:13,5
DA:19,3
DA:22,1
DA:28,3
DA:33,1
DA:34,1
DA:44,3
DA:49,1
DA:50,1
LF:17
LH:17
BRF:0
BRH:0
end_of_record
TN:
SF:src/modules/support/controllers/support-manager.controller.ts
FN:9,(anonymous_4)
FN:16,(anonymous_5)
FNF:2
FNH:2
FNDA:3,(anonymous_4)
FNDA:1,(anonymous_5)
DA:1,3
DA:2,3
DA:3,3
DA:4,3
DA:5,3
DA:8,3
DA:10,3
DA:16,3
DA:21,1
LF:9
LH:9
BRF:0
BRH:0
end_of_record
TN:
SF:src/modules/support/controllers/support.controller.ts
FN:11,(anonymous_4)
FN:19,(anonymous_5)
FN:31,(anonymous_6)
FN:38,(anonymous_7)
FN:46,(anonymous_8)
FNF:5
FNH:5
FNDA:5,(anonymous_4)
FNDA:1,(anonymous_5)
FNDA:1,(anonymous_6)
FNDA:1,(anonymous_7)
FNDA:1,(anonymous_8)
DA:1,3
DA:2,3
DA:3,3
DA:4,3
DA:6,3
DA:7,3
DA:10,3
DA:12,5
DA:13,5
DA:19,3
DA:20,1
DA:25,1
DA:27,1
DA:31,1
DA:38,3
DA:39,1
DA:40,1
DA:46,3
DA:52,1
DA:53,1
LF:20
LH:20
BRF:0
BRH:0
end_of_record
TN:
SF:src/modules/support/gateway/support.gateway.ts
FN:9,(anonymous_4)
FN:17,(anonymous_5)
FNF:2
FNH:2
FNDA:1,(anonymous_4)
FNDA:1,(anonymous_5)
DA:1,1
DA:2,1
DA:5,1
DA:6,1
DA:9,1
DA:13,1
DA:14,1
DA:18,1
LF:8
LH:8
BRF:0
BRH:0
end_of_record
TN:
SF:src/modules/support/models/message.model.ts
FNF:0
FNH:0
DA:1,8
DA:2,8
DA:7,8
DA:9,8
DA:12,8
DA:15,8
DA:18,8
DA:21,8
LF:8
LH:8
BRF:0
BRH:0
end_of_record
TN:
SF:src/modules/support/models/support-request.model.ts
FNF:0
FNH:0
DA:1,8
DA:2,8
DA:3,8
DA:8,8
DA:10,8
DA:13,8
DA:16,8
DA:19,8
DA:22,8
DA:25,8
LF:10
LH:10
BRF:0
BRH:0
end_of_record
TN:
SF:src/modules/support/services/support-request-client.service.ts
FN:10,(anonymous_4)
FN:14,(anonymous_5)
FN:32,(anonymous_6)
FN:35,(anonymous_7)
FN:50,(anonymous_8)
FN:54,(anonymous_9)
FNF:6
FNH:6
FNDA:7,(anonymous_4)
FNDA:1,(anonymous_5)
FNDA:2,(anonymous_6)
FNDA:2,(anonymous_7)
FNDA:2,(anonymous_8)
FNDA:2,(anonymous_9)
DA:1,4
DA:3,4
DA:4,4
DA:5,4
DA:9,4
DA:11,7
DA:15,1
DA:22,1
DA:29,1
DA:33,2
DA:34,2
DA:35,1
DA:36,2
DA:41,1
DA:44,1
DA:46,1
DA:51,2
DA:52,2
DA:53,1
DA:54,2
DA:57,1
LF:21
LH:21
BRDA:36,0,0,1
BRDA:37,1,0,2
BRDA:37,1,1,2
BRDA:37,1,2,2
BRDA:54,2,0,2
BRDA:54,2,1,1
BRF:6
BRH:6
end_of_record
TN:
SF:src/modules/support/services/support-request-employee.service.ts
FN:9,(anonymous_4)
FN:13,(anonymous_5)
FN:16,(anonymous_6)
FN:31,(anonymous_7)
FN:35,(anonymous_8)
FN:42,(anonymous_9)
FNF:6
FNH:6
FNDA:8,(anonymous_4)
FNDA:2,(anonymous_5)
FNDA:2,(anonymous_6)
FNDA:2,(anonymous_7)
FNDA:2,(anonymous_8)
FNDA:2,(anonymous_9)
DA:1,4
DA:3,4
DA:4,4
DA:5,4
DA:8,4
DA:10,8
DA:14,2
DA:15,2
DA:16,1
DA:17,2
DA:22,1
DA:25,1
DA:27,1
DA:32,2
DA:33,2
DA:34,1
DA:35,2
DA:38,1
DA:43,2
DA:44,2
DA:46,1
LF:21
LH:21
BRDA:17,0,0,1
BRDA:18,1,0,2
BRDA:18,1,1,2
BRDA:18,1,2,1
BRDA:35,2,0,2
BRDA:35,2,1,1
BRF:6
BRH:6
end_of_record
TN:
SF:src/modules/support/services/support-request.service.ts
FN:11,(anonymous_4)
FN:16,(anonymous_5)
FN:29,(anonymous_6)
FN:44,(anonymous_7)
FN:52,(anonymous_8)
FN:68,(anonymous_9)
FN:82,(anonymous_10)
FN:102,(anonymous_11)
FN:111,(anonymous_12)
FN:115,(anonymous_13)
FNF:10
FNH:10
FNDA:15,(anonymous_4)
FNDA:2,(anonymous_5)
FNDA:3,(anonymous_6)
FNDA:3,(anonymous_7)
FNDA:3,(anonymous_8)
FNDA:4,(anonymous_9)
FNDA:2,(anonymous_10)
FNDA:2,(anonymous_11)
FNDA:1,(anonymous_12)
FNDA:1,(anonymous_13)
DA:1,6
DA:3,6
DA:4,6
DA:5,6
DA:6,6
DA:7,6
DA:10,6
DA:12,15
DA:13,15
DA:17,2
DA:18,2
DA:23,2
DA:25,1
DA:30,3
DA:32,3
DA:34,3
DA:35,2
DA:38,3
DA:44,3
DA:53,3
DA:55,3
DA:57,3
DA:58,2
DA:61,3
DA:68,4
DA:83,2
DA:84,2
DA:86,1
DA:88,1
DA:89,1
DA:90,1
DA:92,1
DA:93,1
DA:95,1
DA:96,1
DA:98,1
DA:103,2
DA:104,2
DA:105,1
DA:107,1
DA:114,1
DA:115,1
LF:42
LH:42
BRDA:19,0,0,2
BRDA:19,0,1,2
BRDA:30,1,0,1
BRDA:30,2,0,1
BRDA:34,3,0,2
BRDA:53,4,0,1
BRDA:53,5,0,1
BRDA:57,6,0,2
BRF:8
BRH:8
end_of_record
TN:
SF:src/modules/users/users.controller.ts
FN:10,(anonymous_4)
FN:17,(anonymous_5)
FN:40,(anonymous_6)
FNF:3
FNH:3
FNDA:11,(anonymous_4)
FNDA:6,(anonymous_5)
FNDA:4,(anonymous_6)
DA:1,4
DA:2,4
DA:3,4
DA:4,4
DA:5,4
DA:6,4
DA:9,4
DA:11,11
DA:17,4
DA:20,6
DA:21,6
DA:22,1
DA:25,5
DA:26,5
DA:27,5
DA:28,1
DA:30,4
DA:31,2
DA:33,2
DA:40,4
DA:43,4
DA:44,4
DA:45,1
DA:48,3
DA:49,3
DA:50,3
DA:51,1
DA:53,2
DA:54,1
DA:56,1
LF:30
LH:30
BRDA:21,0,0,1
BRDA:21,1,0,6
BRDA:21,1,1,6
BRDA:21,1,2,5
BRDA:21,1,3,5
BRDA:21,1,4,5
BRDA:30,2,0,2
BRDA:44,3,0,1
BRDA:44,4,0,4
BRDA:44,4,1,4
BRDA:44,4,2,3
BRDA:44,4,3,3
BRDA:53,5,0,1
BRF:13
BRH:13
end_of_record
TN:
SF:src/modules/users/users.module.ts
FNF:0
FNH:0
DA:1,3
DA:2,3
DA:3,3
DA:4,3
DA:5,3
DA:15,3
LF:6
LH:6
BRF:0
BRH:0
end_of_record
TN:
SF:src/modules/users/users.service.ts
FN:10,(anonymous_4)
FN:14,(anonymous_5)
FN:42,(anonymous_6)
FN:70,(anonymous_7)
FN:78,(anonymous_8)
FN:86,(anonymous_9)
FNF:6
FNH:6
FNDA:19,(anonymous_4)
FNDA:3,(anonymous_5)
FNDA:3,(anonymous_6)
FNDA:4,(anonymous_7)
FNDA:9,(anonymous_8)
FNDA:4,(anonymous_9)
DA:1,8
DA:3,8
DA:4,8
DA:5,8
DA:6,8
DA:9,8
DA:11,19
DA:15,3
DA:16,3
DA:17,2
DA:18,1
DA:21,1
DA:23,1
DA:31,1
DA:32,1
DA:34,2
DA:35,1
DA:37,1
DA:43,3
DA:44,3
DA:45,3
DA:46,1
DA:49,2
DA:51,2
DA:59,2
DA:60,1
DA:62,2
DA:63,1
DA:65,1
DA:71,4
DA:72,4
DA:74,1
DA:79,9
DA:80,9
DA:82,2
DA:87,4
DA:88,4
DA:90,4
DA:91,3
DA:94,4
DA:95,2
DA:98,4
DA:99,2
DA:100,2
DA:103,4
DA:110,1
LF:46
LH:46
BRDA:17,0,0,1
BRDA:34,1,0,1
BRDA:34,1,1,1
BRDA:45,2,0,1
BRDA:62,3,0,1
BRDA:62,3,1,1
BRDA:90,4,0,3
BRDA:94,5,0,2
BRDA:98,6,0,2
BRF:9
BRH:9
end_of_record
TN:
SF:src/modules/users/dto/index.ts
FNF:0
FNH:0
DA:3,4
DA:21,4
DA:23,4
DA:26,4
DA:29,4
DA:33,4
DA:37,4
LF:7
LH:7
BRF:0
BRH:0
end_of_record
TN:
SF:src/modules/users/models/user.model.ts
FNF:0
FNH:0
DA:1,8
DA:6,8
DA:8,8
DA:11,8
DA:14,8
DA:17,8
DA:20,8
DA:23,8
LF:8
LH:8
BRF:0
BRH:0
end_of_record
