{"/home/r4ting/final_project/src/main.ts": {"path":"/home/r4ting/final_project/src/main.ts","statementMap":{"0":{"start":{"line":7,"column":0},"end":{"line":7,"column":7}},"1":{"start":{"line":1,"column":0},"end":{"line":1,"column":43}},"2":{"start":{"line":2,"column":0},"end":{"line":2,"column":49}},"3":{"start":{"line":3,"column":0},"end":{"line":3,"column":47}},"4":{"start":{"line":4,"column":0},"end":{"line":4,"column":43}},"5":{"start":{"line":5,"column":0},"end":{"line":5,"column":37}},"6":{"start":{"line":8,"column":14},"end":{"line":8,"column":49}},"7":{"start":{"line":9,"column":23},"end":{"line":9,"column":28}},"8":{"start":{"line":10,"column":2},"end":{"line":10,"column":36}},"9":{"start":{"line":11,"column":2},"end":{"line":11,"column":19}},"10":{"start":{"line":12,"column":2},"end":{"line":18,"column":4}},"11":{"start":{"line":19,"column":2},"end":{"line":19,"column":33}},"12":{"start":{"line":20,"column":2},"end":{"line":20,"column":30}},"13":{"start":{"line":21,"column":24},"end":{"line":21,"column":46}},"14":{"start":{"line":22,"column":15},"end":{"line":22,"column":61}},"15":{"start":{"line":23,"column":2},"end":{"line":23,"column":25}},"16":{"start":{"line":25,"column":0},"end":{"line":25,"column":12}}},"fnMap":{"0":{"name":"bootstrap","decl":{"start":{"line":7,"column":22},"end":{"line":7,"column":31}},"loc":{"start":{"line":7,"column":31},"end":{"line":24,"column":1}}}},"branchMap":{"0":{"loc":{"start":{"line":22,"column":15},"end":{"line":22,"column":61}},"type":"binary-expr","locations":[{"start":{"line":22,"column":15},"end":{"line":22,"column":53}},{"start":{"line":22,"column":57},"end":{"line":22,"column":61}}]}},"s":{"0":1,"1":1,"2":1,"3":1,"4":1,"5":1,"6":4,"7":4,"8":4,"9":4,"10":4,"11":4,"12":4,"13":4,"14":4,"15":4,"16":1},"f":{"0":4},"b":{"0":[4,2]}}
,"/home/r4ting/final_project/src/config/const.config.ts": {"path":"/home/r4ting/final_project/src/config/const.config.ts","statementMap":{"0":{"start":{"line":1,"column":0},"end":{"line":1,"column":44}},"1":{"start":{"line":3,"column":13},"end":{"line":11,"column":2}}},"fnMap":{},"branchMap":{},"s":{"0":17,"1":17},"f":{},"b":{}}
,"/home/r4ting/final_project/src/config/multer.config.ts": {"path":"/home/r4ting/final_project/src/config/multer.config.ts","statementMap":{"0":{"start":{"line":1,"column":0},"end":{"line":1,"column":37}},"1":{"start":{"line":2,"column":0},"end":{"line":2,"column":31}},"2":{"start":{"line":5,"column":0},"end":{"line":5,"column":31}},"3":{"start":{"line":7,"column":13},"end":{"line":24,"column":2}},"4":{"start":{"line":14,"column":25},"end":{"line":17,"column":17}},"5":{"start":{"line":16,"column":19},"end":{"line":16,"column":62}},"6":{"start":{"line":18,"column":6},"end":{"line":18,"column":61}}},"fnMap":{"0":{"name":"(anonymous_0)","decl":{"start":{"line":13,"column":14},"end":{"line":13,"column":15}},"loc":{"start":{"line":13,"column":41},"end":{"line":19,"column":5}}},"1":{"name":"(anonymous_1)","decl":{"start":{"line":16,"column":13},"end":{"line":16,"column":16}},"loc":{"start":{"line":16,"column":19},"end":{"line":16,"column":62}}}},"branchMap":{"0":{"loc":{"start":{"line":11,"column":15},"end":{"line":11,"column":85}},"type":"cond-expr","locations":[{"start":{"line":11,"column":40},"end":{"line":11,"column":73}},{"start":{"line":11,"column":76},"end":{"line":11,"column":85}}]}},"s":{"0":4,"1":4,"2":4,"3":4,"4":1,"5":32,"6":1},"f":{"0":1,"1":32},"b":{"0":[0,4]}}
,"/home/r4ting/final_project/src/decorators/roles.decorator.ts": {"path":"/home/r4ting/final_project/src/decorators/roles.decorator.ts","statementMap":{"0":{"start":{"line":1,"column":0},"end":{"line":1,"column":45}},"1":{"start":{"line":3,"column":21},"end":{"line":3,"column":72}},"2":{"start":{"line":3,"column":45},"end":{"line":3,"column":72}},"3":{"start":{"line":3,"column":13},"end":{"line":3,"column":21}}},"fnMap":{"0":{"name":"(anonymous_0)","decl":{"start":{"line":3,"column":21},"end":{"line":3,"column":22}},"loc":{"start":{"line":3,"column":45},"end":{"line":3,"column":72}}}},"branchMap":{},"s":{"0":13,"1":13,"2":56,"3":13},"f":{"0":56},"b":{}}
,"/home/r4ting/final_project/src/guards/roles-guard.ts": {"path":"/home/r4ting/final_project/src/guards/roles-guard.ts","statementMap":{"0":{"start":{"line":1,"column":0},"end":{"line":1,"column":null}},"1":{"start":{"line":8,"column":0},"end":{"line":8,"column":41}},"2":{"start":{"line":11,"column":7},"end":{"line":31,"column":null}},"3":{"start":{"line":12,"column":31},"end":{"line":12,"column":42}},"4":{"start":{"line":15,"column":18},"end":{"line":15,"column":77}},"5":{"start":{"line":16,"column":4},"end":{"line":16,"column":50}},"6":{"start":{"line":16,"column":38},"end":{"line":16,"column":50}},"7":{"start":{"line":18,"column":20},"end":{"line":18,"column":55}},"8":{"start":{"line":20,"column":17},"end":{"line":20,"column":29}},"9":{"start":{"line":21,"column":4},"end":{"line":21,"column":68}},"10":{"start":{"line":21,"column":15},"end":{"line":21,"column":68}},"11":{"start":{"line":22,"column":4},"end":{"line":23,"column":77}},"12":{"start":{"line":23,"column":6},"end":{"line":23,"column":77}},"13":{"start":{"line":25,"column":4},"end":{"line":25,"column":16}},"14":{"start":{"line":29,"column":4},"end":{"line":29,"column":58}},"15":{"start":{"line":29,"column":32},"end":{"line":29,"column":56}},"16":{"start":{"line":11,"column":13},"end":{"line":11,"column":22}},"17":{"start":{"line":11,"column":13},"end":{"line":31,"column":null}}},"fnMap":{"0":{"name":"(anonymous_2)","decl":{"start":{"line":12,"column":2},"end":{"line":12,"column":31}},"loc":{"start":{"line":12,"column":51},"end":{"line":12,"column":55}}},"1":{"name":"(anonymous_3)","decl":{"start":{"line":14,"column":2},"end":{"line":14,"column":13}},"loc":{"start":{"line":14,"column":39},"end":{"line":26,"column":3}}},"2":{"name":"(anonymous_4)","decl":{"start":{"line":28,"column":2},"end":{"line":28,"column":12}},"loc":{"start":{"line":28,"column":49},"end":{"line":30,"column":3}}},"3":{"name":"(anonymous_5)","decl":{"start":{"line":29,"column":22},"end":{"line":29,"column":23}},"loc":{"start":{"line":29,"column":32},"end":{"line":29,"column":56}}}},"branchMap":{"0":{"loc":{"start":{"line":16,"column":4},"end":{"line":16,"column":50}},"type":"if","locations":[{"start":{"line":16,"column":4},"end":{"line":16,"column":50}}]},"1":{"loc":{"start":{"line":16,"column":8},"end":{"line":16,"column":36}},"type":"binary-expr","locations":[{"start":{"line":16,"column":8},"end":{"line":16,"column":14}},{"start":{"line":16,"column":18},"end":{"line":16,"column":36}}]},"2":{"loc":{"start":{"line":21,"column":4},"end":{"line":21,"column":68}},"type":"if","locations":[{"start":{"line":21,"column":4},"end":{"line":21,"column":68}}]},"3":{"loc":{"start":{"line":22,"column":4},"end":{"line":23,"column":77}},"type":"if","locations":[{"start":{"line":22,"column":4},"end":{"line":23,"column":77}}]}},"s":{"0":14,"1":14,"2":14,"3":38,"4":5,"5":5,"6":1,"7":4,"8":4,"9":4,"10":1,"11":3,"12":1,"13":2,"14":3,"15":3,"16":14,"17":14},"f":{"0":38,"1":5,"2":3,"3":3},"b":{"0":[1],"1":[5,4],"2":[1],"3":[1]}}
,"/home/r4ting/final_project/src/local.strategy/local.strategy.ts": {"path":"/home/r4ting/final_project/src/local.strategy/local.strategy.ts","statementMap":{"0":{"start":{"line":1,"column":0},"end":{"line":1,"column":67}},"1":{"start":{"line":2,"column":0},"end":{"line":2,"column":59}},"2":{"start":{"line":3,"column":0},"end":{"line":3,"column":52}},"3":{"start":{"line":4,"column":0},"end":{"line":4,"column":42}},"4":{"start":{"line":8,"column":7},"end":{"line":21,"column":null}},"5":{"start":{"line":10,"column":4},"end":{"line":10,"column":38}},"6":{"start":{"line":9,"column":31},"end":{"line":9,"column":44}},"7":{"start":{"line":17,"column":17},"end":{"line":17,"column":69}},"8":{"start":{"line":18,"column":4},"end":{"line":18,"column":49}},"9":{"start":{"line":18,"column":15},"end":{"line":18,"column":49}},"10":{"start":{"line":19,"column":4},"end":{"line":19,"column":16}},"11":{"start":{"line":8,"column":13},"end":{"line":8,"column":26}},"12":{"start":{"line":8,"column":13},"end":{"line":21,"column":null}}},"fnMap":{"0":{"name":"(anonymous_2)","decl":{"start":{"line":9,"column":2},"end":{"line":9,"column":31}},"loc":{"start":{"line":9,"column":55},"end":{"line":11,"column":3}}},"1":{"name":"(anonymous_3)","decl":{"start":{"line":13,"column":2},"end":{"line":13,"column":7}},"loc":{"start":{"line":15,"column":20},"end":{"line":20,"column":3}}}},"branchMap":{"0":{"loc":{"start":{"line":18,"column":4},"end":{"line":18,"column":49}},"type":"if","locations":[{"start":{"line":18,"column":4},"end":{"line":18,"column":49}}]}},"s":{"0":3,"1":3,"2":3,"3":3,"4":3,"5":3,"6":3,"7":2,"8":2,"9":1,"10":1,"11":3,"12":3},"f":{"0":3,"1":2},"b":{"0":[1]}}
,"/home/r4ting/final_project/src/local.strategy/session.serializer.ts": {"path":"/home/r4ting/final_project/src/local.strategy/session.serializer.ts","statementMap":{"0":{"start":{"line":2,"column":0},"end":{"line":2,"column":44}},"1":{"start":{"line":3,"column":0},"end":{"line":3,"column":54}},"2":{"start":{"line":6,"column":7},"end":{"line":14,"column":null}},"3":{"start":{"line":8,"column":4},"end":{"line":8,"column":21}},"4":{"start":{"line":12,"column":4},"end":{"line":12,"column":24}},"5":{"start":{"line":6,"column":13},"end":{"line":6,"column":30}},"6":{"start":{"line":6,"column":13},"end":{"line":14,"column":null}}},"fnMap":{"0":{"name":"(anonymous_1)","decl":{"start":{"line":7,"column":2},"end":{"line":7,"column":15}},"loc":{"start":{"line":7,"column":59},"end":{"line":9,"column":3}}},"1":{"name":"(anonymous_2)","decl":{"start":{"line":11,"column":2},"end":{"line":11,"column":17}},"loc":{"start":{"line":11,"column":55},"end":{"line":13,"column":3}}}},"branchMap":{},"s":{"0":3,"1":3,"2":3,"3":1,"4":1,"5":3,"6":3},"f":{"0":1,"1":1},"b":{}}
,"/home/r4ting/final_project/src/modules/app.module.ts": {"path":"/home/r4ting/final_project/src/modules/app.module.ts","statementMap":{"0":{"start":{"line":1,"column":0},"end":{"line":1,"column":40}},"1":{"start":{"line":2,"column":0},"end":{"line":2,"column":51}},"2":{"start":{"line":3,"column":0},"end":{"line":3,"column":51}},"3":{"start":{"line":4,"column":0},"end":{"line":4,"column":69}},"4":{"start":{"line":5,"column":0},"end":{"line":5,"column":50}},"5":{"start":{"line":6,"column":0},"end":{"line":6,"column":57}},"6":{"start":{"line":7,"column":0},"end":{"line":7,"column":61}},"7":{"start":{"line":8,"column":0},"end":{"line":8,"column":48}},"8":{"start":{"line":9,"column":0},"end":{"line":9,"column":31}},"9":{"start":{"line":31,"column":7},"end":{"line":31,"column":null}},"10":{"start":{"line":31,"column":13},"end":{"line":31,"column":22}},"11":{"start":{"line":31,"column":13},"end":{"line":31,"column":null}},"12":{"start":{"line":20,"column":59},"end":{"line":22,"column":8}}},"fnMap":{"0":{"name":"(anonymous_1)","decl":{"start":{"line":20,"column":18},"end":{"line":20,"column":23}},"loc":{"start":{"line":20,"column":59},"end":{"line":22,"column":8}}}},"branchMap":{},"s":{"0":1,"1":1,"2":1,"3":1,"4":1,"5":1,"6":1,"7":1,"8":1,"9":1,"10":1,"11":1,"12":0},"f":{"0":0},"b":{}}
,"/home/r4ting/final_project/src/modules/auth/auth.controller.ts": {"path":"/home/r4ting/final_project/src/modules/auth/auth.controller.ts","statementMap":{"0":{"start":{"line":1,"column":0},"end":{"line":1,"column":null}},"1":{"start":{"line":11,"column":0},"end":{"line":11,"column":45}},"2":{"start":{"line":13,"column":0},"end":{"line":13,"column":54}},"3":{"start":{"line":14,"column":0},"end":{"line":14,"column":56}},"4":{"start":{"line":17,"column":7},"end":{"line":84,"column":null}},"5":{"start":{"line":18,"column":31},"end":{"line":18,"column":45}},"6":{"start":{"line":23,"column":4},"end":{"line":31,"column":7}},"7":{"start":{"line":24,"column":6},"end":{"line":29,"column":7}},"8":{"start":{"line":25,"column":8},"end":{"line":28,"column":11}},"9":{"start":{"line":30,"column":6},"end":{"line":30,"column":39}},"10":{"start":{"line":33,"column":4},"end":{"line":37,"column":6}},"11":{"start":{"line":43,"column":4},"end":{"line":56,"column":5}},"12":{"start":{"line":44,"column":6},"end":{"line":49,"column":9}},"13":{"start":{"line":45,"column":8},"end":{"line":48,"column":11}},"14":{"start":{"line":46,"column":10},"end":{"line":46,"column":31}},"15":{"start":{"line":46,"column":19},"end":{"line":46,"column":31}},"16":{"start":{"line":47,"column":10},"end":{"line":47,"column":20}},"17":{"start":{"line":50,"column":6},"end":{"line":50,"column":37}},"18":{"start":{"line":51,"column":6},"end":{"line":51,"column":40}},"19":{"start":{"line":53,"column":6},"end":{"line":55,"column":47}},"20":{"start":{"line":61,"column":56},"end":{"line":61,"column":71}},"21":{"start":{"line":62,"column":17},"end":{"line":67,"column":6}},"22":{"start":{"line":69,"column":4},"end":{"line":82,"column":5}},"23":{"start":{"line":70,"column":22},"end":{"line":70,"column":62}},"24":{"start":{"line":72,"column":6},"end":{"line":76,"column":8}},"25":{"start":{"line":78,"column":6},"end":{"line":81,"column":9}},"26":{"start":{"line":17,"column":13},"end":{"line":17,"column":27}},"27":{"start":{"line":22,"column":8},"end":{"line":38,"column":null}},"28":{"start":{"line":42,"column":8},"end":{"line":57,"column":null}},"29":{"start":{"line":60,"column":8},"end":{"line":83,"column":null}},"30":{"start":{"line":17,"column":13},"end":{"line":84,"column":null}}},"fnMap":{"0":{"name":"(anonymous_4)","decl":{"start":{"line":18,"column":2},"end":{"line":18,"column":31}},"loc":{"start":{"line":18,"column":57},"end":{"line":18,"column":61}}},"1":{"name":"(anonymous_5)","decl":{"start":{"line":22,"column":2},"end":{"line":22,"column":7}},"loc":{"start":{"line":22,"column":24},"end":{"line":38,"column":3}}},"2":{"name":"(anonymous_6)","decl":{"start":{"line":23,"column":24},"end":{"line":23,"column":25}},"loc":{"start":{"line":23,"column":32},"end":{"line":31,"column":5}}},"3":{"name":"(anonymous_7)","decl":{"start":{"line":42,"column":2},"end":{"line":42,"column":7}},"loc":{"start":{"line":42,"column":37},"end":{"line":57,"column":3}}},"4":{"name":"(anonymous_8)","decl":{"start":{"line":44,"column":30},"end":{"line":44,"column":31}},"loc":{"start":{"line":44,"column":50},"end":{"line":49,"column":7}}},"5":{"name":"(anonymous_9)","decl":{"start":{"line":45,"column":19},"end":{"line":45,"column":20}},"loc":{"start":{"line":45,"column":34},"end":{"line":48,"column":9}}},"6":{"name":"(anonymous_10)","decl":{"start":{"line":60,"column":2},"end":{"line":60,"column":7}},"loc":{"start":{"line":60,"column":58},"end":{"line":83,"column":3}}}},"branchMap":{"0":{"loc":{"start":{"line":24,"column":6},"end":{"line":29,"column":7}},"type":"if","locations":[{"start":{"line":24,"column":6},"end":{"line":29,"column":7}}]},"1":{"loc":{"start":{"line":46,"column":10},"end":{"line":46,"column":31}},"type":"if","locations":[{"start":{"line":46,"column":10},"end":{"line":46,"column":31}}]}},"s":{"0":3,"1":3,"2":3,"3":3,"4":3,"5":7,"6":2,"7":2,"8":1,"9":1,"10":1,"11":2,"12":2,"13":2,"14":2,"15":1,"16":2,"17":1,"18":1,"19":1,"20":2,"21":2,"22":2,"23":2,"24":1,"25":1,"26":3,"27":3,"28":3,"29":3,"30":3},"f":{"0":7,"1":2,"2":2,"3":2,"4":2,"5":2,"6":2},"b":{"0":[1],"1":[1]}}
,"/home/r4ting/final_project/src/modules/auth/auth.module.ts": {"path":"/home/r4ting/final_project/src/modules/auth/auth.module.ts","statementMap":{"0":{"start":{"line":1,"column":0},"end":{"line":1,"column":40}},"1":{"start":{"line":2,"column":0},"end":{"line":2,"column":45}},"2":{"start":{"line":3,"column":0},"end":{"line":3,"column":51}},"3":{"start":{"line":4,"column":0},"end":{"line":4,"column":52}},"4":{"start":{"line":5,"column":0},"end":{"line":5,"column":50}},"5":{"start":{"line":6,"column":0},"end":{"line":6,"column":68}},"6":{"start":{"line":7,"column":0},"end":{"line":7,"column":76}},"7":{"start":{"line":14,"column":7},"end":{"line":14,"column":null}},"8":{"start":{"line":14,"column":13},"end":{"line":14,"column":23}},"9":{"start":{"line":14,"column":13},"end":{"line":14,"column":null}}},"fnMap":{},"branchMap":{},"s":{"0":2,"1":2,"2":2,"3":2,"4":2,"5":2,"6":2,"7":2,"8":2,"9":2},"f":{},"b":{}}
,"/home/r4ting/final_project/src/modules/auth/auth.service.ts": {"path":"/home/r4ting/final_project/src/modules/auth/auth.service.ts","statementMap":{"0":{"start":{"line":1,"column":0},"end":{"line":1,"column":67}},"1":{"start":{"line":2,"column":0},"end":{"line":2,"column":54}},"2":{"start":{"line":3,"column":0},"end":{"line":3,"column":35}},"3":{"start":{"line":5,"column":0},"end":{"line":5,"column":56}},"4":{"start":{"line":8,"column":7},"end":{"line":34,"column":null}},"5":{"start":{"line":9,"column":31},"end":{"line":9,"column":45}},"6":{"start":{"line":15,"column":17},"end":{"line":15,"column":59}},"7":{"start":{"line":16,"column":4},"end":{"line":21,"column":5}},"8":{"start":{"line":17,"column":6},"end":{"line":20,"column":9}},"9":{"start":{"line":23,"column":28},"end":{"line":23,"column":77}},"10":{"start":{"line":24,"column":4},"end":{"line":29,"column":5}},"11":{"start":{"line":25,"column":6},"end":{"line":28,"column":9}},"12":{"start":{"line":30,"column":19},"end":{"line":30,"column":30}},"13":{"start":{"line":31,"column":4},"end":{"line":31,"column":31}},"14":{"start":{"line":32,"column":4},"end":{"line":32,"column":18}},"15":{"start":{"line":8,"column":13},"end":{"line":8,"column":24}},"16":{"start":{"line":8,"column":13},"end":{"line":34,"column":null}}},"fnMap":{"0":{"name":"(anonymous_2)","decl":{"start":{"line":9,"column":2},"end":{"line":9,"column":31}},"loc":{"start":{"line":9,"column":57},"end":{"line":9,"column":61}}},"1":{"name":"(anonymous_3)","decl":{"start":{"line":11,"column":2},"end":{"line":11,"column":7}},"loc":{"start":{"line":13,"column":20},"end":{"line":33,"column":3}}}},"branchMap":{"0":{"loc":{"start":{"line":16,"column":4},"end":{"line":21,"column":5}},"type":"if","locations":[{"start":{"line":16,"column":4},"end":{"line":21,"column":5}}]},"1":{"loc":{"start":{"line":24,"column":4},"end":{"line":29,"column":5}},"type":"if","locations":[{"start":{"line":24,"column":4},"end":{"line":29,"column":5}}]}},"s":{"0":4,"1":4,"2":4,"3":4,"4":4,"5":4,"6":3,"7":3,"8":1,"9":2,"10":2,"11":1,"12":1,"13":1,"14":1,"15":4,"16":4},"f":{"0":4,"1":3},"b":{"0":[1],"1":[1]}}
,"/home/r4ting/final_project/src/modules/hotel/hotel.module.ts": {"path":"/home/r4ting/final_project/src/modules/hotel/hotel.module.ts","statementMap":{"0":{"start":{"line":1,"column":0},"end":{"line":1,"column":40}},"1":{"start":{"line":2,"column":0},"end":{"line":2,"column":56}},"2":{"start":{"line":3,"column":0},"end":{"line":3,"column":74}},"3":{"start":{"line":4,"column":0},"end":{"line":4,"column":65}},"4":{"start":{"line":5,"column":0},"end":{"line":5,"column":50}},"5":{"start":{"line":6,"column":0},"end":{"line":6,"column":58}},"6":{"start":{"line":7,"column":0},"end":{"line":7,"column":71}},"7":{"start":{"line":8,"column":0},"end":{"line":8,"column":65}},"8":{"start":{"line":9,"column":0},"end":{"line":9,"column":46}},"9":{"start":{"line":23,"column":7},"end":{"line":23,"column":null}},"10":{"start":{"line":23,"column":13},"end":{"line":23,"column":24}},"11":{"start":{"line":23,"column":13},"end":{"line":23,"column":null}}},"fnMap":{},"branchMap":{},"s":{"0":2,"1":2,"2":2,"3":2,"4":2,"5":2,"6":2,"7":2,"8":2,"9":2,"10":2,"11":2},"f":{},"b":{}}
,"/home/r4ting/final_project/src/modules/hotel/controllers/hotel-room.controller.ts": {"path":"/home/r4ting/final_project/src/modules/hotel/controllers/hotel-room.controller.ts","statementMap":{"0":{"start":{"line":1,"column":0},"end":{"line":1,"column":null}},"1":{"start":{"line":16,"column":0},"end":{"line":16,"column":57}},"2":{"start":{"line":23,"column":0},"end":{"line":23,"column":60}},"3":{"start":{"line":24,"column":0},"end":{"line":24,"column":33}},"4":{"start":{"line":25,"column":0},"end":{"line":25,"column":65}},"5":{"start":{"line":26,"column":0},"end":{"line":26,"column":66}},"6":{"start":{"line":27,"column":0},"end":{"line":27,"column":61}},"7":{"start":{"line":28,"column":0},"end":{"line":28,"column":56}},"8":{"start":{"line":29,"column":0},"end":{"line":29,"column":45}},"9":{"start":{"line":31,"column":0},"end":{"line":31,"column":59}},"10":{"start":{"line":34,"column":7},"end":{"line":145,"column":null}},"11":{"start":{"line":36,"column":21},"end":{"line":36,"column":35}},"12":{"start":{"line":37,"column":21},"end":{"line":37,"column":39}},"13":{"start":{"line":43,"column":4},"end":{"line":48,"column":5}},"14":{"start":{"line":44,"column":6},"end":{"line":47,"column":9}},"15":{"start":{"line":49,"column":18},"end":{"line":49,"column":61}},"16":{"start":{"line":51,"column":4},"end":{"line":55,"column":6}},"17":{"start":{"line":65,"column":19},"end":{"line":69,"column":6}},"18":{"start":{"line":71,"column":4},"end":{"line":75,"column":8}},"19":{"start":{"line":71,"column":47},"end":{"line":75,"column":6}},"20":{"start":{"line":84,"column":4},"end":{"line":89,"column":5}},"21":{"start":{"line":85,"column":6},"end":{"line":88,"column":9}},"22":{"start":{"line":90,"column":25},"end":{"line":90,"column":75}},"23":{"start":{"line":91,"column":4},"end":{"line":96,"column":5}},"24":{"start":{"line":92,"column":6},"end":{"line":95,"column":9}},"25":{"start":{"line":98,"column":4},"end":{"line":102,"column":6}},"26":{"start":{"line":114,"column":4},"end":{"line":119,"column":5}},"27":{"start":{"line":115,"column":6},"end":{"line":118,"column":9}},"28":{"start":{"line":120,"column":23},"end":{"line":120,"column":64}},"29":{"start":{"line":120,"column":50},"end":{"line":120,"column":63}},"30":{"start":{"line":121,"column":18},"end":{"line":121,"column":74}},"31":{"start":{"line":122,"column":22},"end":{"line":127,"column":6}},"32":{"start":{"line":129,"column":31},"end":{"line":130,"column":null}},"33":{"start":{"line":133,"column":4},"end":{"line":143,"column":6}},"34":{"start":{"line":34,"column":13},"end":{"line":34,"column":32}},"35":{"start":{"line":42,"column":8},"end":{"line":56,"column":null}},"36":{"start":{"line":60,"column":8},"end":{"line":76,"column":null}},"37":{"start":{"line":80,"column":8},"end":{"line":103,"column":null}},"38":{"start":{"line":110,"column":8},"end":{"line":144,"column":null}},"39":{"start":{"line":34,"column":13},"end":{"line":145,"column":null}}},"fnMap":{"0":{"name":"(anonymous_4)","decl":{"start":{"line":35,"column":2},"end":{"line":35,"column":null}},"loc":{"start":{"line":37,"column":55},"end":{"line":38,"column":6}}},"1":{"name":"(anonymous_5)","decl":{"start":{"line":42,"column":2},"end":{"line":42,"column":7}},"loc":{"start":{"line":42,"column":53},"end":{"line":56,"column":3}}},"2":{"name":"(anonymous_6)","decl":{"start":{"line":60,"column":2},"end":{"line":60,"column":7}},"loc":{"start":{"line":63,"column":38},"end":{"line":76,"column":3}}},"3":{"name":"(anonymous_7)","decl":{"start":{"line":71,"column":22},"end":{"line":71,"column":23}},"loc":{"start":{"line":71,"column":47},"end":{"line":75,"column":6}}},"4":{"name":"(anonymous_8)","decl":{"start":{"line":80,"column":2},"end":{"line":80,"column":7}},"loc":{"start":{"line":82,"column":45},"end":{"line":103,"column":3}}},"5":{"name":"(anonymous_9)","decl":{"start":{"line":110,"column":2},"end":{"line":110,"column":7}},"loc":{"start":{"line":112,"column":62},"end":{"line":144,"column":3}}},"6":{"name":"(anonymous_10)","decl":{"start":{"line":120,"column":40},"end":{"line":120,"column":41}},"loc":{"start":{"line":120,"column":50},"end":{"line":120,"column":63}}}},"branchMap":{"0":{"loc":{"start":{"line":43,"column":4},"end":{"line":48,"column":5}},"type":"if","locations":[{"start":{"line":43,"column":4},"end":{"line":48,"column":5}}]},"1":{"loc":{"start":{"line":61,"column":34},"end":{"line":61,"column":52}},"type":"default-arg","locations":[{"start":{"line":61,"column":50},"end":{"line":61,"column":52}}]},"2":{"loc":{"start":{"line":62,"column":35},"end":{"line":62,"column":53}},"type":"default-arg","locations":[{"start":{"line":62,"column":52},"end":{"line":62,"column":53}}]},"3":{"loc":{"start":{"line":63,"column":20},"end":{"line":63,"column":38}},"type":"default-arg","locations":[{"start":{"line":63,"column":36},"end":{"line":63,"column":38}}]},"4":{"loc":{"start":{"line":66,"column":13},"end":{"line":66,"column":38}},"type":"cond-expr","locations":[{"start":{"line":66,"column":28},"end":{"line":66,"column":30}},{"start":{"line":66,"column":33},"end":{"line":66,"column":38}}]},"5":{"loc":{"start":{"line":67,"column":14},"end":{"line":67,"column":40}},"type":"cond-expr","locations":[{"start":{"line":67,"column":30},"end":{"line":67,"column":31}},{"start":{"line":67,"column":34},"end":{"line":67,"column":40}}]},"6":{"loc":{"start":{"line":68,"column":13},"end":{"line":68,"column":24}},"type":"binary-expr","locations":[{"start":{"line":68,"column":13},"end":{"line":68,"column":18}},{"start":{"line":68,"column":22},"end":{"line":68,"column":24}}]},"7":{"loc":{"start":{"line":84,"column":4},"end":{"line":89,"column":5}},"type":"if","locations":[{"start":{"line":84,"column":4},"end":{"line":89,"column":5}}]},"8":{"loc":{"start":{"line":91,"column":4},"end":{"line":96,"column":5}},"type":"if","locations":[{"start":{"line":91,"column":4},"end":{"line":96,"column":5}}]},"9":{"loc":{"start":{"line":114,"column":4},"end":{"line":119,"column":5}},"type":"if","locations":[{"start":{"line":114,"column":4},"end":{"line":119,"column":5}}]},"10":{"loc":{"start":{"line":114,"column":8},"end":{"line":114,"column":50}},"type":"binary-expr","locations":[{"start":{"line":114,"column":8},"end":{"line":114,"column":21}},{"start":{"line":114,"column":25},"end":{"line":114,"column":50}}]}},"s":{"0":3,"1":3,"2":3,"3":3,"4":3,"5":3,"6":3,"7":3,"8":3,"9":3,"10":3,"11":14,"12":14,"13":2,"14":1,"15":1,"16":1,"17":5,"18":5,"19":7,"20":3,"21":1,"22":2,"23":2,"24":1,"25":1,"26":2,"27":1,"28":1,"29":1,"30":1,"31":1,"32":1,"33":1,"34":3,"35":3,"36":3,"37":3,"38":3,"39":3},"f":{"0":14,"1":2,"2":5,"3":7,"4":3,"5":2,"6":1},"b":{"0":[1],"1":[1],"2":[3],"3":[4],"4":[3,2],"5":[1,4],"6":[5,4],"7":[1],"8":[1],"9":[1],"10":[2,2]}}
,"/home/r4ting/final_project/src/modules/hotel/controllers/hotel.controller.ts": {"path":"/home/r4ting/final_project/src/modules/hotel/controllers/hotel.controller.ts","statementMap":{"0":{"start":{"line":1,"column":0},"end":{"line":1,"column":null}},"1":{"start":{"line":10,"column":0},"end":{"line":10,"column":66}},"2":{"start":{"line":11,"column":0},"end":{"line":11,"column":33}},"3":{"start":{"line":12,"column":0},"end":{"line":12,"column":57}},"4":{"start":{"line":13,"column":0},"end":{"line":13,"column":59}},"5":{"start":{"line":16,"column":7},"end":{"line":85,"column":null}},"6":{"start":{"line":18,"column":21},"end":{"line":18,"column":39}},"7":{"start":{"line":19,"column":21},"end":{"line":19,"column":35}},"8":{"start":{"line":29,"column":38},"end":{"line":34,"column":6}},"9":{"start":{"line":35,"column":18},"end":{"line":35,"column":60}},"10":{"start":{"line":37,"column":4},"end":{"line":54,"column":6}},"11":{"start":{"line":39,"column":20},"end":{"line":39,"column":30}},"12":{"start":{"line":40,"column":8},"end":{"line":42,"column":9}},"13":{"start":{"line":41,"column":10},"end":{"line":41,"column":58}},"14":{"start":{"line":43,"column":8},"end":{"line":52,"column":10}},"15":{"start":{"line":59,"column":4},"end":{"line":64,"column":5}},"16":{"start":{"line":60,"column":6},"end":{"line":63,"column":9}},"17":{"start":{"line":65,"column":17},"end":{"line":65,"column":57}},"18":{"start":{"line":66,"column":4},"end":{"line":71,"column":5}},"19":{"start":{"line":67,"column":6},"end":{"line":70,"column":9}},"20":{"start":{"line":72,"column":18},"end":{"line":72,"column":28}},"21":{"start":{"line":74,"column":4},"end":{"line":83,"column":6}},"22":{"start":{"line":16,"column":13},"end":{"line":16,"column":28}},"23":{"start":{"line":23,"column":8},"end":{"line":55,"column":null}},"24":{"start":{"line":58,"column":8},"end":{"line":84,"column":null}},"25":{"start":{"line":16,"column":13},"end":{"line":85,"column":null}}},"fnMap":{"0":{"name":"(anonymous_4)","decl":{"start":{"line":17,"column":2},"end":{"line":17,"column":null}},"loc":{"start":{"line":19,"column":47},"end":{"line":20,"column":6}}},"1":{"name":"(anonymous_5)","decl":{"start":{"line":23,"column":2},"end":{"line":23,"column":7}},"loc":{"start":{"line":27,"column":56},"end":{"line":55,"column":3}}},"2":{"name":"(anonymous_6)","decl":{"start":{"line":38,"column":16},"end":{"line":38,"column":21}},"loc":{"start":{"line":38,"column":36},"end":{"line":53,"column":7}}},"3":{"name":"(anonymous_7)","decl":{"start":{"line":58,"column":2},"end":{"line":58,"column":7}},"loc":{"start":{"line":58,"column":51},"end":{"line":84,"column":3}}}},"branchMap":{"0":{"loc":{"start":{"line":32,"column":13},"end":{"line":32,"column":53}},"type":"cond-expr","locations":[{"start":{"line":32,"column":21},"end":{"line":32,"column":46}},{"start":{"line":32,"column":49},"end":{"line":32,"column":53}}]},"1":{"loc":{"start":{"line":33,"column":16},"end":{"line":33,"column":68}},"type":"cond-expr","locations":[{"start":{"line":33,"column":48},"end":{"line":33,"column":56}},{"start":{"line":33,"column":59},"end":{"line":33,"column":68}}]},"2":{"loc":{"start":{"line":40,"column":8},"end":{"line":42,"column":9}},"type":"if","locations":[{"start":{"line":40,"column":8},"end":{"line":42,"column":9}}]},"3":{"loc":{"start":{"line":40,"column":12},"end":{"line":40,"column":72}},"type":"binary-expr","locations":[{"start":{"line":40,"column":12},"end":{"line":40,"column":37}},{"start":{"line":40,"column":41},"end":{"line":40,"column":72}}]},"4":{"loc":{"start":{"line":59,"column":4},"end":{"line":64,"column":5}},"type":"if","locations":[{"start":{"line":59,"column":4},"end":{"line":64,"column":5}}]},"5":{"loc":{"start":{"line":66,"column":4},"end":{"line":71,"column":5}},"type":"if","locations":[{"start":{"line":66,"column":4},"end":{"line":71,"column":5}}]}},"s":{"0":3,"1":3,"2":3,"3":3,"4":3,"5":3,"6":8,"7":8,"8":3,"9":3,"10":3,"11":2,"12":2,"13":1,"14":2,"15":4,"16":1,"17":3,"18":3,"19":1,"20":2,"21":2,"22":3,"23":3,"24":3,"25":3},"f":{"0":8,"1":3,"2":2,"3":4},"b":{"0":[2,1],"1":[0,3],"2":[1],"3":[2,2],"4":[1],"5":[1]}}
,"/home/r4ting/final_project/src/modules/hotel/models/hotel-room.model.ts": {"path":"/home/r4ting/final_project/src/modules/hotel/models/hotel-room.model.ts","statementMap":{"0":{"start":{"line":1,"column":0},"end":{"line":1,"column":63}},"1":{"start":{"line":2,"column":0},"end":{"line":2,"column":33}},"2":{"start":{"line":8,"column":7},"end":{"line":22,"column":null}},"3":{"start":{"line":8,"column":13},"end":{"line":8,"column":22}},"4":{"start":{"line":10,"column":2},"end":{"line":10,"column":null}},"5":{"start":{"line":13,"column":2},"end":{"line":13,"column":null}},"6":{"start":{"line":16,"column":2},"end":{"line":16,"column":null}},"7":{"start":{"line":19,"column":2},"end":{"line":19,"column":null}},"8":{"start":{"line":8,"column":13},"end":{"line":22,"column":null}},"9":{"start":{"line":24,"column":13},"end":{"line":24,"column":71}}},"fnMap":{},"branchMap":{},"s":{"0":6,"1":6,"2":6,"3":6,"4":6,"5":6,"6":6,"7":6,"8":6,"9":6},"f":{},"b":{}}
,"/home/r4ting/final_project/src/modules/hotel/models/hotel.model.ts": {"path":"/home/r4ting/final_project/src/modules/hotel/models/hotel.model.ts","statementMap":{"0":{"start":{"line":1,"column":0},"end":{"line":1,"column":63}},"1":{"start":{"line":7,"column":7},"end":{"line":15,"column":null}},"2":{"start":{"line":7,"column":13},"end":{"line":7,"column":18}},"3":{"start":{"line":9,"column":2},"end":{"line":9,"column":null}},"4":{"start":{"line":12,"column":2},"end":{"line":12,"column":null}},"5":{"start":{"line":7,"column":13},"end":{"line":15,"column":null}},"6":{"start":{"line":17,"column":13},"end":{"line":17,"column":63}}},"fnMap":{},"branchMap":{},"s":{"0":6,"1":6,"2":6,"3":6,"4":6,"5":6,"6":6},"f":{},"b":{}}
,"/home/r4ting/final_project/src/modules/hotel/services/hotel-room.service.ts": {"path":"/home/r4ting/final_project/src/modules/hotel/services/hotel-room.service.ts","statementMap":{"0":{"start":{"line":1,"column":0},"end":{"line":1,"column":44}},"1":{"start":{"line":2,"column":0},"end":{"line":2,"column":47}},"2":{"start":{"line":3,"column":0},"end":{"line":3,"column":55}},"3":{"start":{"line":4,"column":0},"end":{"line":4,"column":53}},"4":{"start":{"line":9,"column":7},"end":{"line":58,"column":null}},"5":{"start":{"line":12,"column":21},"end":{"line":12,"column":37}},"6":{"start":{"line":16,"column":29},"end":{"line":16,"column":67}},"7":{"start":{"line":17,"column":4},"end":{"line":20,"column":14}},"8":{"start":{"line":24,"column":4},"end":{"line":26,"column":6}},"9":{"start":{"line":30,"column":4},"end":{"line":30,"column":75}},"10":{"start":{"line":34,"column":42},"end":{"line":34,"column":44}},"11":{"start":{"line":36,"column":4},"end":{"line":38,"column":5}},"12":{"start":{"line":37,"column":6},"end":{"line":37,"column":39}},"13":{"start":{"line":40,"column":4},"end":{"line":40,"column":49}},"14":{"start":{"line":40,"column":22},"end":{"line":40,"column":49}},"15":{"start":{"line":42,"column":4},"end":{"line":47,"column":14}},"16":{"start":{"line":54,"column":4},"end":{"line":56,"column":14}},"17":{"start":{"line":9,"column":13},"end":{"line":9,"column":29}},"18":{"start":{"line":9,"column":13},"end":{"line":58,"column":null}}},"fnMap":{"0":{"name":"(anonymous_4)","decl":{"start":{"line":10,"column":2},"end":{"line":10,"column":null}},"loc":{"start":{"line":12,"column":53},"end":{"line":13,"column":6}}},"1":{"name":"(anonymous_5)","decl":{"start":{"line":15,"column":2},"end":{"line":15,"column":7}},"loc":{"start":{"line":15,"column":39},"end":{"line":21,"column":3}}},"2":{"name":"(anonymous_6)","decl":{"start":{"line":23,"column":2},"end":{"line":23,"column":7}},"loc":{"start":{"line":23,"column":53},"end":{"line":27,"column":3}}},"3":{"name":"(anonymous_7)","decl":{"start":{"line":29,"column":2},"end":{"line":29,"column":7}},"loc":{"start":{"line":29,"column":44},"end":{"line":31,"column":3}}},"4":{"name":"(anonymous_8)","decl":{"start":{"line":33,"column":2},"end":{"line":33,"column":7}},"loc":{"start":{"line":33,"column":40},"end":{"line":48,"column":3}}},"5":{"name":"(anonymous_9)","decl":{"start":{"line":50,"column":2},"end":{"line":50,"column":7}},"loc":{"start":{"line":52,"column":28},"end":{"line":57,"column":3}}}},"branchMap":{"0":{"loc":{"start":{"line":36,"column":4},"end":{"line":38,"column":5}},"type":"if","locations":[{"start":{"line":36,"column":4},"end":{"line":38,"column":5}}]},"1":{"loc":{"start":{"line":40,"column":4},"end":{"line":40,"column":49}},"type":"if","locations":[{"start":{"line":40,"column":4},"end":{"line":40,"column":49}}]}},"s":{"0":5,"1":5,"2":5,"3":5,"4":5,"5":10,"6":2,"7":1,"8":0,"9":2,"10":2,"11":2,"12":0,"13":2,"14":2,"15":2,"16":2,"17":5,"18":5},"f":{"0":10,"1":2,"2":0,"3":2,"4":2,"5":2},"b":{"0":[0],"1":[2]}}
,"/home/r4ting/final_project/src/modules/hotel/services/hotel.service.ts": {"path":"/home/r4ting/final_project/src/modules/hotel/services/hotel.service.ts","statementMap":{"0":{"start":{"line":1,"column":0},"end":{"line":1,"column":63}},"1":{"start":{"line":2,"column":0},"end":{"line":2,"column":47}},"2":{"start":{"line":3,"column":0},"end":{"line":3,"column":61}},"3":{"start":{"line":4,"column":0},"end":{"line":4,"column":53}},"4":{"start":{"line":11,"column":0},"end":{"line":11,"column":59}},"5":{"start":{"line":14,"column":7},"end":{"line":63,"column":null}},"6":{"start":{"line":16,"column":46},"end":{"line":16,"column":58}},"7":{"start":{"line":20,"column":21},"end":{"line":23,"column":6}},"8":{"start":{"line":24,"column":4},"end":{"line":24,"column":20}},"9":{"start":{"line":28,"column":18},"end":{"line":28,"column":59}},"10":{"start":{"line":29,"column":4},"end":{"line":34,"column":5}},"11":{"start":{"line":30,"column":6},"end":{"line":33,"column":9}},"12":{"start":{"line":36,"column":4},"end":{"line":36,"column":17}},"13":{"start":{"line":40,"column":38},"end":{"line":40,"column":40}},"14":{"start":{"line":42,"column":4},"end":{"line":42,"column":66}},"15":{"start":{"line":42,"column":22},"end":{"line":42,"column":66}},"16":{"start":{"line":44,"column":4},"end":{"line":46,"column":5}},"17":{"start":{"line":45,"column":6},"end":{"line":45,"column":39}},"18":{"start":{"line":48,"column":4},"end":{"line":52,"column":14}},"19":{"start":{"line":59,"column":4},"end":{"line":61,"column":14}},"20":{"start":{"line":14,"column":13},"end":{"line":14,"column":25}},"21":{"start":{"line":14,"column":13},"end":{"line":63,"column":null}}},"fnMap":{"0":{"name":"(anonymous_4)","decl":{"start":{"line":15,"column":2},"end":{"line":15,"column":null}},"loc":{"start":{"line":16,"column":78},"end":{"line":17,"column":6}}},"1":{"name":"(anonymous_5)","decl":{"start":{"line":19,"column":2},"end":{"line":19,"column":7}},"loc":{"start":{"line":19,"column":40},"end":{"line":25,"column":3}}},"2":{"name":"(anonymous_6)","decl":{"start":{"line":27,"column":2},"end":{"line":27,"column":7}},"loc":{"start":{"line":27,"column":44},"end":{"line":37,"column":3}}},"3":{"name":"(anonymous_7)","decl":{"start":{"line":39,"column":2},"end":{"line":39,"column":7}},"loc":{"start":{"line":39,"column":40},"end":{"line":53,"column":3}}},"4":{"name":"(anonymous_8)","decl":{"start":{"line":55,"column":2},"end":{"line":55,"column":7}},"loc":{"start":{"line":57,"column":27},"end":{"line":62,"column":3}}}},"branchMap":{"0":{"loc":{"start":{"line":22,"column":16},"end":{"line":22,"column":49}},"type":"binary-expr","locations":[{"start":{"line":22,"column":16},"end":{"line":22,"column":36}},{"start":{"line":22,"column":40},"end":{"line":22,"column":49}}]},"1":{"loc":{"start":{"line":29,"column":4},"end":{"line":34,"column":5}},"type":"if","locations":[{"start":{"line":29,"column":4},"end":{"line":34,"column":5}}]},"2":{"loc":{"start":{"line":42,"column":4},"end":{"line":42,"column":66}},"type":"if","locations":[{"start":{"line":42,"column":4},"end":{"line":42,"column":66}}]},"3":{"loc":{"start":{"line":44,"column":4},"end":{"line":46,"column":5}},"type":"if","locations":[{"start":{"line":44,"column":4},"end":{"line":46,"column":5}}]}},"s":{"0":5,"1":5,"2":5,"3":5,"4":5,"5":5,"6":10,"7":2,"8":1,"9":3,"10":2,"11":1,"12":1,"13":2,"14":2,"15":2,"16":2,"17":0,"18":2,"19":2,"20":5,"21":5},"f":{"0":10,"1":2,"2":3,"3":2,"4":2},"b":{"0":[2,1],"1":[1],"2":[2],"3":[0]}}
,"/home/r4ting/final_project/src/modules/reservation/reservation.module.ts": {"path":"/home/r4ting/final_project/src/modules/reservation/reservation.module.ts","statementMap":{"0":{"start":{"line":1,"column":0},"end":{"line":1,"column":40}},"1":{"start":{"line":2,"column":0},"end":{"line":2,"column":68}},"2":{"start":{"line":3,"column":0},"end":{"line":3,"column":50}},"3":{"start":{"line":4,"column":0},"end":{"line":4,"column":76}},"4":{"start":{"line":5,"column":0},"end":{"line":5,"column":65}},"5":{"start":{"line":6,"column":0},"end":{"line":6,"column":78}},"6":{"start":{"line":7,"column":0},"end":{"line":7,"column":77}},"7":{"start":{"line":8,"column":0},"end":{"line":8,"column":92}},"8":{"start":{"line":9,"column":0},"end":{"line":9,"column":83}},"9":{"start":{"line":23,"column":7},"end":{"line":23,"column":null}},"10":{"start":{"line":23,"column":13},"end":{"line":23,"column":30}},"11":{"start":{"line":23,"column":13},"end":{"line":23,"column":null}}},"fnMap":{},"branchMap":{},"s":{"0":2,"1":2,"2":2,"3":2,"4":2,"5":2,"6":2,"7":2,"8":2,"9":2,"10":2,"11":2},"f":{},"b":{}}
,"/home/r4ting/final_project/src/modules/reservation/controllers/reservation-manager.controller.ts": {"path":"/home/r4ting/final_project/src/modules/reservation/controllers/reservation-manager.controller.ts","statementMap":{"0":{"start":{"line":1,"column":0},"end":{"line":1,"column":75}},"1":{"start":{"line":2,"column":0},"end":{"line":2,"column":84}},"2":{"start":{"line":3,"column":0},"end":{"line":3,"column":60}},"3":{"start":{"line":5,"column":0},"end":{"line":5,"column":33}},"4":{"start":{"line":6,"column":0},"end":{"line":6,"column":45}},"5":{"start":{"line":7,"column":0},"end":{"line":7,"column":56}},"6":{"start":{"line":13,"column":7},"end":{"line":45,"column":null}},"7":{"start":{"line":15,"column":21},"end":{"line":15,"column":48}},"8":{"start":{"line":24,"column":6},"end":{"line":24,"column":72}},"9":{"start":{"line":26,"column":4},"end":{"line":37,"column":8}},"10":{"start":{"line":26,"column":46},"end":{"line":37,"column":6}},"11":{"start":{"line":43,"column":4},"end":{"line":43,"column":72}},"12":{"start":{"line":13,"column":13},"end":{"line":13,"column":41}},"13":{"start":{"line":20,"column":8},"end":{"line":38,"column":null}},"14":{"start":{"line":42,"column":8},"end":{"line":44,"column":null}},"15":{"start":{"line":13,"column":13},"end":{"line":45,"column":null}}},"fnMap":{"0":{"name":"(anonymous_4)","decl":{"start":{"line":14,"column":2},"end":{"line":14,"column":null}},"loc":{"start":{"line":15,"column":73},"end":{"line":16,"column":6}}},"1":{"name":"(anonymous_5)","decl":{"start":{"line":20,"column":2},"end":{"line":20,"column":7}},"loc":{"start":{"line":21,"column":43},"end":{"line":38,"column":3}}},"2":{"name":"(anonymous_6)","decl":{"start":{"line":26,"column":28},"end":{"line":26,"column":29}},"loc":{"start":{"line":26,"column":46},"end":{"line":37,"column":6}}},"3":{"name":"(anonymous_7)","decl":{"start":{"line":42,"column":2},"end":{"line":42,"column":7}},"loc":{"start":{"line":42,"column":58},"end":{"line":44,"column":3}}}},"branchMap":{},"s":{"0":3,"1":3,"2":3,"3":3,"4":3,"5":3,"6":3,"7":4,"8":1,"9":1,"10":1,"11":2,"12":3,"13":3,"14":3,"15":3},"f":{"0":4,"1":1,"2":1,"3":2},"b":{}}
,"/home/r4ting/final_project/src/modules/reservation/controllers/reservation.controller.ts": {"path":"/home/r4ting/final_project/src/modules/reservation/controllers/reservation.controller.ts","statementMap":{"0":{"start":{"line":1,"column":0},"end":{"line":1,"column":null}},"1":{"start":{"line":11,"column":0},"end":{"line":11,"column":69}},"2":{"start":{"line":12,"column":0},"end":{"line":12,"column":60}},"3":{"start":{"line":15,"column":0},"end":{"line":15,"column":45}},"4":{"start":{"line":16,"column":0},"end":{"line":16,"column":56}},"5":{"start":{"line":22,"column":7},"end":{"line":91,"column":null}},"6":{"start":{"line":23,"column":31},"end":{"line":23,"column":51}},"7":{"start":{"line":31,"column":19},"end":{"line":31,"column":31}},"8":{"start":{"line":32,"column":24},"end":{"line":38,"column":6}},"9":{"start":{"line":40,"column":4},"end":{"line":51,"column":6}},"10":{"start":{"line":60,"column":19},"end":{"line":60,"column":31}},"11":{"start":{"line":61,"column":4},"end":{"line":61,"column":64}},"12":{"start":{"line":70,"column":19},"end":{"line":70,"column":31}},"13":{"start":{"line":71,"column":24},"end":{"line":71,"column":34}},"14":{"start":{"line":72,"column":25},"end":{"line":76,"column":6}},"15":{"start":{"line":78,"column":4},"end":{"line":89,"column":8}},"16":{"start":{"line":78,"column":46},"end":{"line":89,"column":6}},"17":{"start":{"line":22,"column":13},"end":{"line":22,"column":34}},"18":{"start":{"line":27,"column":8},"end":{"line":52,"column":null}},"19":{"start":{"line":56,"column":8},"end":{"line":62,"column":null}},"20":{"start":{"line":66,"column":8},"end":{"line":90,"column":null}},"21":{"start":{"line":22,"column":13},"end":{"line":91,"column":null}}},"fnMap":{"0":{"name":"(anonymous_4)","decl":{"start":{"line":23,"column":2},"end":{"line":23,"column":31}},"loc":{"start":{"line":23,"column":69},"end":{"line":23,"column":73}}},"1":{"name":"(anonymous_5)","decl":{"start":{"line":27,"column":2},"end":{"line":27,"column":7}},"loc":{"start":{"line":29,"column":14},"end":{"line":52,"column":3}}},"2":{"name":"(anonymous_6)","decl":{"start":{"line":56,"column":2},"end":{"line":56,"column":7}},"loc":{"start":{"line":58,"column":14},"end":{"line":62,"column":3}}},"3":{"name":"(anonymous_7)","decl":{"start":{"line":66,"column":2},"end":{"line":66,"column":7}},"loc":{"start":{"line":68,"column":14},"end":{"line":90,"column":3}}},"4":{"name":"(anonymous_8)","decl":{"start":{"line":78,"column":28},"end":{"line":78,"column":29}},"loc":{"start":{"line":78,"column":46},"end":{"line":89,"column":6}}}},"branchMap":{"0":{"loc":{"start":{"line":74,"column":17},"end":{"line":74,"column":72}},"type":"cond-expr","locations":[{"start":{"line":74,"column":34},"end":{"line":74,"column":58}},{"start":{"line":74,"column":61},"end":{"line":74,"column":72}}]},"1":{"loc":{"start":{"line":75,"column":15},"end":{"line":75,"column":66}},"type":"cond-expr","locations":[{"start":{"line":75,"column":30},"end":{"line":75,"column":52}},{"start":{"line":75,"column":55},"end":{"line":75,"column":66}}]}},"s":{"0":3,"1":3,"2":3,"3":3,"4":3,"5":3,"6":4,"7":1,"8":1,"9":1,"10":1,"11":1,"12":1,"13":1,"14":1,"15":1,"16":1,"17":3,"18":3,"19":3,"20":3,"21":3},"f":{"0":4,"1":1,"2":1,"3":1,"4":1},"b":{"0":[1,0],"1":[1,0]}}
,"/home/r4ting/final_project/src/modules/reservation/models/reservation.model.ts": {"path":"/home/r4ting/final_project/src/modules/reservation/models/reservation.model.ts","statementMap":{"0":{"start":{"line":1,"column":0},"end":{"line":1,"column":63}},"1":{"start":{"line":2,"column":0},"end":{"line":2,"column":33}},"2":{"start":{"line":10,"column":7},"end":{"line":25,"column":null}},"3":{"start":{"line":10,"column":13},"end":{"line":10,"column":24}},"4":{"start":{"line":12,"column":2},"end":{"line":12,"column":null}},"5":{"start":{"line":15,"column":2},"end":{"line":15,"column":null}},"6":{"start":{"line":18,"column":2},"end":{"line":18,"column":null}},"7":{"start":{"line":21,"column":2},"end":{"line":21,"column":null}},"8":{"start":{"line":24,"column":2},"end":{"line":24,"column":null}},"9":{"start":{"line":10,"column":13},"end":{"line":25,"column":null}},"10":{"start":{"line":27,"column":13},"end":{"line":27,"column":75}}},"fnMap":{},"branchMap":{},"s":{"0":6,"1":6,"2":6,"3":6,"4":6,"5":6,"6":6,"7":6,"8":6,"9":6,"10":6},"f":{},"b":{}}
,"/home/r4ting/final_project/src/modules/reservation/services/reservation-manager.service.ts": {"path":"/home/r4ting/final_project/src/modules/reservation/services/reservation-manager.service.ts","statementMap":{"0":{"start":{"line":1,"column":0},"end":{"line":1,"column":65}},"1":{"start":{"line":3,"column":0},"end":{"line":3,"column":47}},"2":{"start":{"line":4,"column":0},"end":{"line":4,"column":79}},"3":{"start":{"line":5,"column":0},"end":{"line":5,"column":40}},"4":{"start":{"line":6,"column":0},"end":{"line":6,"column":59}},"5":{"start":{"line":9,"column":7},"end":{"line":34,"column":null}},"6":{"start":{"line":12,"column":21},"end":{"line":12,"column":39}},"7":{"start":{"line":16,"column":4},"end":{"line":20,"column":14}},"8":{"start":{"line":24,"column":24},"end":{"line":24,"column":64}},"9":{"start":{"line":25,"column":4},"end":{"line":30,"column":5}},"10":{"start":{"line":26,"column":6},"end":{"line":29,"column":9}},"11":{"start":{"line":32,"column":4},"end":{"line":32,"column":54}},"12":{"start":{"line":9,"column":13},"end":{"line":9,"column":38}},"13":{"start":{"line":9,"column":13},"end":{"line":34,"column":null}}},"fnMap":{"0":{"name":"(anonymous_4)","decl":{"start":{"line":10,"column":2},"end":{"line":10,"column":null}},"loc":{"start":{"line":12,"column":65},"end":{"line":13,"column":6}}},"1":{"name":"(anonymous_5)","decl":{"start":{"line":15,"column":2},"end":{"line":15,"column":7}},"loc":{"start":{"line":15,"column":52},"end":{"line":21,"column":3}}},"2":{"name":"(anonymous_6)","decl":{"start":{"line":23,"column":2},"end":{"line":23,"column":7}},"loc":{"start":{"line":23,"column":62},"end":{"line":33,"column":3}}}},"branchMap":{"0":{"loc":{"start":{"line":25,"column":4},"end":{"line":30,"column":5}},"type":"if","locations":[{"start":{"line":25,"column":4},"end":{"line":30,"column":5}}]}},"s":{"0":4,"1":4,"2":4,"3":4,"4":4,"5":4,"6":4,"7":1,"8":3,"9":3,"10":2,"11":1,"12":4,"13":4},"f":{"0":4,"1":1,"2":3},"b":{"0":[2]}}
,"/home/r4ting/final_project/src/modules/reservation/services/reservation.service.ts": {"path":"/home/r4ting/final_project/src/modules/reservation/services/reservation.service.ts","statementMap":{"0":{"start":{"line":1,"column":0},"end":{"line":1,"column":65}},"1":{"start":{"line":2,"column":0},"end":{"line":2,"column":47}},"2":{"start":{"line":3,"column":0},"end":{"line":3,"column":79}},"3":{"start":{"line":4,"column":0},"end":{"line":4,"column":40}},"4":{"start":{"line":6,"column":0},"end":{"line":6,"column":59}},"5":{"start":{"line":9,"column":7},"end":{"line":78,"column":null}},"6":{"start":{"line":12,"column":21},"end":{"line":12,"column":39}},"7":{"start":{"line":16,"column":32},"end":{"line":24,"column":6}},"8":{"start":{"line":26,"column":4},"end":{"line":31,"column":5}},"9":{"start":{"line":27,"column":6},"end":{"line":30,"column":9}},"10":{"start":{"line":33,"column":29},"end":{"line":33,"column":69}},"11":{"start":{"line":35,"column":4},"end":{"line":41,"column":14}},"12":{"start":{"line":48,"column":24},"end":{"line":48,"column":64}},"13":{"start":{"line":50,"column":4},"end":{"line":55,"column":5}},"14":{"start":{"line":51,"column":6},"end":{"line":54,"column":9}},"15":{"start":{"line":57,"column":4},"end":{"line":62,"column":5}},"16":{"start":{"line":58,"column":6},"end":{"line":61,"column":9}},"17":{"start":{"line":64,"column":4},"end":{"line":64,"column":54}},"18":{"start":{"line":70,"column":4},"end":{"line":76,"column":14}},"19":{"start":{"line":9,"column":13},"end":{"line":9,"column":31}},"20":{"start":{"line":9,"column":13},"end":{"line":78,"column":null}}},"fnMap":{"0":{"name":"(anonymous_4)","decl":{"start":{"line":10,"column":2},"end":{"line":10,"column":null}},"loc":{"start":{"line":12,"column":65},"end":{"line":13,"column":6}}},"1":{"name":"(anonymous_5)","decl":{"start":{"line":15,"column":2},"end":{"line":15,"column":7}},"loc":{"start":{"line":15,"column":43},"end":{"line":42,"column":3}}},"2":{"name":"(anonymous_6)","decl":{"start":{"line":44,"column":2},"end":{"line":44,"column":7}},"loc":{"start":{"line":46,"column":26},"end":{"line":65,"column":3}}},"3":{"name":"(anonymous_7)","decl":{"start":{"line":67,"column":2},"end":{"line":67,"column":7}},"loc":{"start":{"line":68,"column":36},"end":{"line":77,"column":3}}}},"branchMap":{"0":{"loc":{"start":{"line":26,"column":4},"end":{"line":31,"column":5}},"type":"if","locations":[{"start":{"line":26,"column":4},"end":{"line":31,"column":5}}]},"1":{"loc":{"start":{"line":50,"column":4},"end":{"line":55,"column":5}},"type":"if","locations":[{"start":{"line":50,"column":4},"end":{"line":55,"column":5}}]},"2":{"loc":{"start":{"line":57,"column":4},"end":{"line":62,"column":5}},"type":"if","locations":[{"start":{"line":57,"column":4},"end":{"line":62,"column":5}}]}},"s":{"0":4,"1":4,"2":4,"3":4,"4":4,"5":4,"6":17,"7":3,"8":3,"9":1,"10":2,"11":1,"12":3,"13":3,"14":1,"15":2,"16":1,"17":1,"18":2,"19":4,"20":4},"f":{"0":17,"1":3,"2":3,"3":2},"b":{"0":[1],"1":[1],"2":[1]}}
,"/home/r4ting/final_project/src/modules/support/support.module.ts": {"path":"/home/r4ting/final_project/src/modules/support/support.module.ts","statementMap":{"0":{"start":{"line":1,"column":0},"end":{"line":1,"column":40}},"1":{"start":{"line":2,"column":0},"end":{"line":2,"column":75}},"2":{"start":{"line":3,"column":0},"end":{"line":3,"column":69}},"3":{"start":{"line":4,"column":0},"end":{"line":4,"column":50}},"4":{"start":{"line":5,"column":0},"end":{"line":5,"column":null}},"5":{"start":{"line":9,"column":0},"end":{"line":9,"column":92}},"6":{"start":{"line":10,"column":0},"end":{"line":10,"column":88}},"7":{"start":{"line":11,"column":0},"end":{"line":11,"column":59}},"8":{"start":{"line":12,"column":0},"end":{"line":12,"column":77}},"9":{"start":{"line":13,"column":0},"end":{"line":13,"column":75}},"10":{"start":{"line":34,"column":7},"end":{"line":34,"column":null}},"11":{"start":{"line":34,"column":13},"end":{"line":34,"column":26}},"12":{"start":{"line":34,"column":13},"end":{"line":34,"column":null}}},"fnMap":{},"branchMap":{},"s":{"0":2,"1":2,"2":2,"3":2,"4":2,"5":2,"6":2,"7":2,"8":2,"9":2,"10":2,"11":2,"12":2},"f":{},"b":{}}
,"/home/r4ting/final_project/src/modules/support/controllers/support-common.controller.ts": {"path":"/home/r4ting/final_project/src/modules/support/controllers/support-common.controller.ts","statementMap":{"0":{"start":{"line":1,"column":0},"end":{"line":1,"column":null}},"1":{"start":{"line":10,"column":0},"end":{"line":10,"column":45}},"2":{"start":{"line":11,"column":0},"end":{"line":11,"column":60}},"3":{"start":{"line":12,"column":0},"end":{"line":12,"column":56}},"4":{"start":{"line":13,"column":0},"end":{"line":13,"column":76}},"5":{"start":{"line":15,"column":0},"end":{"line":15,"column":93}},"6":{"start":{"line":18,"column":7},"end":{"line":62,"column":null}},"7":{"start":{"line":20,"column":21},"end":{"line":20,"column":45}},"8":{"start":{"line":21,"column":21},"end":{"line":21,"column":52}},"9":{"start":{"line":28,"column":4},"end":{"line":28,"column":69}},"10":{"start":{"line":39,"column":19},"end":{"line":39,"column":30}},"11":{"start":{"line":40,"column":4},"end":{"line":44,"column":7}},"12":{"start":{"line":55,"column":19},"end":{"line":55,"column":30}},"13":{"start":{"line":56,"column":4},"end":{"line":60,"column":7}},"14":{"start":{"line":18,"column":13},"end":{"line":18,"column":29}},"15":{"start":{"line":27,"column":8},"end":{"line":29,"column":null}},"16":{"start":{"line":34,"column":8},"end":{"line":45,"column":null}},"17":{"start":{"line":50,"column":8},"end":{"line":61,"column":null}},"18":{"start":{"line":18,"column":13},"end":{"line":62,"column":null}}},"fnMap":{"0":{"name":"(anonymous_4)","decl":{"start":{"line":19,"column":2},"end":{"line":19,"column":null}},"loc":{"start":{"line":21,"column":81},"end":{"line":22,"column":6}}},"1":{"name":"(anonymous_5)","decl":{"start":{"line":27,"column":2},"end":{"line":27,"column":7}},"loc":{"start":{"line":27,"column":71},"end":{"line":29,"column":3}}},"2":{"name":"(anonymous_6)","decl":{"start":{"line":34,"column":2},"end":{"line":34,"column":7}},"loc":{"start":{"line":37,"column":14},"end":{"line":45,"column":3}}},"3":{"name":"(anonymous_7)","decl":{"start":{"line":50,"column":2},"end":{"line":50,"column":7}},"loc":{"start":{"line":53,"column":14},"end":{"line":61,"column":3}}}},"branchMap":{},"s":{"0":3,"1":3,"2":3,"3":3,"4":3,"5":3,"6":3,"7":5,"8":5,"9":1,"10":1,"11":1,"12":1,"13":1,"14":3,"15":3,"16":3,"17":3,"18":3},"f":{"0":5,"1":1,"2":1,"3":1},"b":{}}
,"/home/r4ting/final_project/src/modules/support/controllers/support-manager.controller.ts": {"path":"/home/r4ting/final_project/src/modules/support/controllers/support-manager.controller.ts","statementMap":{"0":{"start":{"line":1,"column":0},"end":{"line":1,"column":67}},"1":{"start":{"line":2,"column":0},"end":{"line":2,"column":45}},"2":{"start":{"line":3,"column":0},"end":{"line":3,"column":60}},"3":{"start":{"line":4,"column":0},"end":{"line":4,"column":56}},"4":{"start":{"line":5,"column":0},"end":{"line":5,"column":76}},"5":{"start":{"line":8,"column":7},"end":{"line":25,"column":null}},"6":{"start":{"line":9,"column":31},"end":{"line":9,"column":54}},"7":{"start":{"line":19,"column":4},"end":{"line":23,"column":7}},"8":{"start":{"line":8,"column":13},"end":{"line":8,"column":30}},"9":{"start":{"line":14,"column":8},"end":{"line":24,"column":null}},"10":{"start":{"line":8,"column":13},"end":{"line":25,"column":null}}},"fnMap":{"0":{"name":"(anonymous_4)","decl":{"start":{"line":9,"column":2},"end":{"line":9,"column":31}},"loc":{"start":{"line":9,"column":75},"end":{"line":9,"column":79}}},"1":{"name":"(anonymous_5)","decl":{"start":{"line":14,"column":2},"end":{"line":14,"column":7}},"loc":{"start":{"line":17,"column":40},"end":{"line":24,"column":3}}}},"branchMap":{},"s":{"0":3,"1":3,"2":3,"3":3,"4":3,"5":3,"6":3,"7":1,"8":3,"9":3,"10":3},"f":{"0":3,"1":1},"b":{}}
,"/home/r4ting/final_project/src/modules/support/controllers/support.controller.ts": {"path":"/home/r4ting/final_project/src/modules/support/controllers/support.controller.ts","statementMap":{"0":{"start":{"line":1,"column":0},"end":{"line":1,"column":null}},"1":{"start":{"line":10,"column":0},"end":{"line":10,"column":45}},"2":{"start":{"line":11,"column":0},"end":{"line":11,"column":60}},"3":{"start":{"line":12,"column":0},"end":{"line":12,"column":56}},"4":{"start":{"line":14,"column":0},"end":{"line":14,"column":89}},"5":{"start":{"line":15,"column":0},"end":{"line":15,"column":76}},"6":{"start":{"line":18,"column":7},"end":{"line":69,"column":null}},"7":{"start":{"line":20,"column":21},"end":{"line":20,"column":50}},"8":{"start":{"line":21,"column":21},"end":{"line":21,"column":44}},"9":{"start":{"line":28,"column":41},"end":{"line":31,"column":6}},"10":{"start":{"line":34,"column":6},"end":{"line":34,"column":70}},"11":{"start":{"line":36,"column":4},"end":{"line":41,"column":6}},"12":{"start":{"line":40,"column":58},"end":{"line":40,"column":67}},"13":{"start":{"line":48,"column":19},"end":{"line":48,"column":30}},"14":{"start":{"line":49,"column":4},"end":{"line":49,"column":67}},"15":{"start":{"line":61,"column":19},"end":{"line":61,"column":30}},"16":{"start":{"line":62,"column":4},"end":{"line":67,"column":7}},"17":{"start":{"line":18,"column":13},"end":{"line":18,"column":30}},"18":{"start":{"line":27,"column":8},"end":{"line":42,"column":null}},"19":{"start":{"line":47,"column":8},"end":{"line":50,"column":null}},"20":{"start":{"line":55,"column":8},"end":{"line":68,"column":null}},"21":{"start":{"line":18,"column":13},"end":{"line":69,"column":null}}},"fnMap":{"0":{"name":"(anonymous_4)","decl":{"start":{"line":19,"column":2},"end":{"line":19,"column":null}},"loc":{"start":{"line":21,"column":65},"end":{"line":22,"column":6}}},"1":{"name":"(anonymous_5)","decl":{"start":{"line":27,"column":2},"end":{"line":27,"column":7}},"loc":{"start":{"line":27,"column":71},"end":{"line":42,"column":3}}},"2":{"name":"(anonymous_6)","decl":{"start":{"line":40,"column":51},"end":{"line":40,"column":52}},"loc":{"start":{"line":40,"column":58},"end":{"line":40,"column":67}}},"3":{"name":"(anonymous_7)","decl":{"start":{"line":47,"column":2},"end":{"line":47,"column":7}},"loc":{"start":{"line":47,"column":53},"end":{"line":50,"column":3}}},"4":{"name":"(anonymous_8)","decl":{"start":{"line":55,"column":2},"end":{"line":55,"column":7}},"loc":{"start":{"line":59,"column":14},"end":{"line":68,"column":3}}}},"branchMap":{},"s":{"0":3,"1":3,"2":3,"3":3,"4":3,"5":3,"6":3,"7":5,"8":5,"9":1,"10":1,"11":1,"12":1,"13":1,"14":1,"15":1,"16":1,"17":3,"18":3,"19":3,"20":3,"21":3},"f":{"0":5,"1":1,"2":1,"3":1,"4":1},"b":{}}
,"/home/r4ting/final_project/src/modules/support/gateway/support.gateway.ts": {"path":"/home/r4ting/final_project/src/modules/support/gateway/support.gateway.ts","statementMap":{"0":{"start":{"line":1,"column":0},"end":{"line":1,"column":null}},"1":{"start":{"line":8,"column":0},"end":{"line":8,"column":43}},"2":{"start":{"line":11,"column":7},"end":{"line":26,"column":null}},"3":{"start":{"line":19,"column":4},"end":{"line":19,"column":24}},"4":{"start":{"line":20,"column":4},"end":{"line":20,"column":43}},"5":{"start":{"line":24,"column":4},"end":{"line":24,"column":55}},"6":{"start":{"line":11,"column":13},"end":{"line":11,"column":31}},"7":{"start":{"line":12,"column":21},"end":{"line":12,"column":null}},"8":{"start":{"line":15,"column":2},"end":{"line":21,"column":null}},"9":{"start":{"line":11,"column":13},"end":{"line":26,"column":null}}},"fnMap":{"0":{"name":"(anonymous_4)","decl":{"start":{"line":15,"column":2},"end":{"line":15,"column":23}},"loc":{"start":{"line":17,"column":37},"end":{"line":21,"column":3}}},"1":{"name":"(anonymous_5)","decl":{"start":{"line":23,"column":2},"end":{"line":23,"column":19}},"loc":{"start":{"line":23,"column":43},"end":{"line":25,"column":3}}}},"branchMap":{},"s":{"0":1,"1":1,"2":1,"3":1,"4":1,"5":1,"6":1,"7":1,"8":1,"9":1},"f":{"0":1,"1":1},"b":{}}
,"/home/r4ting/final_project/src/modules/support/models/message.model.ts": {"path":"/home/r4ting/final_project/src/modules/support/models/message.model.ts","statementMap":{"0":{"start":{"line":1,"column":0},"end":{"line":1,"column":63}},"1":{"start":{"line":2,"column":0},"end":{"line":2,"column":33}},"2":{"start":{"line":7,"column":7},"end":{"line":19,"column":null}},"3":{"start":{"line":7,"column":13},"end":{"line":7,"column":20}},"4":{"start":{"line":9,"column":2},"end":{"line":9,"column":null}},"5":{"start":{"line":12,"column":2},"end":{"line":12,"column":null}},"6":{"start":{"line":15,"column":2},"end":{"line":15,"column":null}},"7":{"start":{"line":18,"column":2},"end":{"line":18,"column":null}},"8":{"start":{"line":7,"column":13},"end":{"line":19,"column":null}},"9":{"start":{"line":21,"column":13},"end":{"line":21,"column":67}}},"fnMap":{},"branchMap":{},"s":{"0":8,"1":8,"2":8,"3":8,"4":8,"5":8,"6":8,"7":8,"8":8,"9":8},"f":{},"b":{}}
,"/home/r4ting/final_project/src/modules/support/models/support-request.model.ts": {"path":"/home/r4ting/final_project/src/modules/support/models/support-request.model.ts","statementMap":{"0":{"start":{"line":1,"column":0},"end":{"line":1,"column":63}},"1":{"start":{"line":2,"column":0},"end":{"line":2,"column":33}},"2":{"start":{"line":3,"column":0},"end":{"line":3,"column":57}},"3":{"start":{"line":4,"column":0},"end":{"line":4,"column":64}},"4":{"start":{"line":9,"column":7},"end":{"line":26,"column":null}},"5":{"start":{"line":9,"column":13},"end":{"line":9,"column":27}},"6":{"start":{"line":11,"column":2},"end":{"line":11,"column":null}},"7":{"start":{"line":14,"column":2},"end":{"line":14,"column":null}},"8":{"start":{"line":17,"column":2},"end":{"line":17,"column":null}},"9":{"start":{"line":20,"column":2},"end":{"line":20,"column":null}},"10":{"start":{"line":23,"column":2},"end":{"line":23,"column":null}},"11":{"start":{"line":9,"column":13},"end":{"line":26,"column":null}},"12":{"start":{"line":28,"column":13},"end":{"line":29,"column":47}}},"fnMap":{},"branchMap":{},"s":{"0":8,"1":8,"2":8,"3":8,"4":8,"5":8,"6":8,"7":8,"8":8,"9":8,"10":8,"11":8,"12":8},"f":{},"b":{}}
,"/home/r4ting/final_project/src/modules/support/services/support-request-client.service.ts": {"path":"/home/r4ting/final_project/src/modules/support/services/support-request-client.service.ts","statementMap":{"0":{"start":{"line":1,"column":0},"end":{"line":1,"column":44}},"1":{"start":{"line":7,"column":0},"end":{"line":7,"column":47}},"2":{"start":{"line":8,"column":0},"end":{"line":8,"column":40}},"3":{"start":{"line":9,"column":0},"end":{"line":9,"column":null}},"4":{"start":{"line":16,"column":7},"end":{"line":68,"column":null}},"5":{"start":{"line":21,"column":12},"end":{"line":21,"column":33}},"6":{"start":{"line":27,"column":29},"end":{"line":32,"column":6}},"7":{"start":{"line":34,"column":27},"end":{"line":39,"column":6}},"8":{"start":{"line":41,"column":4},"end":{"line":41,"column":26}},"9":{"start":{"line":45,"column":27},"end":{"line":46,"column":null}},"10":{"start":{"line":48,"column":4},"end":{"line":56,"column":7}},"11":{"start":{"line":49,"column":6},"end":{"line":55,"column":7}},"12":{"start":{"line":54,"column":8},"end":{"line":54,"column":36}},"13":{"start":{"line":57,"column":4},"end":{"line":57,"column":32}},"14":{"start":{"line":63,"column":20},"end":{"line":63,"column":75}},"15":{"start":{"line":64,"column":4},"end":{"line":66,"column":13}},"16":{"start":{"line":65,"column":19},"end":{"line":65,"column":74}},"17":{"start":{"line":16,"column":13},"end":{"line":16,"column":40}},"18":{"start":{"line":16,"column":13},"end":{"line":68,"column":null}}},"fnMap":{"0":{"name":"(anonymous_4)","decl":{"start":{"line":19,"column":2},"end":{"line":19,"column":null}},"loc":{"start":{"line":21,"column":62},"end":{"line":22,"column":6}}},"1":{"name":"(anonymous_5)","decl":{"start":{"line":24,"column":2},"end":{"line":24,"column":7}},"loc":{"start":{"line":25,"column":32},"end":{"line":42,"column":3}}},"2":{"name":"(anonymous_6)","decl":{"start":{"line":44,"column":2},"end":{"line":44,"column":7}},"loc":{"start":{"line":44,"column":56},"end":{"line":58,"column":3}}},"3":{"name":"(anonymous_7)","decl":{"start":{"line":48,"column":36},"end":{"line":48,"column":37}},"loc":{"start":{"line":48,"column":48},"end":{"line":56,"column":5}}},"4":{"name":"(anonymous_8)","decl":{"start":{"line":60,"column":2},"end":{"line":60,"column":7}},"loc":{"start":{"line":61,"column":43},"end":{"line":67,"column":3}}},"5":{"name":"(anonymous_9)","decl":{"start":{"line":65,"column":6},"end":{"line":65,"column":7}},"loc":{"start":{"line":65,"column":19},"end":{"line":65,"column":74}}}},"branchMap":{"0":{"loc":{"start":{"line":49,"column":6},"end":{"line":55,"column":7}},"type":"if","locations":[{"start":{"line":49,"column":6},"end":{"line":55,"column":7}}]},"1":{"loc":{"start":{"line":50,"column":8},"end":{"line":52,"column":45}},"type":"binary-expr","locations":[{"start":{"line":50,"column":8},"end":{"line":50,"column":23}},{"start":{"line":51,"column":8},"end":{"line":51,"column":43}},{"start":{"line":52,"column":8},"end":{"line":52,"column":45}}]},"2":{"loc":{"start":{"line":65,"column":19},"end":{"line":65,"column":74}},"type":"binary-expr","locations":[{"start":{"line":65,"column":19},"end":{"line":65,"column":34}},{"start":{"line":65,"column":38},"end":{"line":65,"column":74}}]}},"s":{"0":4,"1":4,"2":4,"3":4,"4":4,"5":7,"6":1,"7":1,"8":1,"9":2,"10":1,"11":2,"12":1,"13":1,"14":2,"15":1,"16":2,"17":4,"18":4},"f":{"0":7,"1":1,"2":2,"3":2,"4":2,"5":2},"b":{"0":[1],"1":[2,2,2],"2":[2,1]}}
,"/home/r4ting/final_project/src/modules/support/services/support-request-employee.service.ts": {"path":"/home/r4ting/final_project/src/modules/support/services/support-request-employee.service.ts","statementMap":{"0":{"start":{"line":1,"column":0},"end":{"line":1,"column":44}},"1":{"start":{"line":3,"column":0},"end":{"line":3,"column":40}},"2":{"start":{"line":4,"column":0},"end":{"line":4,"column":47}},"3":{"start":{"line":5,"column":0},"end":{"line":5,"column":null}},"4":{"start":{"line":11,"column":7},"end":{"line":49,"column":null}},"5":{"start":{"line":16,"column":21},"end":{"line":16,"column":42}},"6":{"start":{"line":20,"column":27},"end":{"line":21,"column":null}},"7":{"start":{"line":23,"column":4},"end":{"line":31,"column":7}},"8":{"start":{"line":24,"column":6},"end":{"line":30,"column":7}},"9":{"start":{"line":29,"column":8},"end":{"line":29,"column":36}},"10":{"start":{"line":32,"column":4},"end":{"line":32,"column":32}},"11":{"start":{"line":38,"column":20},"end":{"line":38,"column":75}},"12":{"start":{"line":39,"column":4},"end":{"line":41,"column":13}},"13":{"start":{"line":40,"column":19},"end":{"line":40,"column":74}},"14":{"start":{"line":45,"column":4},"end":{"line":47,"column":7}},"15":{"start":{"line":11,"column":13},"end":{"line":11,"column":42}},"16":{"start":{"line":11,"column":13},"end":{"line":49,"column":null}}},"fnMap":{"0":{"name":"(anonymous_4)","decl":{"start":{"line":14,"column":2},"end":{"line":14,"column":null}},"loc":{"start":{"line":16,"column":71},"end":{"line":17,"column":6}}},"1":{"name":"(anonymous_5)","decl":{"start":{"line":19,"column":2},"end":{"line":19,"column":7}},"loc":{"start":{"line":19,"column":56},"end":{"line":33,"column":3}}},"2":{"name":"(anonymous_6)","decl":{"start":{"line":23,"column":36},"end":{"line":23,"column":37}},"loc":{"start":{"line":23,"column":48},"end":{"line":31,"column":5}}},"3":{"name":"(anonymous_7)","decl":{"start":{"line":35,"column":2},"end":{"line":35,"column":7}},"loc":{"start":{"line":36,"column":43},"end":{"line":42,"column":3}}},"4":{"name":"(anonymous_8)","decl":{"start":{"line":40,"column":6},"end":{"line":40,"column":7}},"loc":{"start":{"line":40,"column":19},"end":{"line":40,"column":74}}},"5":{"name":"(anonymous_9)","decl":{"start":{"line":44,"column":2},"end":{"line":44,"column":7}},"loc":{"start":{"line":44,"column":60},"end":{"line":48,"column":3}}}},"branchMap":{"0":{"loc":{"start":{"line":24,"column":6},"end":{"line":30,"column":7}},"type":"if","locations":[{"start":{"line":24,"column":6},"end":{"line":30,"column":7}}]},"1":{"loc":{"start":{"line":25,"column":8},"end":{"line":27,"column":45}},"type":"binary-expr","locations":[{"start":{"line":25,"column":8},"end":{"line":25,"column":23}},{"start":{"line":26,"column":8},"end":{"line":26,"column":42}},{"start":{"line":27,"column":8},"end":{"line":27,"column":45}}]},"2":{"loc":{"start":{"line":40,"column":19},"end":{"line":40,"column":74}},"type":"binary-expr","locations":[{"start":{"line":40,"column":19},"end":{"line":40,"column":34}},{"start":{"line":40,"column":38},"end":{"line":40,"column":74}}]}},"s":{"0":4,"1":4,"2":4,"3":4,"4":4,"5":8,"6":2,"7":1,"8":2,"9":1,"10":1,"11":2,"12":1,"13":2,"14":2,"15":4,"16":4},"f":{"0":8,"1":2,"2":2,"3":2,"4":2,"5":2},"b":{"0":[1],"1":[2,2,1],"2":[2,1]}}
,"/home/r4ting/final_project/src/modules/support/services/support-request.service.ts": {"path":"/home/r4ting/final_project/src/modules/support/services/support-request.service.ts","statementMap":{"0":{"start":{"line":1,"column":0},"end":{"line":1,"column":44}},"1":{"start":{"line":7,"column":0},"end":{"line":7,"column":47}},"2":{"start":{"line":8,"column":0},"end":{"line":8,"column":53}},"3":{"start":{"line":9,"column":0},"end":{"line":9,"column":null}},"4":{"start":{"line":13,"column":0},"end":{"line":13,"column":50}},"5":{"start":{"line":14,"column":0},"end":{"line":14,"column":54}},"6":{"start":{"line":18,"column":7},"end":{"line":121,"column":null}},"7":{"start":{"line":21,"column":21},"end":{"line":21,"column":42}},"8":{"start":{"line":22,"column":12},"end":{"line":22,"column":26}},"9":{"start":{"line":28,"column":47},"end":{"line":31,"column":6}},"10":{"start":{"line":33,"column":4},"end":{"line":33,"column":61}},"11":{"start":{"line":37,"column":49},"end":{"line":37,"column":54}},"12":{"start":{"line":38,"column":48},"end":{"line":38,"column":64}},"13":{"start":{"line":40,"column":4},"end":{"line":40,"column":70}},"14":{"start":{"line":40,"column":32},"end":{"line":40,"column":70}},"15":{"start":{"line":42,"column":28},"end":{"line":46,"column":13}},"16":{"start":{"line":48,"column":4},"end":{"line":53,"column":8}},"17":{"start":{"line":48,"column":41},"end":{"line":53,"column":6}},"18":{"start":{"line":57,"column":49},"end":{"line":57,"column":54}},"19":{"start":{"line":58,"column":48},"end":{"line":58,"column":50}},"20":{"start":{"line":60,"column":4},"end":{"line":60,"column":70}},"21":{"start":{"line":60,"column":32},"end":{"line":60,"column":70}},"22":{"start":{"line":62,"column":28},"end":{"line":67,"column":13}},"23":{"start":{"line":69,"column":4},"end":{"line":86,"column":7}},"24":{"start":{"line":71,"column":8},"end":{"line":71,"column":70}},"25":{"start":{"line":72,"column":6},"end":{"line":85,"column":8}},"26":{"start":{"line":90,"column":27},"end":{"line":91,"column":null}},"27":{"start":{"line":93,"column":20},"end":{"line":93,"column":33}},"28":{"start":{"line":95,"column":4},"end":{"line":95,"column":51}},"29":{"start":{"line":96,"column":4},"end":{"line":96,"column":29}},"30":{"start":{"line":97,"column":4},"end":{"line":97,"column":32}},"31":{"start":{"line":99,"column":4},"end":{"line":99,"column":42}},"32":{"start":{"line":100,"column":4},"end":{"line":100,"column":32}},"33":{"start":{"line":102,"column":4},"end":{"line":102,"column":68}},"34":{"start":{"line":103,"column":4},"end":{"line":103,"column":19}},"35":{"start":{"line":109,"column":20},"end":{"line":111,"column":13}},"36":{"start":{"line":112,"column":4},"end":{"line":112,"column":28}},"37":{"start":{"line":118,"column":4},"end":{"line":118,"column":50}},"38":{"start":{"line":119,"column":4},"end":{"line":119,"column":64}},"39":{"start":{"line":119,"column":17},"end":{"line":119,"column":63}},"40":{"start":{"line":18,"column":13},"end":{"line":18,"column":34}},"41":{"start":{"line":18,"column":13},"end":{"line":121,"column":null}}},"fnMap":{"0":{"name":"(anonymous_4)","decl":{"start":{"line":19,"column":2},"end":{"line":19,"column":null}},"loc":{"start":{"line":22,"column":39},"end":{"line":23,"column":6}}},"1":{"name":"(anonymous_5)","decl":{"start":{"line":25,"column":2},"end":{"line":25,"column":7}},"loc":{"start":{"line":26,"column":29},"end":{"line":34,"column":3}}},"2":{"name":"(anonymous_6)","decl":{"start":{"line":36,"column":2},"end":{"line":36,"column":7}},"loc":{"start":{"line":36,"column":43},"end":{"line":54,"column":3}}},"3":{"name":"(anonymous_7)","decl":{"start":{"line":48,"column":31},"end":{"line":48,"column":32}},"loc":{"start":{"line":48,"column":41},"end":{"line":53,"column":6}}},"4":{"name":"(anonymous_8)","decl":{"start":{"line":56,"column":2},"end":{"line":56,"column":7}},"loc":{"start":{"line":56,"column":31},"end":{"line":87,"column":3}}},"5":{"name":"(anonymous_9)","decl":{"start":{"line":69,"column":31},"end":{"line":69,"column":32}},"loc":{"start":{"line":69,"column":39},"end":{"line":86,"column":5}}},"6":{"name":"(anonymous_10)","decl":{"start":{"line":89,"column":2},"end":{"line":89,"column":7}},"loc":{"start":{"line":89,"column":40},"end":{"line":104,"column":3}}},"7":{"name":"(anonymous_11)","decl":{"start":{"line":106,"column":2},"end":{"line":106,"column":7}},"loc":{"start":{"line":107,"column":43},"end":{"line":113,"column":3}}},"8":{"name":"(anonymous_12)","decl":{"start":{"line":115,"column":2},"end":{"line":115,"column":11}},"loc":{"start":{"line":116,"column":71},"end":{"line":120,"column":3}}},"9":{"name":"(anonymous_13)","decl":{"start":{"line":119,"column":11},"end":{"line":119,"column":14}},"loc":{"start":{"line":119,"column":17},"end":{"line":119,"column":63}}}},"branchMap":{"0":{"loc":{"start":{"line":29,"column":10},"end":{"line":29,"column":46}},"type":"binary-expr","locations":[{"start":{"line":29,"column":10},"end":{"line":29,"column":21}},{"start":{"line":29,"column":25},"end":{"line":29,"column":46}}]},"1":{"loc":{"start":{"line":37,"column":12},"end":{"line":37,"column":22}},"type":"default-arg","locations":[{"start":{"line":37,"column":20},"end":{"line":37,"column":22}}]},"2":{"loc":{"start":{"line":37,"column":24},"end":{"line":37,"column":34}},"type":"default-arg","locations":[{"start":{"line":37,"column":33},"end":{"line":37,"column":34}}]},"3":{"loc":{"start":{"line":40,"column":4},"end":{"line":40,"column":70}},"type":"if","locations":[{"start":{"line":40,"column":4},"end":{"line":40,"column":70}}]},"4":{"loc":{"start":{"line":57,"column":12},"end":{"line":57,"column":22}},"type":"default-arg","locations":[{"start":{"line":57,"column":20},"end":{"line":57,"column":22}}]},"5":{"loc":{"start":{"line":57,"column":24},"end":{"line":57,"column":34}},"type":"default-arg","locations":[{"start":{"line":57,"column":33},"end":{"line":57,"column":34}}]},"6":{"loc":{"start":{"line":60,"column":4},"end":{"line":60,"column":70}},"type":"if","locations":[{"start":{"line":60,"column":4},"end":{"line":60,"column":70}}]},"7":{"loc":{"start":{"line":71,"column":8},"end":{"line":71,"column":70}},"type":"cond-expr","locations":[{"start":{"line":71,"column":45},"end":{"line":71,"column":49}},{"start":{"line":71,"column":53},"end":{"line":71,"column":70}}]},"8":{"loc":{"start":{"line":77,"column":16},"end":{"line":84,"column":16}},"type":"cond-expr","locations":[{"start":{"line":78,"column":12},"end":{"line":83,"column":null}},{"start":{"line":84,"column":12},"end":{"line":84,"column":16}}]}},"s":{"0":6,"1":6,"2":6,"3":6,"4":6,"5":6,"6":6,"7":15,"8":15,"9":2,"10":2,"11":3,"12":3,"13":3,"14":2,"15":3,"16":3,"17":3,"18":3,"19":3,"20":3,"21":2,"22":3,"23":3,"24":4,"25":4,"26":2,"27":1,"28":1,"29":1,"30":1,"31":1,"32":1,"33":1,"34":1,"35":2,"36":1,"37":1,"38":1,"39":1,"40":6,"41":6},"f":{"0":15,"1":2,"2":3,"3":3,"4":3,"5":4,"6":2,"7":2,"8":1,"9":1},"b":{"0":[2,2],"1":[1],"2":[1],"3":[2],"4":[1],"5":[1],"6":[2],"7":[0,4],"8":[4,0]}}
,"/home/r4ting/final_project/src/modules/users/users.controller.ts": {"path":"/home/r4ting/final_project/src/modules/users/users.controller.ts","statementMap":{"0":{"start":{"line":1,"column":0},"end":{"line":1,"column":null}},"1":{"start":{"line":9,"column":0},"end":{"line":9,"column":47}},"2":{"start":{"line":10,"column":0},"end":{"line":10,"column":45}},"3":{"start":{"line":11,"column":0},"end":{"line":11,"column":57}},"4":{"start":{"line":12,"column":0},"end":{"line":12,"column":53}},"5":{"start":{"line":13,"column":0},"end":{"line":13,"column":32}},"6":{"start":{"line":14,"column":0},"end":{"line":14,"column":56}},"7":{"start":{"line":17,"column":7},"end":{"line":75,"column":null}},"8":{"start":{"line":18,"column":31},"end":{"line":18,"column":45}},"9":{"start":{"line":24,"column":62},"end":{"line":24,"column":66}},"10":{"start":{"line":25,"column":4},"end":{"line":30,"column":5}},"11":{"start":{"line":26,"column":6},"end":{"line":29,"column":9}},"12":{"start":{"line":32,"column":17},"end":{"line":32,"column":66}},"13":{"start":{"line":34,"column":4},"end":{"line":45,"column":5}},"14":{"start":{"line":35,"column":22},"end":{"line":35,"column":65}},"15":{"start":{"line":36,"column":6},"end":{"line":36,"column":21}},"16":{"start":{"line":38,"column":6},"end":{"line":43,"column":7}},"17":{"start":{"line":39,"column":8},"end":{"line":42,"column":11}},"18":{"start":{"line":44,"column":6},"end":{"line":44,"column":16}},"19":{"start":{"line":52,"column":56},"end":{"line":52,"column":60}},"20":{"start":{"line":53,"column":4},"end":{"line":58,"column":5}},"21":{"start":{"line":54,"column":6},"end":{"line":57,"column":9}},"22":{"start":{"line":60,"column":17},"end":{"line":60,"column":60}},"23":{"start":{"line":62,"column":4},"end":{"line":73,"column":5}},"24":{"start":{"line":63,"column":22},"end":{"line":63,"column":62}},"25":{"start":{"line":64,"column":6},"end":{"line":64,"column":21}},"26":{"start":{"line":66,"column":6},"end":{"line":71,"column":7}},"27":{"start":{"line":67,"column":8},"end":{"line":70,"column":11}},"28":{"start":{"line":72,"column":6},"end":{"line":72,"column":16}},"29":{"start":{"line":17,"column":13},"end":{"line":17,"column":28}},"30":{"start":{"line":23,"column":8},"end":{"line":46,"column":null}},"31":{"start":{"line":51,"column":8},"end":{"line":74,"column":null}},"32":{"start":{"line":17,"column":13},"end":{"line":75,"column":null}}},"fnMap":{"0":{"name":"(anonymous_4)","decl":{"start":{"line":18,"column":2},"end":{"line":18,"column":31}},"loc":{"start":{"line":18,"column":57},"end":{"line":18,"column":61}}},"1":{"name":"(anonymous_5)","decl":{"start":{"line":23,"column":2},"end":{"line":23,"column":7}},"loc":{"start":{"line":23,"column":45},"end":{"line":46,"column":3}}},"2":{"name":"(anonymous_6)","decl":{"start":{"line":51,"column":2},"end":{"line":51,"column":7}},"loc":{"start":{"line":51,"column":47},"end":{"line":74,"column":3}}}},"branchMap":{"0":{"loc":{"start":{"line":25,"column":4},"end":{"line":30,"column":5}},"type":"if","locations":[{"start":{"line":25,"column":4},"end":{"line":30,"column":5}}]},"1":{"loc":{"start":{"line":25,"column":8},"end":{"line":25,"column":66}},"type":"binary-expr","locations":[{"start":{"line":25,"column":8},"end":{"line":25,"column":14}},{"start":{"line":25,"column":18},"end":{"line":25,"column":31}},{"start":{"line":25,"column":35},"end":{"line":25,"column":40}},{"start":{"line":25,"column":44},"end":{"line":25,"column":57}},{"start":{"line":25,"column":61},"end":{"line":25,"column":66}}]},"2":{"loc":{"start":{"line":38,"column":6},"end":{"line":43,"column":7}},"type":"if","locations":[{"start":{"line":38,"column":6},"end":{"line":43,"column":7}}]},"3":{"loc":{"start":{"line":53,"column":4},"end":{"line":58,"column":5}},"type":"if","locations":[{"start":{"line":53,"column":4},"end":{"line":58,"column":5}}]},"4":{"loc":{"start":{"line":53,"column":8},"end":{"line":53,"column":57}},"type":"binary-expr","locations":[{"start":{"line":53,"column":8},"end":{"line":53,"column":14}},{"start":{"line":53,"column":18},"end":{"line":53,"column":31}},{"start":{"line":53,"column":35},"end":{"line":53,"column":40}},{"start":{"line":53,"column":44},"end":{"line":53,"column":57}}]},"5":{"loc":{"start":{"line":66,"column":6},"end":{"line":71,"column":7}},"type":"if","locations":[{"start":{"line":66,"column":6},"end":{"line":71,"column":7}}]}},"s":{"0":4,"1":4,"2":4,"3":4,"4":4,"5":4,"6":4,"7":4,"8":11,"9":6,"10":6,"11":1,"12":5,"13":5,"14":5,"15":1,"16":4,"17":2,"18":2,"19":4,"20":4,"21":1,"22":3,"23":3,"24":3,"25":1,"26":2,"27":1,"28":1,"29":4,"30":4,"31":4,"32":4},"f":{"0":11,"1":6,"2":4},"b":{"0":[1],"1":[6,6,5,5,5],"2":[2],"3":[1],"4":[4,4,3,3],"5":[1]}}
,"/home/r4ting/final_project/src/modules/users/users.module.ts": {"path":"/home/r4ting/final_project/src/modules/users/users.module.ts","statementMap":{"0":{"start":{"line":1,"column":0},"end":{"line":1,"column":40}},"1":{"start":{"line":2,"column":0},"end":{"line":2,"column":47}},"2":{"start":{"line":3,"column":0},"end":{"line":3,"column":50}},"3":{"start":{"line":4,"column":0},"end":{"line":4,"column":55}},"4":{"start":{"line":5,"column":0},"end":{"line":5,"column":53}},"5":{"start":{"line":15,"column":7},"end":{"line":15,"column":null}},"6":{"start":{"line":15,"column":13},"end":{"line":15,"column":24}},"7":{"start":{"line":15,"column":13},"end":{"line":15,"column":null}}},"fnMap":{},"branchMap":{},"s":{"0":3,"1":3,"2":3,"3":3,"4":3,"5":3,"6":3,"7":3},"f":{},"b":{}}
,"/home/r4ting/final_project/src/modules/users/users.service.ts": {"path":"/home/r4ting/final_project/src/modules/users/users.service.ts","statementMap":{"0":{"start":{"line":1,"column":0},"end":{"line":1,"column":63}},"1":{"start":{"line":3,"column":0},"end":{"line":3,"column":40}},"2":{"start":{"line":4,"column":0},"end":{"line":4,"column":57}},"3":{"start":{"line":5,"column":0},"end":{"line":5,"column":47}},"4":{"start":{"line":6,"column":0},"end":{"line":6,"column":35}},"5":{"start":{"line":7,"column":0},"end":{"line":7,"column":56}},"6":{"start":{"line":10,"column":7},"end":{"line":122,"column":null}},"7":{"start":{"line":12,"column":45},"end":{"line":12,"column":56}},"8":{"start":{"line":16,"column":4},"end":{"line":49,"column":5}},"9":{"start":{"line":17,"column":27},"end":{"line":17,"column":61}},"10":{"start":{"line":18,"column":32},"end":{"line":19,"column":null}},"11":{"start":{"line":21,"column":6},"end":{"line":26,"column":7}},"12":{"start":{"line":22,"column":8},"end":{"line":25,"column":11}},"13":{"start":{"line":28,"column":29},"end":{"line":28,"column":69}},"14":{"start":{"line":30,"column":22},"end":{"line":36,"column":8}},"15":{"start":{"line":38,"column":26},"end":{"line":38,"column":62}},"16":{"start":{"line":39,"column":6},"end":{"line":39,"column":25}},"17":{"start":{"line":41,"column":6},"end":{"line":48,"column":7}},"18":{"start":{"line":42,"column":8},"end":{"line":45,"column":11}},"19":{"start":{"line":47,"column":8},"end":{"line":47,"column":18}},"20":{"start":{"line":53,"column":4},"end":{"line":86,"column":5}},"21":{"start":{"line":54,"column":27},"end":{"line":54,"column":61}},"22":{"start":{"line":55,"column":32},"end":{"line":56,"column":null}},"23":{"start":{"line":58,"column":6},"end":{"line":63,"column":7}},"24":{"start":{"line":59,"column":8},"end":{"line":62,"column":11}},"25":{"start":{"line":65,"column":29},"end":{"line":65,"column":69}},"26":{"start":{"line":67,"column":22},"end":{"line":73,"column":8}},"27":{"start":{"line":75,"column":26},"end":{"line":75,"column":62}},"28":{"start":{"line":76,"column":6},"end":{"line":76,"column":25}},"29":{"start":{"line":78,"column":6},"end":{"line":85,"column":7}},"30":{"start":{"line":79,"column":8},"end":{"line":82,"column":11}},"31":{"start":{"line":84,"column":8},"end":{"line":84,"column":18}},"32":{"start":{"line":90,"column":4},"end":{"line":90,"column":52}},"33":{"start":{"line":94,"column":4},"end":{"line":94,"column":58}},"34":{"start":{"line":98,"column":4},"end":{"line":98,"column":65}},"35":{"start":{"line":102,"column":45},"end":{"line":102,"column":47}},"36":{"start":{"line":104,"column":4},"end":{"line":104,"column":66}},"37":{"start":{"line":104,"column":22},"end":{"line":104,"column":66}},"38":{"start":{"line":106,"column":4},"end":{"line":106,"column":63}},"39":{"start":{"line":106,"column":21},"end":{"line":106,"column":63}},"40":{"start":{"line":108,"column":4},"end":{"line":114,"column":5}},"41":{"start":{"line":109,"column":27},"end":{"line":111,"column":null}},"42":{"start":{"line":113,"column":6},"end":{"line":113,"column":57}},"43":{"start":{"line":116,"column":4},"end":{"line":120,"column":14}},"44":{"start":{"line":10,"column":13},"end":{"line":10,"column":25}},"45":{"start":{"line":10,"column":13},"end":{"line":122,"column":null}}},"fnMap":{"0":{"name":"(anonymous_4)","decl":{"start":{"line":11,"column":2},"end":{"line":11,"column":null}},"loc":{"start":{"line":12,"column":75},"end":{"line":13,"column":6}}},"1":{"name":"(anonymous_5)","decl":{"start":{"line":15,"column":2},"end":{"line":15,"column":7}},"loc":{"start":{"line":15,"column":38},"end":{"line":50,"column":3}}},"2":{"name":"(anonymous_6)","decl":{"start":{"line":52,"column":2},"end":{"line":52,"column":7}},"loc":{"start":{"line":52,"column":41},"end":{"line":87,"column":3}}},"3":{"name":"(anonymous_7)","decl":{"start":{"line":89,"column":2},"end":{"line":89,"column":7}},"loc":{"start":{"line":89,"column":44},"end":{"line":91,"column":3}}},"4":{"name":"(anonymous_8)","decl":{"start":{"line":93,"column":2},"end":{"line":93,"column":7}},"loc":{"start":{"line":93,"column":33},"end":{"line":95,"column":3}}},"5":{"name":"(anonymous_9)","decl":{"start":{"line":97,"column":2},"end":{"line":97,"column":7}},"loc":{"start":{"line":97,"column":47},"end":{"line":99,"column":3}}},"6":{"name":"(anonymous_10)","decl":{"start":{"line":101,"column":2},"end":{"line":101,"column":7}},"loc":{"start":{"line":101,"column":40},"end":{"line":121,"column":3}}}},"branchMap":{"0":{"loc":{"start":{"line":21,"column":6},"end":{"line":26,"column":7}},"type":"if","locations":[{"start":{"line":21,"column":6},"end":{"line":26,"column":7}}]},"1":{"loc":{"start":{"line":21,"column":10},"end":{"line":21,"column":43}},"type":"binary-expr","locations":[{"start":{"line":21,"column":10},"end":{"line":21,"column":22}},{"start":{"line":21,"column":26},"end":{"line":21,"column":43}}]},"2":{"loc":{"start":{"line":41,"column":6},"end":{"line":48,"column":7}},"type":"if","locations":[{"start":{"line":41,"column":6},"end":{"line":48,"column":7}},{"start":{"line":46,"column":13},"end":{"line":48,"column":7}}]},"3":{"loc":{"start":{"line":58,"column":6},"end":{"line":63,"column":7}},"type":"if","locations":[{"start":{"line":58,"column":6},"end":{"line":63,"column":7}}]},"4":{"loc":{"start":{"line":58,"column":10},"end":{"line":58,"column":43}},"type":"binary-expr","locations":[{"start":{"line":58,"column":10},"end":{"line":58,"column":22}},{"start":{"line":58,"column":26},"end":{"line":58,"column":43}}]},"5":{"loc":{"start":{"line":78,"column":6},"end":{"line":85,"column":7}},"type":"if","locations":[{"start":{"line":78,"column":6},"end":{"line":85,"column":7}},{"start":{"line":83,"column":13},"end":{"line":85,"column":7}}]},"6":{"loc":{"start":{"line":104,"column":4},"end":{"line":104,"column":66}},"type":"if","locations":[{"start":{"line":104,"column":4},"end":{"line":104,"column":66}}]},"7":{"loc":{"start":{"line":106,"column":4},"end":{"line":106,"column":63}},"type":"if","locations":[{"start":{"line":106,"column":4},"end":{"line":106,"column":63}}]},"8":{"loc":{"start":{"line":108,"column":4},"end":{"line":114,"column":5}},"type":"if","locations":[{"start":{"line":108,"column":4},"end":{"line":114,"column":5}}]},"9":{"loc":{"start":{"line":108,"column":8},"end":{"line":108,"column":70}},"type":"binary-expr","locations":[{"start":{"line":108,"column":8},"end":{"line":108,"column":27}},{"start":{"line":108,"column":31},"end":{"line":108,"column":70}}]},"10":{"loc":{"start":{"line":118,"column":12},"end":{"line":118,"column":30}},"type":"binary-expr","locations":[{"start":{"line":118,"column":12},"end":{"line":118,"column":25}},{"start":{"line":118,"column":29},"end":{"line":118,"column":30}}]},"11":{"loc":{"start":{"line":119,"column":13},"end":{"line":119,"column":31}},"type":"binary-expr","locations":[{"start":{"line":119,"column":13},"end":{"line":119,"column":25}},{"start":{"line":119,"column":29},"end":{"line":119,"column":31}}]}},"s":{"0":8,"1":8,"2":8,"3":8,"4":8,"5":8,"6":8,"7":19,"8":3,"9":3,"10":2,"11":2,"12":1,"13":1,"14":1,"15":1,"16":1,"17":2,"18":1,"19":1,"20":3,"21":3,"22":3,"23":3,"24":1,"25":2,"26":2,"27":2,"28":1,"29":2,"30":1,"31":1,"32":4,"33":9,"34":5,"35":4,"36":4,"37":3,"38":4,"39":2,"40":4,"41":2,"42":2,"43":4,"44":8,"45":8},"f":{"0":19,"1":3,"2":3,"3":4,"4":9,"5":5,"6":4},"b":{"0":[1],"1":[2,1],"2":[1,1],"3":[1],"4":[3,2],"5":[1,1],"6":[3],"7":[2],"8":[2],"9":[4,2],"10":[3,3],"11":[3,0]}}
,"/home/r4ting/final_project/src/modules/users/dto/index.ts": {"path":"/home/r4ting/final_project/src/modules/users/dto/index.ts","statementMap":{"0":{"start":{"line":3,"column":0},"end":{"line":3,"column":76}},"1":{"start":{"line":22,"column":0},"end":{"line":22,"column":13}},"2":{"start":{"line":24,"column":2},"end":{"line":24,"column":null}},"3":{"start":{"line":27,"column":2},"end":{"line":27,"column":null}},"4":{"start":{"line":30,"column":2},"end":{"line":30,"column":null}},"5":{"start":{"line":34,"column":2},"end":{"line":34,"column":null}},"6":{"start":{"line":38,"column":2},"end":{"line":38,"column":null}}},"fnMap":{},"branchMap":{},"s":{"0":4,"1":4,"2":4,"3":4,"4":4,"5":4,"6":4},"f":{},"b":{}}
,"/home/r4ting/final_project/src/modules/users/models/user.model.ts": {"path":"/home/r4ting/final_project/src/modules/users/models/user.model.ts","statementMap":{"0":{"start":{"line":1,"column":0},"end":{"line":1,"column":63}},"1":{"start":{"line":7,"column":7},"end":{"line":22,"column":null}},"2":{"start":{"line":7,"column":13},"end":{"line":7,"column":17}},"3":{"start":{"line":9,"column":2},"end":{"line":9,"column":null}},"4":{"start":{"line":12,"column":2},"end":{"line":12,"column":null}},"5":{"start":{"line":15,"column":2},"end":{"line":15,"column":null}},"6":{"start":{"line":18,"column":2},"end":{"line":18,"column":null}},"7":{"start":{"line":21,"column":2},"end":{"line":21,"column":null}},"8":{"start":{"line":7,"column":13},"end":{"line":22,"column":null}},"9":{"start":{"line":24,"column":13},"end":{"line":24,"column":61}}},"fnMap":{},"branchMap":{},"s":{"0":15,"1":15,"2":15,"3":15,"4":15,"5":15,"6":15,"7":15,"8":15,"9":15},"f":{},"b":{}}
}
