TN:
SF:src/main.ts
FN:7,bootstrap
FNF:1
FNH:1
FNDA:4,bootstrap
DA:1,1
DA:2,1
DA:3,1
DA:4,1
DA:5,1
DA:7,1
DA:8,4
DA:9,4
DA:10,4
DA:11,4
DA:12,4
DA:19,4
DA:20,4
DA:21,4
DA:22,4
DA:23,4
DA:25,1
LF:17
LH:17
BRDA:22,0,0,4
BRDA:22,0,1,2
BRF:2
BRH:2
end_of_record
TN:
SF:src/config/const.config.ts
FNF:0
FNH:0
DA:1,17
DA:3,17
LF:2
LH:2
BRF:0
BRH:0
end_of_record
TN:
SF:src/config/multer.config.ts
FN:13,(anonymous_0)
FN:16,(anonymous_1)
FNF:2
FNH:2
FNDA:1,(anonymous_0)
FNDA:32,(anonymous_1)
DA:1,4
DA:2,4
DA:5,4
DA:7,4
DA:14,1
DA:16,32
DA:18,1
LF:7
LH:7
BRDA:11,0,0,0
BRDA:11,0,1,4
BRF:2
BRH:1
end_of_record
TN:
SF:src/decorators/roles.decorator.ts
FN:3,(anonymous_0)
FNF:1
FNH:1
FNDA:56,(anonymous_0)
DA:1,13
DA:3,56
LF:2
LH:2
BRF:0
BRH:0
end_of_record
TN:
SF:src/guards/roles-guard.ts
FN:12,(anonymous_2)
FN:14,(anonymous_3)
FN:28,(anonymous_4)
FN:29,(anonymous_5)
FNF:4
FNH:4
FNDA:38,(anonymous_2)
FNDA:5,(anonymous_3)
FNDA:3,(anonymous_4)
FNDA:3,(anonymous_5)
DA:1,14
DA:8,14
DA:11,14
DA:12,38
DA:15,5
DA:16,5
DA:18,4
DA:20,4
DA:21,4
DA:22,3
DA:23,1
DA:25,2
DA:29,3
LF:13
LH:13
BRDA:16,0,0,1
BRDA:16,1,0,5
BRDA:16,1,1,4
BRDA:21,2,0,1
BRDA:22,3,0,1
BRF:5
BRH:5
end_of_record
TN:
SF:src/local.strategy/local.strategy.ts
FN:9,(anonymous_2)
FN:13,(anonymous_3)
FNF:2
FNH:2
FNDA:3,(anonymous_2)
FNDA:2,(anonymous_3)
DA:1,3
DA:2,3
DA:3,3
DA:4,3
DA:8,3
DA:9,3
DA:10,3
DA:17,2
DA:18,2
DA:19,1
LF:10
LH:10
BRDA:18,0,0,1
BRF:1
BRH:1
end_of_record
TN:
SF:src/local.strategy/session.serializer.ts
FN:7,(anonymous_1)
FN:11,(anonymous_2)
FNF:2
FNH:2
FNDA:1,(anonymous_1)
FNDA:1,(anonymous_2)
DA:2,3
DA:3,3
DA:6,3
DA:8,1
DA:12,1
LF:5
LH:5
BRF:0
BRH:0
end_of_record
TN:
SF:src/modules/app.module.ts
FN:20,(anonymous_1)
FNF:1
FNH:0
FNDA:0,(anonymous_1)
DA:1,1
DA:2,1
DA:3,1
DA:4,1
DA:5,1
DA:6,1
DA:7,1
DA:8,1
DA:9,1
DA:20,0
DA:31,1
LF:11
LH:10
BRF:0
BRH:0
end_of_record
TN:
SF:src/modules/auth/auth.controller.ts
FN:18,(anonymous_4)
FN:22,(anonymous_5)
FN:23,(anonymous_6)
FN:42,(anonymous_7)
FN:44,(anonymous_8)
FN:45,(anonymous_9)
FN:60,(anonymous_10)
FNF:7
FNH:7
FNDA:7,(anonymous_4)
FNDA:2,(anonymous_5)
FNDA:2,(anonymous_6)
FNDA:2,(anonymous_7)
FNDA:2,(anonymous_8)
FNDA:2,(anonymous_9)
FNDA:2,(anonymous_10)
DA:1,3
DA:11,3
DA:13,3
DA:14,3
DA:17,3
DA:18,7
DA:22,3
DA:23,2
DA:24,2
DA:25,1
DA:30,1
DA:33,1
DA:42,3
DA:43,2
DA:44,2
DA:45,2
DA:46,2
DA:47,2
DA:50,1
DA:51,1
DA:53,1
DA:60,3
DA:61,2
DA:62,2
DA:69,2
DA:70,2
DA:72,1
DA:78,1
LF:28
LH:28
BRDA:24,0,0,1
BRDA:46,1,0,1
BRF:2
BRH:2
end_of_record
TN:
SF:src/modules/auth/auth.module.ts
FNF:0
FNH:0
DA:1,2
DA:2,2
DA:3,2
DA:4,2
DA:5,2
DA:6,2
DA:7,2
DA:14,2
LF:8
LH:8
BRF:0
BRH:0
end_of_record
TN:
SF:src/modules/auth/auth.service.ts
FN:9,(anonymous_2)
FN:11,(anonymous_3)
FNF:2
FNH:2
FNDA:4,(anonymous_2)
FNDA:3,(anonymous_3)
DA:1,4
DA:2,4
DA:3,4
DA:5,4
DA:8,4
DA:9,4
DA:15,3
DA:16,3
DA:17,1
DA:23,2
DA:24,2
DA:25,1
DA:30,1
DA:31,1
DA:32,1
LF:15
LH:15
BRDA:16,0,0,1
BRDA:24,1,0,1
BRF:2
BRH:2
end_of_record
TN:
SF:src/modules/hotel/hotel.module.ts
FNF:0
FNH:0
DA:1,2
DA:2,2
DA:3,2
DA:4,2
DA:5,2
DA:6,2
DA:7,2
DA:8,2
DA:9,2
DA:23,2
LF:10
LH:10
BRF:0
BRH:0
end_of_record
TN:
SF:src/modules/hotel/controllers/hotel-room.controller.ts
FN:35,(anonymous_4)
FN:42,(anonymous_5)
FN:60,(anonymous_6)
FN:71,(anonymous_7)
FN:80,(anonymous_8)
FN:110,(anonymous_9)
FN:120,(anonymous_10)
FNF:7
FNH:7
FNDA:14,(anonymous_4)
FNDA:2,(anonymous_5)
FNDA:5,(anonymous_6)
FNDA:7,(anonymous_7)
FNDA:3,(anonymous_8)
FNDA:2,(anonymous_9)
FNDA:1,(anonymous_10)
DA:1,3
DA:16,3
DA:23,3
DA:24,3
DA:25,3
DA:26,3
DA:27,3
DA:28,3
DA:29,3
DA:31,3
DA:34,3
DA:36,14
DA:37,14
DA:42,3
DA:43,2
DA:44,1
DA:49,1
DA:51,1
DA:60,3
DA:65,5
DA:71,7
DA:80,3
DA:84,3
DA:85,1
DA:90,2
DA:91,2
DA:92,1
DA:98,1
DA:110,3
DA:114,2
DA:115,1
DA:120,1
DA:121,1
DA:122,1
DA:129,1
DA:133,1
LF:36
LH:36
BRDA:43,0,0,1
BRDA:61,1,0,1
BRDA:62,2,0,3
BRDA:63,3,0,4
BRDA:66,4,0,3
BRDA:66,4,1,2
BRDA:67,5,0,1
BRDA:67,5,1,4
BRDA:68,6,0,5
BRDA:68,6,1,4
BRDA:84,7,0,1
BRDA:91,8,0,1
BRDA:114,9,0,1
BRDA:114,10,0,2
BRDA:114,10,1,2
BRF:15
BRH:15
end_of_record
TN:
SF:src/modules/hotel/controllers/hotel.controller.ts
FN:17,(anonymous_4)
FN:23,(anonymous_5)
FN:38,(anonymous_6)
FN:58,(anonymous_7)
FNF:4
FNH:4
FNDA:8,(anonymous_4)
FNDA:3,(anonymous_5)
FNDA:2,(anonymous_6)
FNDA:4,(anonymous_7)
DA:1,3
DA:10,3
DA:11,3
DA:12,3
DA:13,3
DA:16,3
DA:18,8
DA:19,8
DA:23,3
DA:29,3
DA:35,3
DA:37,3
DA:39,2
DA:40,2
DA:41,1
DA:43,2
DA:58,3
DA:59,4
DA:60,1
DA:65,3
DA:66,3
DA:67,1
DA:72,2
DA:74,2
LF:24
LH:24
BRDA:32,0,0,2
BRDA:32,0,1,1
BRDA:33,1,0,0
BRDA:33,1,1,3
BRDA:40,2,0,1
BRDA:40,3,0,2
BRDA:40,3,1,2
BRDA:59,4,0,1
BRDA:66,5,0,1
BRF:9
BRH:8
end_of_record
TN:
SF:src/modules/hotel/models/hotel-room.model.ts
FNF:0
FNH:0
DA:1,6
DA:2,6
DA:8,6
DA:10,6
DA:13,6
DA:16,6
DA:19,6
DA:24,6
LF:8
LH:8
BRF:0
BRH:0
end_of_record
TN:
SF:src/modules/hotel/models/hotel.model.ts
FNF:0
FNH:0
DA:1,6
DA:7,6
DA:9,6
DA:12,6
DA:17,6
LF:5
LH:5
BRF:0
BRH:0
end_of_record
TN:
SF:src/modules/hotel/services/hotel-room.service.ts
FN:10,(anonymous_4)
FN:15,(anonymous_5)
FN:23,(anonymous_6)
FN:29,(anonymous_7)
FN:33,(anonymous_8)
FN:50,(anonymous_9)
FNF:6
FNH:5
FNDA:10,(anonymous_4)
FNDA:2,(anonymous_5)
FNDA:0,(anonymous_6)
FNDA:2,(anonymous_7)
FNDA:2,(anonymous_8)
FNDA:2,(anonymous_9)
DA:1,5
DA:2,5
DA:3,5
DA:4,5
DA:9,5
DA:12,10
DA:16,2
DA:17,1
DA:24,0
DA:30,2
DA:34,2
DA:36,2
DA:37,0
DA:40,2
DA:42,2
DA:54,2
LF:16
LH:14
BRDA:36,0,0,0
BRDA:40,1,0,2
BRF:2
BRH:1
end_of_record
TN:
SF:src/modules/hotel/services/hotel.service.ts
FN:15,(anonymous_4)
FN:19,(anonymous_5)
FN:27,(anonymous_6)
FN:39,(anonymous_7)
FN:55,(anonymous_8)
FNF:5
FNH:5
FNDA:10,(anonymous_4)
FNDA:2,(anonymous_5)
FNDA:3,(anonymous_6)
FNDA:2,(anonymous_7)
FNDA:2,(anonymous_8)
DA:1,5
DA:2,5
DA:3,5
DA:4,5
DA:11,5
DA:14,5
DA:16,10
DA:20,2
DA:24,1
DA:28,3
DA:29,2
DA:30,1
DA:36,1
DA:40,2
DA:42,2
DA:44,2
DA:45,0
DA:48,2
DA:59,2
LF:19
LH:18
BRDA:22,0,0,2
BRDA:22,0,1,1
BRDA:29,1,0,1
BRDA:42,2,0,2
BRDA:44,3,0,0
BRF:5
BRH:4
end_of_record
TN:
SF:src/modules/reservation/reservation.module.ts
FNF:0
FNH:0
DA:1,2
DA:2,2
DA:3,2
DA:4,2
DA:5,2
DA:6,2
DA:7,2
DA:8,2
DA:9,2
DA:23,2
LF:10
LH:10
BRF:0
BRH:0
end_of_record
TN:
SF:src/modules/reservation/controllers/reservation-manager.controller.ts
FN:14,(anonymous_4)
FN:20,(anonymous_5)
FN:26,(anonymous_6)
FN:42,(anonymous_7)
FNF:4
FNH:4
FNDA:4,(anonymous_4)
FNDA:1,(anonymous_5)
FNDA:1,(anonymous_6)
FNDA:2,(anonymous_7)
DA:1,3
DA:2,3
DA:3,3
DA:5,3
DA:6,3
DA:7,3
DA:13,3
DA:15,4
DA:20,3
DA:24,1
DA:26,1
DA:42,3
DA:43,2
LF:13
LH:13
BRF:0
BRH:0
end_of_record
TN:
SF:src/modules/reservation/controllers/reservation.controller.ts
FN:23,(anonymous_4)
FN:27,(anonymous_5)
FN:56,(anonymous_6)
FN:66,(anonymous_7)
FN:78,(anonymous_8)
FNF:5
FNH:5
FNDA:4,(anonymous_4)
FNDA:1,(anonymous_5)
FNDA:1,(anonymous_6)
FNDA:1,(anonymous_7)
FNDA:1,(anonymous_8)
DA:1,3
DA:11,3
DA:12,3
DA:15,3
DA:16,3
DA:22,3
DA:23,4
DA:27,3
DA:31,1
DA:32,1
DA:40,1
DA:56,3
DA:60,1
DA:61,1
DA:66,3
DA:70,1
DA:71,1
DA:72,1
DA:78,1
LF:19
LH:19
BRDA:74,0,0,1
BRDA:74,0,1,0
BRDA:75,1,0,1
BRDA:75,1,1,0
BRF:4
BRH:2
end_of_record
TN:
SF:src/modules/reservation/models/reservation.model.ts
FNF:0
FNH:0
DA:1,6
DA:2,6
DA:10,6
DA:12,6
DA:15,6
DA:18,6
DA:21,6
DA:24,6
DA:27,6
LF:9
LH:9
BRF:0
BRH:0
end_of_record
TN:
SF:src/modules/reservation/services/reservation-manager.service.ts
FN:10,(anonymous_4)
FN:15,(anonymous_5)
FN:23,(anonymous_6)
FNF:3
FNH:3
FNDA:4,(anonymous_4)
FNDA:1,(anonymous_5)
FNDA:3,(anonymous_6)
DA:1,4
DA:3,4
DA:4,4
DA:5,4
DA:6,4
DA:9,4
DA:12,4
DA:16,1
DA:24,3
DA:25,3
DA:26,2
DA:32,1
LF:12
LH:12
BRDA:25,0,0,2
BRF:1
BRH:1
end_of_record
TN:
SF:src/modules/reservation/services/reservation.service.ts
FN:10,(anonymous_4)
FN:15,(anonymous_5)
FN:44,(anonymous_6)
FN:67,(anonymous_7)
FNF:4
FNH:4
FNDA:17,(anonymous_4)
FNDA:3,(anonymous_5)
FNDA:3,(anonymous_6)
FNDA:2,(anonymous_7)
DA:1,4
DA:2,4
DA:3,4
DA:4,4
DA:6,4
DA:9,4
DA:12,17
DA:16,3
DA:26,3
DA:27,1
DA:33,2
DA:35,1
DA:48,3
DA:50,3
DA:51,1
DA:57,2
DA:58,1
DA:64,1
DA:70,2
LF:19
LH:19
BRDA:26,0,0,1
BRDA:50,1,0,1
BRDA:57,2,0,1
BRF:3
BRH:3
end_of_record
TN:
SF:src/modules/support/support.module.ts
FNF:0
FNH:0
DA:1,2
DA:2,2
DA:3,2
DA:4,2
DA:5,2
DA:9,2
DA:10,2
DA:11,2
DA:12,2
DA:13,2
DA:34,2
LF:11
LH:11
BRF:0
BRH:0
end_of_record
TN:
SF:src/modules/support/controllers/support-common.controller.ts
FN:19,(anonymous_4)
FN:27,(anonymous_5)
FN:34,(anonymous_6)
FN:50,(anonymous_7)
FNF:4
FNH:4
FNDA:5,(anonymous_4)
FNDA:1,(anonymous_5)
FNDA:1,(anonymous_6)
FNDA:1,(anonymous_7)
DA:1,3
DA:10,3
DA:11,3
DA:12,3
DA:13,3
DA:15,3
DA:18,3
DA:20,5
DA:21,5
DA:27,3
DA:28,1
DA:34,3
DA:39,1
DA:40,1
DA:50,3
DA:55,1
DA:56,1
LF:17
LH:17
BRF:0
BRH:0
end_of_record
TN:
SF:src/modules/support/controllers/support-manager.controller.ts
FN:9,(anonymous_4)
FN:14,(anonymous_5)
FNF:2
FNH:2
FNDA:3,(anonymous_4)
FNDA:1,(anonymous_5)
DA:1,3
DA:2,3
DA:3,3
DA:4,3
DA:5,3
DA:8,3
DA:9,3
DA:14,3
DA:19,1
LF:9
LH:9
BRF:0
BRH:0
end_of_record
TN:
SF:src/modules/support/controllers/support.controller.ts
FN:19,(anonymous_4)
FN:27,(anonymous_5)
FN:40,(anonymous_6)
FN:47,(anonymous_7)
FN:55,(anonymous_8)
FNF:5
FNH:5
FNDA:5,(anonymous_4)
FNDA:1,(anonymous_5)
FNDA:1,(anonymous_6)
FNDA:1,(anonymous_7)
FNDA:1,(anonymous_8)
DA:1,3
DA:10,3
DA:11,3
DA:12,3
DA:14,3
DA:15,3
DA:18,3
DA:20,5
DA:21,5
DA:27,3
DA:28,1
DA:34,1
DA:36,1
DA:40,1
DA:47,3
DA:48,1
DA:49,1
DA:55,3
DA:61,1
DA:62,1
LF:20
LH:20
BRF:0
BRH:0
end_of_record
TN:
SF:src/modules/support/gateway/support.gateway.ts
FN:15,(anonymous_4)
FN:23,(anonymous_5)
FNF:2
FNH:2
FNDA:1,(anonymous_4)
FNDA:1,(anonymous_5)
DA:1,1
DA:8,1
DA:11,1
DA:12,1
DA:15,1
DA:19,1
DA:20,1
DA:24,1
LF:8
LH:8
BRF:0
BRH:0
end_of_record
TN:
SF:src/modules/support/models/message.model.ts
FNF:0
FNH:0
DA:1,8
DA:2,8
DA:7,8
DA:9,8
DA:12,8
DA:15,8
DA:18,8
DA:21,8
LF:8
LH:8
BRF:0
BRH:0
end_of_record
TN:
SF:src/modules/support/models/support-request.model.ts
FNF:0
FNH:0
DA:1,8
DA:2,8
DA:3,8
DA:4,8
DA:9,8
DA:11,8
DA:14,8
DA:17,8
DA:20,8
DA:23,8
DA:28,8
LF:11
LH:11
BRF:0
BRH:0
end_of_record
TN:
SF:src/modules/support/services/support-request-client.service.ts
FN:19,(anonymous_4)
FN:24,(anonymous_5)
FN:44,(anonymous_6)
FN:48,(anonymous_7)
FN:60,(anonymous_8)
FN:65,(anonymous_9)
FNF:6
FNH:6
FNDA:7,(anonymous_4)
FNDA:1,(anonymous_5)
FNDA:2,(anonymous_6)
FNDA:2,(anonymous_7)
FNDA:2,(anonymous_8)
FNDA:2,(anonymous_9)
DA:1,4
DA:7,4
DA:8,4
DA:9,4
DA:16,4
DA:21,7
DA:27,1
DA:34,1
DA:41,1
DA:45,2
DA:48,1
DA:49,2
DA:54,1
DA:57,1
DA:63,2
DA:64,1
DA:65,2
LF:17
LH:17
BRDA:49,0,0,1
BRDA:50,1,0,2
BRDA:50,1,1,2
BRDA:50,1,2,2
BRDA:65,2,0,2
BRDA:65,2,1,1
BRF:6
BRH:6
end_of_record
TN:
SF:src/modules/support/services/support-request-employee.service.ts
FN:14,(anonymous_4)
FN:19,(anonymous_5)
FN:23,(anonymous_6)
FN:35,(anonymous_7)
FN:40,(anonymous_8)
FN:44,(anonymous_9)
FNF:6
FNH:6
FNDA:8,(anonymous_4)
FNDA:2,(anonymous_5)
FNDA:2,(anonymous_6)
FNDA:2,(anonymous_7)
FNDA:2,(anonymous_8)
FNDA:2,(anonymous_9)
DA:1,4
DA:3,4
DA:4,4
DA:5,4
DA:11,4
DA:16,8
DA:20,2
DA:23,1
DA:24,2
DA:29,1
DA:32,1
DA:38,2
DA:39,1
DA:40,2
DA:45,2
LF:15
LH:15
BRDA:24,0,0,1
BRDA:25,1,0,2
BRDA:25,1,1,2
BRDA:25,1,2,1
BRDA:40,2,0,2
BRDA:40,2,1,1
BRF:6
BRH:6
end_of_record
TN:
SF:src/modules/support/services/support-request.service.ts
FN:19,(anonymous_4)
FN:25,(anonymous_5)
FN:36,(anonymous_6)
FN:48,(anonymous_7)
FN:56,(anonymous_8)
FN:69,(anonymous_9)
FN:89,(anonymous_10)
FN:106,(anonymous_11)
FN:115,(anonymous_12)
FN:119,(anonymous_13)
FNF:10
FNH:10
FNDA:15,(anonymous_4)
FNDA:2,(anonymous_5)
FNDA:3,(anonymous_6)
FNDA:3,(anonymous_7)
FNDA:3,(anonymous_8)
FNDA:4,(anonymous_9)
FNDA:2,(anonymous_10)
FNDA:2,(anonymous_11)
FNDA:1,(anonymous_12)
FNDA:1,(anonymous_13)
DA:1,6
DA:7,6
DA:8,6
DA:9,6
DA:13,6
DA:14,6
DA:18,6
DA:21,15
DA:22,15
DA:28,2
DA:33,2
DA:37,3
DA:38,3
DA:40,3
DA:42,3
DA:48,3
DA:57,3
DA:58,3
DA:60,3
DA:62,3
DA:69,3
DA:71,4
DA:72,4
DA:90,2
DA:93,1
DA:95,1
DA:96,1
DA:97,1
DA:99,1
DA:100,1
DA:102,1
DA:103,1
DA:109,2
DA:112,1
DA:118,1
DA:119,1
LF:36
LH:36
BRDA:29,0,0,2
BRDA:29,0,1,2
BRDA:37,1,0,1
BRDA:37,2,0,1
BRDA:40,3,0,2
BRDA:57,4,0,1
BRDA:57,5,0,1
BRDA:60,6,0,2
BRDA:71,7,0,0
BRDA:71,7,1,4
BRDA:77,8,0,4
BRDA:77,8,1,0
BRF:12
BRH:10
end_of_record
TN:
SF:src/modules/users/users.controller.ts
FN:18,(anonymous_4)
FN:23,(anonymous_5)
FN:51,(anonymous_6)
FNF:3
FNH:3
FNDA:11,(anonymous_4)
FNDA:6,(anonymous_5)
FNDA:4,(anonymous_6)
DA:1,4
DA:9,4
DA:10,4
DA:11,4
DA:12,4
DA:13,4
DA:14,4
DA:17,4
DA:18,11
DA:23,4
DA:24,6
DA:25,6
DA:26,1
DA:32,5
DA:34,5
DA:35,5
DA:36,1
DA:38,4
DA:39,2
DA:44,2
DA:51,4
DA:52,4
DA:53,4
DA:54,1
DA:60,3
DA:62,3
DA:63,3
DA:64,1
DA:66,2
DA:67,1
DA:72,1
LF:31
LH:31
BRDA:25,0,0,1
BRDA:25,1,0,6
BRDA:25,1,1,6
BRDA:25,1,2,5
BRDA:25,1,3,5
BRDA:25,1,4,5
BRDA:38,2,0,2
BRDA:53,3,0,1
BRDA:53,4,0,4
BRDA:53,4,1,4
BRDA:53,4,2,3
BRDA:53,4,3,3
BRDA:66,5,0,1
BRF:13
BRH:13
end_of_record
TN:
SF:src/modules/users/users.module.ts
FNF:0
FNH:0
DA:1,3
DA:2,3
DA:3,3
DA:4,3
DA:5,3
DA:15,3
LF:6
LH:6
BRF:0
BRH:0
end_of_record
TN:
SF:src/modules/users/users.service.ts
FN:11,(anonymous_4)
FN:15,(anonymous_5)
FN:52,(anonymous_6)
FN:89,(anonymous_7)
FN:93,(anonymous_8)
FN:97,(anonymous_9)
FN:101,(anonymous_10)
FNF:7
FNH:7
FNDA:19,(anonymous_4)
FNDA:3,(anonymous_5)
FNDA:3,(anonymous_6)
FNDA:4,(anonymous_7)
FNDA:9,(anonymous_8)
FNDA:5,(anonymous_9)
FNDA:4,(anonymous_10)
DA:1,8
DA:3,8
DA:4,8
DA:5,8
DA:6,8
DA:7,8
DA:10,8
DA:12,19
DA:16,3
DA:17,3
DA:18,2
DA:21,2
DA:22,1
DA:28,1
DA:30,1
DA:38,1
DA:39,1
DA:41,2
DA:42,1
DA:47,1
DA:53,3
DA:54,3
DA:55,3
DA:58,3
DA:59,1
DA:65,2
DA:67,2
DA:75,2
DA:76,1
DA:78,2
DA:79,1
DA:84,1
DA:90,4
DA:94,9
DA:98,5
DA:102,4
DA:104,4
DA:106,4
DA:108,4
DA:109,2
DA:113,2
DA:116,4
LF:42
LH:42
BRDA:21,0,0,1
BRDA:21,1,0,2
BRDA:21,1,1,1
BRDA:41,2,0,1
BRDA:41,2,1,1
BRDA:58,3,0,1
BRDA:58,4,0,3
BRDA:58,4,1,2
BRDA:78,5,0,1
BRDA:78,5,1,1
BRDA:104,6,0,3
BRDA:106,7,0,2
BRDA:108,8,0,2
BRDA:108,9,0,4
BRDA:108,9,1,2
BRDA:118,10,0,3
BRDA:118,10,1,3
BRDA:119,11,0,3
BRDA:119,11,1,0
BRF:19
BRH:18
end_of_record
TN:
SF:src/modules/users/dto/index.ts
FNF:0
FNH:0
DA:3,4
DA:22,4
DA:24,4
DA:27,4
DA:30,4
DA:34,4
DA:38,4
LF:7
LH:7
BRF:0
BRH:0
end_of_record
TN:
SF:src/modules/users/models/user.model.ts
FNF:0
FNH:0
DA:1,15
DA:7,15
DA:9,15
DA:12,15
DA:15,15
DA:18,15
DA:21,15
DA:24,15
LF:8
LH:8
BRF:0
BRH:0
end_of_record
